<?xml version="1.0" encoding="UTF-8"?>
<testsuites name="Mobile Automation Test Suite" time="699" tests="2" failures="6" errors="0">
   <testsuite name="Mobile Automation Test Suite" tests="2" failures="6" errors="0" time="699" timestamp="2017-08-23 16:57:12" hostname="Sahil.Dheer - suslap-2015-112.sus.local" id="Test Suites/Mobile Automation Test Suite">
      <properties>
         <property name="deviceName" value=""/>
         <property name="devicePlatform" value=""/>
         <property name="logFolder" value="E:\\Katalon_Studio_Windows_64-4.7.1\\Mobile Automation\\Reports\\Mobile Automation Test Suite\\20170823_165710"/>
         <property name="logFiles" value="E:\\Katalon_Studio_Windows_64-4.7.1\\Mobile Automation\\Reports\\Mobile Automation Test Suite\\20170823_165710\\appium.log, E:\\Katalon_Studio_Windows_64-4.7.1\\Mobile Automation\\Reports\\Mobile Automation Test Suite\\20170823_165710\\execution0.log"/>
         <property name="attachments" value=""/>
         <property name="hostName" value="Sahil.Dheer - suslap-2015-112.sus.local"/>
         <property name="hostAddress" value="192.168.56.1"/>
         <property name="os" value="Windows 7 64bit"/>
         <property name="katalonVersion" value="4.7.1.1"/>
         <property name="appiumVersion" value="1.6.5"/>
      </properties>
      <testcase name="Test Cases/PreLogIn" classname="Test Cases/PreLogIn" status="PASSED">
         <system-out><![CDATA[2017-08-23 16:57:13 - [TEST_CASE][PASSED] - Test Cases/PreLogIn: Test Cases/PreLogIn

2017-08-23 16:57:13 - [TEST_STEP][PASSED] - Statement - messageText = null: null

2017-08-23 16:57:13 - [TEST_STEP][PASSED] - Statement - transactionId = null: null

2017-08-23 16:57:13 - [TEST_STEP][PASSED] - startApplication: Started app at: 'E:\app-debug.apk'

2017-08-23 16:58:04 - [MESSAGE][PASSED] - Started app at: 'E:\app-debug.apk'

2017-08-23 16:58:04 - [TEST_STEP][PASSED] - delay: Delayed 30 second(s)

2017-08-23 16:58:34 - [MESSAGE][PASSED] - Delayed 30 second(s)

2017-08-23 16:58:34 - [TEST_STEP][PASSED] - getCurrentOrientation: Current screen orientation of the device is 'portrait'

2017-08-23 16:58:34 - [MESSAGE][PASSED] - Current screen orientation of the device is 'portrait'

2017-08-23 16:58:34 - [TEST_STEP][PASSED] - getDeviceHeight: Current device physical height is 1920

2017-08-23 16:58:34 - [MESSAGE][PASSED] - Current device physical height is 1920

2017-08-23 16:58:34 - [TEST_STEP][PASSED] - getDeviceOS: Device OS name is: 'Android'

2017-08-23 16:58:35 - [MESSAGE][PASSED] - Device OS name is: 'Android'

2017-08-23 16:58:35 - [TEST_STEP][PASSED] - getDeviceOSVersion: Device OS version is: '5.0.1'

2017-08-23 16:58:35 - [MESSAGE][PASSED] - Device OS version is: '5.0.1'

2017-08-23 16:58:35 - [TEST_STEP][PASSED] - delay: Delayed 30 second(s)

2017-08-23 16:59:05 - [MESSAGE][PASSED] - Delayed 30 second(s)

2017-08-23 16:59:05 - [TEST_STEP][PASSED] - Statement - sDeviceVersion = com.kms.katalon.core.mobile.keyword.MobileBuiltInKeywords.getDeviceOSVersion(): Device OS version is: '5.0.1'

2017-08-23 16:59:05 - [MESSAGE][PASSED] - Device OS version is: '5.0.1'

2017-08-23 16:59:05 - [TEST_STEP][PASSED] - Statement - s2 = sDeviceVersion.split("\."): null

2017-08-23 16:59:05 - [TEST_STEP][PASSED] - Statement - s3 = s2[0]: null

2017-08-23 16:59:05 - [TEST_STEP][PASSED] - Statement - iAndroidVersion = java.lang.Integer.parseInt(s3): null

2017-08-23 16:59:05 - [TEST_STEP][PASSED] - getDeviceWidth: Current device physical width is 1080

2017-08-23 16:59:05 - [MESSAGE][PASSED] - Current device physical width is 1080

2017-08-23 16:59:05 - [TEST_STEP][PASSED] - Statement - If (iAndroidVersion > 5): null

2017-08-23 16:59:05 - [TEST_STEP][PASSED] - Statement - Else: null

2017-08-23 16:59:05 - [TEST_STEP][PASSED] - Statement - out.println("Device Version less than 5.0, so no permissions displayed"): null

2017-08-23 16:59:05 - [TEST_STEP][PASSED] - delay: Delayed 120 second(s)

2017-08-23 17:01:05 - [MESSAGE][PASSED] - Delayed 120 second(s)

2017-08-23 17:01:05 - [TEST_STEP][PASSED] - Statement - If (com.kms.katalon.core.mobile.keyword.MobileBuiltInKeywords.verifyElementVisible(com.kms.katalon.core.testobject.ObjectRepository.findTestObject(SCM Mobile/PreLogin/PreLogin Client Logo), 3) == true): null

2017-08-23 17:01:06 - [MESSAGE][PASSED] - Element 'Object Repository/SCM Mobile/PreLogin/PreLogin Client Logo' is visible

2017-08-23 17:01:06 - [TEST_STEP][PASSED] - Statement - out.println("Client Logo is Displayed"): null

2017-08-23 17:01:06 - [TEST_STEP][PASSED] - Statement - If (com.kms.katalon.core.mobile.keyword.MobileBuiltInKeywords.verifyElementVisible(com.kms.katalon.core.testobject.ObjectRepository.findTestObject(SCM Mobile/PreLogin/MoreOptionsMenu), 3) == true): null

2017-08-23 17:01:06 - [MESSAGE][PASSED] - Element 'Object Repository/SCM Mobile/PreLogin/MoreOptionsMenu' is visible

2017-08-23 17:01:06 - [TEST_STEP][PASSED] - Statement - out.println("More Option Icon is Displayed"): null

2017-08-23 17:01:06 - [TEST_STEP][PASSED] - tap: Tapped on element 'Object Repository/SCM Mobile/PreLogin/MoreOptionsMenu'

2017-08-23 17:01:07 - [MESSAGE][PASSED] - Tapped on element 'Object Repository/SCM Mobile/PreLogin/MoreOptionsMenu'

2017-08-23 17:01:07 - [TEST_STEP][PASSED] - Statement - If (com.kms.katalon.core.mobile.keyword.MobileBuiltInKeywords.verifyElementVisible(com.kms.katalon.core.testobject.ObjectRepository.findTestObject(SCM Mobile/PreLogin/MoreOptionsMenu Application CopyRight Text), 3) == true): null

2017-08-23 17:01:09 - [MESSAGE][PASSED] - Element 'Object Repository/SCM Mobile/PreLogin/MoreOptionsMenu Application CopyRight Text' is visible

2017-08-23 17:01:09 - [TEST_STEP][PASSED] - Statement - out.println("Application CopyRight is Displayed"): null

2017-08-23 17:01:09 - [TEST_STEP][PASSED] - Statement - messageText = com.kms.katalon.core.mobile.keyword.MobileBuiltInKeywords.getAttribute(com.kms.katalon.core.testobject.ObjectRepository.findTestObject(SCM Mobile/PreLogin/MoreOptionsMenu Application CopyRight Text), "text", 5, CONTINUE_ON_FAILURE): Element 'Object Repository/SCM Mobile/PreLogin/MoreOptionsMenu Application CopyRight Text' has attribute 'text' is 'Copyright © 2017 Smart Energy Systems | All rights reserved.'

2017-08-23 17:01:09 - [MESSAGE][PASSED] - Element 'Object Repository/SCM Mobile/PreLogin/MoreOptionsMenu Application CopyRight Text' has attribute 'text' is 'Copyright © 2017 Smart Energy Systems | All rights reserved.'

2017-08-23 17:01:09 - [TEST_STEP][PASSED] - Statement - If (messageText.equals("Copyright © 2017 Smart Energy Systems | All rights reserved.")): null

2017-08-23 17:01:09 - [TEST_STEP][PASSED] - Statement - out.println("Copyright © Text is matching with the Expected Text"): null

2017-08-23 17:01:09 - [TEST_STEP][PASSED] - Statement - If (com.kms.katalon.core.mobile.keyword.MobileBuiltInKeywords.verifyElementVisible(com.kms.katalon.core.testobject.ObjectRepository.findTestObject(SCM Mobile/PreLogin/MoreOptionsMenu Application Environment and ReleaseDate), 3) == true): null

2017-08-23 17:01:09 - [MESSAGE][PASSED] - Element 'Object Repository/SCM Mobile/PreLogin/MoreOptionsMenu Application Environment and ReleaseDate' is visible

2017-08-23 17:01:09 - [TEST_STEP][PASSED] - Statement - out.println("Environment and Release Date is Displayed"): null

2017-08-23 17:01:09 - [TEST_STEP][PASSED] - Statement - messageText = com.kms.katalon.core.mobile.keyword.MobileBuiltInKeywords.getAttribute(com.kms.katalon.core.testobject.ObjectRepository.findTestObject(SCM Mobile/PreLogin/MoreOptionsMenu Application Environment and ReleaseDate), "text", 5, CONTINUE_ON_FAILURE): Element 'Object Repository/SCM Mobile/PreLogin/MoreOptionsMenu Application Environment and ReleaseDate' has attribute 'text' is 'QA | 15/June'

2017-08-23 17:01:10 - [MESSAGE][PASSED] - Element 'Object Repository/SCM Mobile/PreLogin/MoreOptionsMenu Application Environment and ReleaseDate' has attribute 'text' is 'QA | 15/June'

2017-08-23 17:01:10 - [TEST_STEP][PASSED] - Statement - If (messageText.equals("QA | 15/June")): null

2017-08-23 17:01:10 - [TEST_STEP][PASSED] - Statement - out.println("Environment and ReleaseDate is matching with the Expeced Text"): null

2017-08-23 17:01:10 - [TEST_STEP][PASSED] - Statement - If (com.kms.katalon.core.mobile.keyword.MobileBuiltInKeywords.verifyElementVisible(com.kms.katalon.core.testobject.ObjectRepository.findTestObject(SCM Mobile/PreLogin/MoreOptionsMenu Application Version), 3) == true): null

2017-08-23 17:01:10 - [MESSAGE][PASSED] - Element 'Object Repository/SCM Mobile/PreLogin/MoreOptionsMenu Application Version' is visible

2017-08-23 17:01:10 - [TEST_STEP][PASSED] - Statement - out.println("Application Version is Displayed"): null

2017-08-23 17:01:10 - [TEST_STEP][PASSED] - Statement - messageText = com.kms.katalon.core.mobile.keyword.MobileBuiltInKeywords.getAttribute(com.kms.katalon.core.testobject.ObjectRepository.findTestObject(SCM Mobile/PreLogin/MoreOptionsMenu Application Version), "text", 5, CONTINUE_ON_FAILURE): Element 'Object Repository/SCM Mobile/PreLogin/MoreOptionsMenu Application Version' has attribute 'text' is 'Version: 6.7'

2017-08-23 17:01:10 - [MESSAGE][PASSED] - Element 'Object Repository/SCM Mobile/PreLogin/MoreOptionsMenu Application Version' has attribute 'text' is 'Version: 6.7'

2017-08-23 17:01:10 - [TEST_STEP][PASSED] - Statement - If (messageText.equals("Version: 6.7")): null

2017-08-23 17:01:10 - [TEST_STEP][PASSED] - Statement - out.println("Application Version is matching with the Expeced Text"): null

2017-08-23 17:01:10 - [TEST_STEP][PASSED] - Statement - If (com.kms.katalon.core.mobile.keyword.MobileBuiltInKeywords.verifyElementVisible(com.kms.katalon.core.testobject.ObjectRepository.findTestObject(SCM Mobile/PreLogin/MoreOptionsMenu Company Logo), 3) == true): null

2017-08-23 17:01:10 - [MESSAGE][PASSED] - Element 'Object Repository/SCM Mobile/PreLogin/MoreOptionsMenu Company Logo' is visible

2017-08-23 17:01:10 - [TEST_STEP][PASSED] - Statement - out.println("Company Logo is Displayed"): null

2017-08-23 17:01:10 - [TEST_STEP][PASSED] - tap: Tapped on element 'Object Repository/SCM Mobile/PreLoginPayBill/PayBillMenu'

2017-08-23 17:01:11 - [MESSAGE][PASSED] - Tapped on element 'Object Repository/SCM Mobile/PreLoginPayBill/PayBillMenu'

2017-08-23 17:01:11 - [TEST_STEP][PASSED] - tap: Tapped on element 'Object Repository/SCM Mobile/PreLoginPayBill/PayBillMenu'

2017-08-23 17:01:13 - [MESSAGE][PASSED] - Tapped on element 'Object Repository/SCM Mobile/PreLoginPayBill/PayBillMenu'

2017-08-23 17:01:13 - [TEST_STEP][PASSED] - setText: Text '00000291' has been set to element 'Object Repository/SCM Mobile/PreLoginPayBill/Customer Account Number TextBox'

2017-08-23 17:01:23 - [MESSAGE][PASSED] - Text '00000291' has been set to element 'Object Repository/SCM Mobile/PreLoginPayBill/Customer Account Number TextBox'

2017-08-23 17:01:23 - [TEST_STEP][PASSED] - setText: Text '999-999-9999' has been set to element 'Object Repository/SCM Mobile/PreLoginPayBill/Customer Mobile Number TextBox'

2017-08-23 17:01:32 - [MESSAGE][PASSED] - Text '999-999-9999' has been set to element 'Object Repository/SCM Mobile/PreLoginPayBill/Customer Mobile Number TextBox'

2017-08-23 17:01:32 - [TEST_STEP][PASSED] - hideKeyboard: Keyboard is hidden

2017-08-23 17:01:37 - [MESSAGE][PASSED] - Keyboard is hidden

2017-08-23 17:01:37 - [TEST_STEP][PASSED] - checkElement: Element 'Object Repository/SCM Mobile/PreLoginPayBill/Agree CheckBox' is checked

2017-08-23 17:01:38 - [MESSAGE][PASSED] - Element 'Object Repository/SCM Mobile/PreLoginPayBill/Agree CheckBox' is checked

2017-08-23 17:01:38 - [TEST_STEP][PASSED] - tap: Tapped on element 'Object Repository/SCM Mobile/PreLoginPayBill/Next Button'

2017-08-23 17:01:40 - [MESSAGE][PASSED] - Tapped on element 'Object Repository/SCM Mobile/PreLoginPayBill/Next Button'

2017-08-23 17:01:40 - [TEST_STEP][PASSED] - tap: Tapped on element 'Object Repository/SCM Mobile/PreLoginPayBill/Make Payment Button'

2017-08-23 17:01:42 - [MESSAGE][PASSED] - Tapped on element 'Object Repository/SCM Mobile/PreLoginPayBill/Make Payment Button'

2017-08-23 17:01:42 - [TEST_STEP][PASSED] - setText: Text '1' has been set to element 'Object Repository/SCM Mobile/PreLoginPayBill/Enter Amount TextBox'

2017-08-23 17:01:51 - [MESSAGE][PASSED] - Text '1' has been set to element 'Object Repository/SCM Mobile/PreLoginPayBill/Enter Amount TextBox'

2017-08-23 17:01:51 - [TEST_STEP][PASSED] - hideKeyboard: Keyboard is hidden

2017-08-23 17:01:56 - [MESSAGE][PASSED] - Keyboard is hidden

2017-08-23 17:01:56 - [TEST_STEP][PASSED] - setText: Text 'Test Card Holder' has been set to element 'Object Repository/SCM Mobile/PreLoginPayBill/Name On Credit Card TextBox'

2017-08-23 17:02:05 - [MESSAGE][PASSED] - Text 'Test Card Holder' has been set to element 'Object Repository/SCM Mobile/PreLoginPayBill/Name On Credit Card TextBox'

2017-08-23 17:02:05 - [TEST_STEP][PASSED] - hideKeyboard: Keyboard is hidden

2017-08-23 17:02:09 - [MESSAGE][PASSED] - Keyboard is hidden

2017-08-23 17:02:09 - [TEST_STEP][PASSED] - setText: Text '5454545454545454' has been set to element 'Object Repository/SCM Mobile/PreLoginPayBill/Credit Card Number'

2017-08-23 17:02:16 - [MESSAGE][PASSED] - Text '5454545454545454' has been set to element 'Object Repository/SCM Mobile/PreLoginPayBill/Credit Card Number'

2017-08-23 17:02:16 - [TEST_STEP][PASSED] - hideKeyboard: Keyboard is hidden

2017-08-23 17:02:21 - [MESSAGE][PASSED] - Keyboard is hidden

2017-08-23 17:02:21 - [TEST_STEP][PASSED] - tap: Tapped on element 'Object Repository/SCM Mobile/PreLoginPayBill/Credit Card Expiry Calendar'

2017-08-23 17:02:22 - [MESSAGE][PASSED] - Tapped on element 'Object Repository/SCM Mobile/PreLoginPayBill/Credit Card Expiry Calendar'

2017-08-23 17:02:22 - [TEST_STEP][PASSED] - tap: Tapped on element 'Object Repository/SCM Mobile/PreLoginPayBill/Credit Card Calendar Ok Button'

2017-08-23 17:02:24 - [MESSAGE][PASSED] - Tapped on element 'Object Repository/SCM Mobile/PreLoginPayBill/Credit Card Calendar Ok Button'

2017-08-23 17:02:24 - [TEST_STEP][PASSED] - setText: Text '123' has been set to element 'Object Repository/SCM Mobile/PreLoginPayBill/Credit Card Security Code TextBox'

2017-08-23 17:02:36 - [MESSAGE][PASSED] - Text '123' has been set to element 'Object Repository/SCM Mobile/PreLoginPayBill/Credit Card Security Code TextBox'

2017-08-23 17:02:36 - [TEST_STEP][PASSED] - hideKeyboard: Keyboard is hidden

2017-08-23 17:02:41 - [MESSAGE][PASSED] - Keyboard is hidden

2017-08-23 17:02:41 - [TEST_STEP][PASSED] - tap: Tapped on element 'Object Repository/SCM Mobile/PreLoginPayBill/Pay Bill Button'

2017-08-23 17:02:42 - [MESSAGE][PASSED] - Tapped on element 'Object Repository/SCM Mobile/PreLoginPayBill/Pay Bill Button'

2017-08-23 17:02:42 - [TEST_STEP][PASSED] - delay: Delayed 40 second(s)

2017-08-23 17:03:22 - [MESSAGE][PASSED] - Delayed 40 second(s)

2017-08-23 17:03:22 - [TEST_STEP][PASSED] - Statement - messageText = com.kms.katalon.core.mobile.keyword.MobileBuiltInKeywords.getAttribute(com.kms.katalon.core.testobject.ObjectRepository.findTestObject(SCM Mobile/PreLoginPayBill/Payment Successful Text), "text", 5, CONTINUE_ON_FAILURE): Element 'Object Repository/SCM Mobile/PreLoginPayBill/Payment Successful Text' has attribute 'text' is 'Payment Successful!'

2017-08-23 17:03:22 - [MESSAGE][PASSED] - Element 'Object Repository/SCM Mobile/PreLoginPayBill/Payment Successful Text' has attribute 'text' is 'Payment Successful!'

2017-08-23 17:03:22 - [TEST_STEP][PASSED] - Statement - transactionId = com.kms.katalon.core.mobile.keyword.MobileBuiltInKeywords.getAttribute(com.kms.katalon.core.testobject.ObjectRepository.findTestObject(SCM Mobile/PreLoginPayBill/Transaction Id Text), "text", 5, CONTINUE_ON_FAILURE): Element 'Object Repository/SCM Mobile/PreLoginPayBill/Transaction Id Text' has attribute 'text' is 'Transaction ID: 40005975824'

2017-08-23 17:03:22 - [MESSAGE][PASSED] - Element 'Object Repository/SCM Mobile/PreLoginPayBill/Transaction Id Text' has attribute 'text' is 'Transaction ID: 40005975824'

2017-08-23 17:03:22 - [TEST_STEP][PASSED] - Statement - If (messageText.equals(null)): null

2017-08-23 17:03:22 - [TEST_STEP][PASSED] - Statement - Else: null

2017-08-23 17:03:22 - [TEST_STEP][PASSED] - Statement - If (messageText.equals("Payment Successful!")): null

2017-08-23 17:03:22 - [TEST_STEP][PASSED] - Statement - out.println("One Time Payment Successful, Transaction Id is : " + transactionId): null

2017-08-23 17:03:22 - [TEST_STEP][PASSED] - tap: Tapped on element 'Object Repository/SCM Mobile/PreLoginPayBill/Ok Button'

2017-08-23 17:03:22 - [MESSAGE][PASSED] - Tapped on element 'Object Repository/SCM Mobile/PreLoginPayBill/Ok Button']]></system-out>
         <system-err><![CDATA[]]></system-err>
      </testcase>
      <testcase name="Test Cases/LogIn" classname="Test Cases/LogIn" status="PASSED">
         <system-out><![CDATA[2017-08-23 17:03:22 - [TEST_CASE][PASSED] - Test Cases/LogIn: Test Cases/LogIn

2017-08-23 17:03:23 - [TEST_STEP][PASSED] - delay: Delayed 30 second(s)

2017-08-23 17:03:53 - [MESSAGE][PASSED] - Delayed 30 second(s)

2017-08-23 17:03:53 - [TEST_STEP][PASSED] - setText: Text 'demo' has been set to element 'Object Repository/SCM Mobile/LogIn/UserName TextBox'

2017-08-23 17:04:00 - [MESSAGE][PASSED] - Text 'demo' has been set to element 'Object Repository/SCM Mobile/LogIn/UserName TextBox'

2017-08-23 17:04:00 - [TEST_STEP][PASSED] - setText: Text 'Smart@2017Demo' has been set to element 'Object Repository/SCM Mobile/LogIn/Password TextBox'

2017-08-23 17:04:14 - [MESSAGE][PASSED] - Text 'Smart@2017Demo' has been set to element 'Object Repository/SCM Mobile/LogIn/Password TextBox'

2017-08-23 17:04:14 - [TEST_STEP][PASSED] - tap: Tapped on element 'Object Repository/SCM Mobile/LogIn/SignIn Button'

2017-08-23 17:04:15 - [MESSAGE][PASSED] - Tapped on element 'Object Repository/SCM Mobile/LogIn/SignIn Button']]></system-out>
         <system-err><![CDATA[]]></system-err>
      </testcase>
      <testcase name="Test Cases/Billing" classname="Test Cases/Billing" status="FAILED">
         <failure type="FAILED" message="Element 'Object Repository/SCM Mobile/LandingPage/Billing Menu' not found"/>
         <system-out><![CDATA[2017-08-23 17:04:15 - [TEST_CASE][FAILED] - Test Cases/Billing: Test Cases/Billing FAILED because (of) Element 'Object Repository/SCM Mobile/LandingPage/Billing Menu' not found

2017-08-23 17:04:16 - [TEST_STEP][PASSED] - Statement - messageText = null: null

2017-08-23 17:04:16 - [TEST_STEP][PASSED] - delay: Delayed 50 second(s)

2017-08-23 17:05:06 - [MESSAGE][PASSED] - Delayed 50 second(s)

2017-08-23 17:05:06 - [TEST_STEP][FAILED] - Statement - If (com.kms.katalon.core.mobile.keyword.MobileBuiltInKeywords.verifyElementVisible(com.kms.katalon.core.testobject.ObjectRepository.findTestObject(SCM Mobile/LandingPage/Billing Menu), 3, CONTINUE_ON_FAILURE) == false): null

2017-08-23 17:05:09 - [MESSAGE][FAILED] - Element 'Object Repository/SCM Mobile/LandingPage/Billing Menu' not found

2017-08-23 17:05:09 - [TEST_STEP][PASSED] - Statement - out.println("Billing is not displayed in the Dashboard/Landing Page"): null]]></system-out>
         <system-err><![CDATA[2017-08-23 17:04:15 - [TEST_CASE][FAILED] - Test Cases/Billing: Test Cases/Billing FAILED because (of) Element 'Object Repository/SCM Mobile/LandingPage/Billing Menu' not found]]></system-err>
      </testcase>
      <testcase name="Test Cases/Usage" classname="Test Cases/Usage" status="FAILED">
         <failure type="FAILED" message="Element 'Object Repository/SCM Mobile/LandingPage/Usage Menu' not found"/>
         <system-out><![CDATA[2017-08-23 17:05:09 - [TEST_CASE][FAILED] - Test Cases/Usage: Test Cases/Usage FAILED because (of) Element 'Object Repository/SCM Mobile/LandingPage/Usage Menu' not found

2017-08-23 17:05:09 - [TEST_STEP][PASSED] - Statement - messageText = null: null

2017-08-23 17:05:09 - [TEST_STEP][PASSED] - delay: Delayed 50 second(s)

2017-08-23 17:05:59 - [MESSAGE][PASSED] - Delayed 50 second(s)

2017-08-23 17:05:59 - [TEST_STEP][FAILED] - Statement - If (com.kms.katalon.core.mobile.keyword.MobileBuiltInKeywords.verifyElementVisible(com.kms.katalon.core.testobject.ObjectRepository.findTestObject(SCM Mobile/LandingPage/Usage Menu), 3, CONTINUE_ON_FAILURE) == false): null

2017-08-23 17:06:02 - [MESSAGE][FAILED] - Element 'Object Repository/SCM Mobile/LandingPage/Usage Menu' not found

2017-08-23 17:06:02 - [TEST_STEP][PASSED] - Statement - out.println("Usage is not displayed in the Dashboard/Landing Page"): null]]></system-out>
         <system-err><![CDATA[2017-08-23 17:05:09 - [TEST_CASE][FAILED] - Test Cases/Usage: Test Cases/Usage FAILED because (of) Element 'Object Repository/SCM Mobile/LandingPage/Usage Menu' not found]]></system-err>
      </testcase>
      <testcase name="Test Cases/Outages" classname="Test Cases/Outages" status="FAILED">
         <failure type="FAILED" message="Element 'Object Repository/SCM Mobile/LandingPage/Outages Menu' not found"/>
         <system-out><![CDATA[2017-08-23 17:06:02 - [TEST_CASE][FAILED] - Test Cases/Outages: Test Cases/Outages FAILED because (of) Element 'Object Repository/SCM Mobile/LandingPage/Outages Menu' not found

2017-08-23 17:06:03 - [TEST_STEP][PASSED] - Statement - sOutageTitleOnListOutagesPage = null: null

2017-08-23 17:06:03 - [TEST_STEP][PASSED] - Statement - sOutageTitleOnOutagesDetailsPage = null: null

2017-08-23 17:06:03 - [TEST_STEP][PASSED] - Statement - bResult = false: null

2017-08-23 17:06:03 - [TEST_STEP][PASSED] - delay: Delayed 50 second(s)

2017-08-23 17:06:53 - [MESSAGE][PASSED] - Delayed 50 second(s)

2017-08-23 17:06:53 - [TEST_STEP][FAILED] - Statement - If (com.kms.katalon.core.mobile.keyword.MobileBuiltInKeywords.verifyElementVisible(com.kms.katalon.core.testobject.ObjectRepository.findTestObject(SCM Mobile/LandingPage/Outages Menu), 3, CONTINUE_ON_FAILURE) == false): null

2017-08-23 17:06:56 - [MESSAGE][FAILED] - Element 'Object Repository/SCM Mobile/LandingPage/Outages Menu' not found

2017-08-23 17:06:56 - [TEST_STEP][PASSED] - Statement - out.println("Outages is not displayed in the Dashboard/Landing Page"): null

2017-08-23 17:06:56 - [TEST_STEP][PASSED] - Statement - If (bResult == true): null]]></system-out>
         <system-err><![CDATA[2017-08-23 17:06:02 - [TEST_CASE][FAILED] - Test Cases/Outages: Test Cases/Outages FAILED because (of) Element 'Object Repository/SCM Mobile/LandingPage/Outages Menu' not found]]></system-err>
      </testcase>
      <testcase name="Test Cases/Notifications" classname="Test Cases/Notifications" status="FAILED">
         <failure type="FAILED" message="Element 'Object Repository/SCM Mobile/LandingPage/Notifications Menu' not found"/>
         <system-out><![CDATA[2017-08-23 17:06:56 - [TEST_CASE][FAILED] - Test Cases/Notifications: Test Cases/Notifications FAILED because (of) Element 'Object Repository/SCM Mobile/LandingPage/Notifications Menu' not found

2017-08-23 17:06:56 - [TEST_STEP][PASSED] - Statement - messageText = null: null

2017-08-23 17:06:56 - [TEST_STEP][PASSED] - delay: Delayed 50 second(s)

2017-08-23 17:07:46 - [MESSAGE][PASSED] - Delayed 50 second(s)

2017-08-23 17:07:46 - [TEST_STEP][FAILED] - Statement - If (com.kms.katalon.core.mobile.keyword.MobileBuiltInKeywords.verifyElementVisible(com.kms.katalon.core.testobject.ObjectRepository.findTestObject(SCM Mobile/LandingPage/Notifications Menu), 3, CONTINUE_ON_FAILURE) == false): null

2017-08-23 17:07:49 - [MESSAGE][FAILED] - Element 'Object Repository/SCM Mobile/LandingPage/Notifications Menu' not found

2017-08-23 17:07:49 - [TEST_STEP][PASSED] - Statement - out.println("Notifications is not displayed in the Dashboard/Landing Page"): null]]></system-out>
         <system-err><![CDATA[2017-08-23 17:06:56 - [TEST_CASE][FAILED] - Test Cases/Notifications: Test Cases/Notifications FAILED because (of) Element 'Object Repository/SCM Mobile/LandingPage/Notifications Menu' not found]]></system-err>
      </testcase>
      <testcase name="Test Cases/Compare" classname="Test Cases/Compare" status="FAILED">
         <failure type="FAILED" message="Element 'Object Repository/SCM Mobile/LandingPage/Compare Menu' not found"/>
         <system-out><![CDATA[2017-08-23 17:07:49 - [TEST_CASE][FAILED] - Test Cases/Compare: Test Cases/Compare FAILED because (of) Element 'Object Repository/SCM Mobile/LandingPage/Compare Menu' not found

2017-08-23 17:07:49 - [TEST_STEP][PASSED] - delay: Delayed 50 second(s)

2017-08-23 17:08:39 - [MESSAGE][PASSED] - Delayed 50 second(s)

2017-08-23 17:08:39 - [TEST_STEP][PASSED] - swipe: Swiped from 800,1,615 to 400,1,615

2017-08-23 17:08:40 - [MESSAGE][PASSED] - Swiped from 800,1,615 to 400,1,615

2017-08-23 17:08:40 - [TEST_STEP][FAILED] - Statement - If (com.kms.katalon.core.mobile.keyword.MobileBuiltInKeywords.verifyElementVisible(com.kms.katalon.core.testobject.ObjectRepository.findTestObject(SCM Mobile/LandingPage/Compare Menu), 3, CONTINUE_ON_FAILURE) == false): null

2017-08-23 17:08:43 - [MESSAGE][FAILED] - Element 'Object Repository/SCM Mobile/LandingPage/Compare Menu' not found

2017-08-23 17:08:43 - [TEST_STEP][PASSED] - Statement - out.println("Compare is not displayed in the Dashboard/Landing Page"): null]]></system-out>
         <system-err><![CDATA[2017-08-23 17:07:49 - [TEST_CASE][FAILED] - Test Cases/Compare: Test Cases/Compare FAILED because (of) Element 'Object Repository/SCM Mobile/LandingPage/Compare Menu' not found]]></system-err>
      </testcase>
      <testcase name="Test Cases/Electric Vehicle" classname="Test Cases/Electric Vehicle" status="FAILED">
         <failure type="FAILED" message="Element 'Object Repository/SCM Mobile/LandingPage/EV Menu' not found"/>
         <system-out><![CDATA[2017-08-23 17:08:43 - [TEST_CASE][FAILED] - Test Cases/Electric Vehicle: Test Cases/Electric Vehicle FAILED because (of) Element 'Object Repository/SCM Mobile/LandingPage/EV Menu' not found

2017-08-23 17:08:43 - [TEST_STEP][PASSED] - Statement - messageText = null: null

2017-08-23 17:08:43 - [TEST_STEP][PASSED] - Statement - bResult = false: null

2017-08-23 17:08:43 - [TEST_STEP][PASSED] - Statement - bResult1 = true: null

2017-08-23 17:08:43 - [TEST_STEP][PASSED] - Statement - sCar = null: null

2017-08-23 17:08:44 - [TEST_STEP][FAILED] - Statement - If (com.kms.katalon.core.mobile.keyword.MobileBuiltInKeywords.verifyElementVisible(com.kms.katalon.core.testobject.ObjectRepository.findTestObject(SCM Mobile/LandingPage/EV Menu), 3, CONTINUE_ON_FAILURE) == false): null

2017-08-23 17:08:47 - [MESSAGE][FAILED] - Element 'Object Repository/SCM Mobile/LandingPage/EV Menu' not found

2017-08-23 17:08:47 - [TEST_STEP][PASSED] - Statement - out.println("EV is not displayed in the Dashboard/Landing Page"): null]]></system-out>
         <system-err><![CDATA[2017-08-23 17:08:43 - [TEST_CASE][FAILED] - Test Cases/Electric Vehicle: Test Cases/Electric Vehicle FAILED because (of) Element 'Object Repository/SCM Mobile/LandingPage/EV Menu' not found]]></system-err>
      </testcase>
      <system-out><![CDATA[2017-08-23 16:57:12 - [TEST_SUITE][FAILED] - Mobile Automation Test Suite: Test Cases/Billing FAILED because (of) Element 'Object Repository/SCM Mobile/LandingPage/Billing Menu' not found]]></system-out>
      <system-err><![CDATA[2017-08-23 16:57:12 - [TEST_SUITE][FAILED] - Mobile Automation Test Suite: Test Cases/Billing FAILED because (of) Element 'Object Repository/SCM Mobile/LandingPage/Billing Menu' not found]]></system-err>
   </testsuite>
</testsuites>
