<?xml version="1.0" encoding="UTF-8"?>
<testsuites name="Mobile Automation Test Suite" time="2573" tests="8" failures="2" errors="0">
   <testsuite name="Mobile Automation Test Suite" tests="8" failures="2" errors="0" time="2573" timestamp="2017-08-23 14:25:12" hostname="Sahil.Dheer - suslap-2015-112.sus.local" id="Test Suites/Mobile Automation Test Suite">
      <properties>
         <property name="deviceName" value=""/>
         <property name="devicePlatform" value=""/>
         <property name="logFolder" value="E:\\Katalon_Studio_Windows_64-4.7.1\\Mobile Automation\\Reports\\Mobile Automation Test Suite\\20170823_142510"/>
         <property name="logFiles" value="E:\\Katalon_Studio_Windows_64-4.7.1\\Mobile Automation\\Reports\\Mobile Automation Test Suite\\20170823_142510\\appium.log, E:\\Katalon_Studio_Windows_64-4.7.1\\Mobile Automation\\Reports\\Mobile Automation Test Suite\\20170823_142510\\execution0.log"/>
         <property name="attachments" value=""/>
         <property name="hostName" value="Sahil.Dheer - suslap-2015-112.sus.local"/>
         <property name="hostAddress" value="192.168.56.1"/>
         <property name="os" value="Windows 7 64bit"/>
         <property name="katalonVersion" value="4.7.1.1"/>
         <property name="appiumVersion" value="1.6.5"/>
      </properties>
      <testcase name="Test Cases/PreLogIn" classname="Test Cases/PreLogIn" status="PASSED">
         <system-out><![CDATA[2017-08-23 14:25:12 - [TEST_CASE][PASSED] - Test Cases/PreLogIn: Test Cases/PreLogIn

2017-08-23 14:25:13 - [TEST_STEP][PASSED] - Statement - messageText = null: null

2017-08-23 14:25:13 - [TEST_STEP][PASSED] - Statement - transactionId = null: null

2017-08-23 14:25:13 - [TEST_STEP][PASSED] - startApplication: Started app at: 'E:\app-debug.apk'

2017-08-23 14:26:03 - [MESSAGE][PASSED] - Started app at: 'E:\app-debug.apk'

2017-08-23 14:26:03 - [TEST_STEP][PASSED] - delay: Delayed 30 second(s)

2017-08-23 14:26:33 - [MESSAGE][PASSED] - Delayed 30 second(s)

2017-08-23 14:26:33 - [TEST_STEP][PASSED] - getCurrentOrientation: Current screen orientation of the device is 'portrait'

2017-08-23 14:26:33 - [MESSAGE][PASSED] - Current screen orientation of the device is 'portrait'

2017-08-23 14:26:33 - [TEST_STEP][PASSED] - getDeviceHeight: Current device physical height is 1920

2017-08-23 14:26:34 - [MESSAGE][PASSED] - Current device physical height is 1920

2017-08-23 14:26:34 - [TEST_STEP][PASSED] - getDeviceOS: Device OS name is: 'Android'

2017-08-23 14:26:34 - [MESSAGE][PASSED] - Device OS name is: 'Android'

2017-08-23 14:26:34 - [TEST_STEP][PASSED] - getDeviceOSVersion: Device OS version is: '5.0.1'

2017-08-23 14:26:34 - [MESSAGE][PASSED] - Device OS version is: '5.0.1'

2017-08-23 14:26:34 - [TEST_STEP][PASSED] - delay: Delayed 30 second(s)

2017-08-23 14:27:04 - [MESSAGE][PASSED] - Delayed 30 second(s)

2017-08-23 14:27:04 - [TEST_STEP][PASSED] - Statement - sDeviceVersion = com.kms.katalon.core.mobile.keyword.MobileBuiltInKeywords.getDeviceOSVersion(): Device OS version is: '5.0.1'

2017-08-23 14:27:04 - [MESSAGE][PASSED] - Device OS version is: '5.0.1'

2017-08-23 14:27:04 - [TEST_STEP][PASSED] - Statement - s2 = sDeviceVersion.split("\."): null

2017-08-23 14:27:04 - [TEST_STEP][PASSED] - Statement - s3 = s2[0]: null

2017-08-23 14:27:04 - [TEST_STEP][PASSED] - Statement - iAndroidVersion = java.lang.Integer.parseInt(s3): null

2017-08-23 14:27:04 - [TEST_STEP][PASSED] - getDeviceWidth: Current device physical width is 1080

2017-08-23 14:27:04 - [MESSAGE][PASSED] - Current device physical width is 1080

2017-08-23 14:27:04 - [TEST_STEP][PASSED] - Statement - If (iAndroidVersion > 5): null

2017-08-23 14:27:04 - [TEST_STEP][PASSED] - Statement - Else: null

2017-08-23 14:27:04 - [TEST_STEP][PASSED] - Statement - out.println("Device Version less than 5.0, so no permissions displayed"): null

2017-08-23 14:27:04 - [TEST_STEP][PASSED] - delay: Delayed 120 second(s)

2017-08-23 14:29:04 - [MESSAGE][PASSED] - Delayed 120 second(s)

2017-08-23 14:29:04 - [TEST_STEP][PASSED] - Statement - If (com.kms.katalon.core.mobile.keyword.MobileBuiltInKeywords.verifyElementVisible(com.kms.katalon.core.testobject.ObjectRepository.findTestObject(SCM Mobile/PreLogin/PreLogin Client Logo), 3) == true): null

2017-08-23 14:29:05 - [MESSAGE][PASSED] - Element 'Object Repository/SCM Mobile/PreLogin/PreLogin Client Logo' is visible

2017-08-23 14:29:05 - [TEST_STEP][PASSED] - Statement - out.println("Client Logo is Displayed"): null

2017-08-23 14:29:05 - [TEST_STEP][PASSED] - Statement - If (com.kms.katalon.core.mobile.keyword.MobileBuiltInKeywords.verifyElementVisible(com.kms.katalon.core.testobject.ObjectRepository.findTestObject(SCM Mobile/PreLogin/MoreOptionsMenu), 3) == true): null

2017-08-23 14:29:06 - [MESSAGE][PASSED] - Element 'Object Repository/SCM Mobile/PreLogin/MoreOptionsMenu' is visible

2017-08-23 14:29:06 - [TEST_STEP][PASSED] - Statement - out.println("More Option Icon is Displayed"): null

2017-08-23 14:29:06 - [TEST_STEP][PASSED] - tap: Tapped on element 'Object Repository/SCM Mobile/PreLogin/MoreOptionsMenu'

2017-08-23 14:29:06 - [MESSAGE][PASSED] - Tapped on element 'Object Repository/SCM Mobile/PreLogin/MoreOptionsMenu'

2017-08-23 14:29:06 - [TEST_STEP][PASSED] - Statement - If (com.kms.katalon.core.mobile.keyword.MobileBuiltInKeywords.verifyElementVisible(com.kms.katalon.core.testobject.ObjectRepository.findTestObject(SCM Mobile/PreLogin/MoreOptionsMenu Application CopyRight Text), 3) == true): null

2017-08-23 14:29:08 - [MESSAGE][PASSED] - Element 'Object Repository/SCM Mobile/PreLogin/MoreOptionsMenu Application CopyRight Text' is visible

2017-08-23 14:29:08 - [TEST_STEP][PASSED] - Statement - out.println("Application CopyRight is Displayed"): null

2017-08-23 14:29:08 - [TEST_STEP][PASSED] - Statement - messageText = com.kms.katalon.core.mobile.keyword.MobileBuiltInKeywords.getAttribute(com.kms.katalon.core.testobject.ObjectRepository.findTestObject(SCM Mobile/PreLogin/MoreOptionsMenu Application CopyRight Text), "text", 5, CONTINUE_ON_FAILURE): Element 'Object Repository/SCM Mobile/PreLogin/MoreOptionsMenu Application CopyRight Text' has attribute 'text' is 'Copyright © 2017 Smart Energy Systems | All rights reserved.'

2017-08-23 14:29:08 - [MESSAGE][PASSED] - Element 'Object Repository/SCM Mobile/PreLogin/MoreOptionsMenu Application CopyRight Text' has attribute 'text' is 'Copyright © 2017 Smart Energy Systems | All rights reserved.'

2017-08-23 14:29:08 - [TEST_STEP][PASSED] - Statement - If (messageText.equals("Copyright © 2017 Smart Energy Systems | All rights reserved.")): null

2017-08-23 14:29:08 - [TEST_STEP][PASSED] - Statement - out.println("Copyright © Text is matching with the Expected Text"): null

2017-08-23 14:29:08 - [TEST_STEP][PASSED] - Statement - If (com.kms.katalon.core.mobile.keyword.MobileBuiltInKeywords.verifyElementVisible(com.kms.katalon.core.testobject.ObjectRepository.findTestObject(SCM Mobile/PreLogin/MoreOptionsMenu Application Environment and ReleaseDate), 3) == true): null

2017-08-23 14:29:09 - [MESSAGE][PASSED] - Element 'Object Repository/SCM Mobile/PreLogin/MoreOptionsMenu Application Environment and ReleaseDate' is visible

2017-08-23 14:29:09 - [TEST_STEP][PASSED] - Statement - out.println("Environment and Release Date is Displayed"): null

2017-08-23 14:29:09 - [TEST_STEP][PASSED] - Statement - messageText = com.kms.katalon.core.mobile.keyword.MobileBuiltInKeywords.getAttribute(com.kms.katalon.core.testobject.ObjectRepository.findTestObject(SCM Mobile/PreLogin/MoreOptionsMenu Application Environment and ReleaseDate), "text", 5, CONTINUE_ON_FAILURE): Element 'Object Repository/SCM Mobile/PreLogin/MoreOptionsMenu Application Environment and ReleaseDate' has attribute 'text' is 'QA | 15/June'

2017-08-23 14:29:09 - [MESSAGE][PASSED] - Element 'Object Repository/SCM Mobile/PreLogin/MoreOptionsMenu Application Environment and ReleaseDate' has attribute 'text' is 'QA | 15/June'

2017-08-23 14:29:09 - [TEST_STEP][PASSED] - Statement - If (messageText.equals("QA | 15/June")): null

2017-08-23 14:29:09 - [TEST_STEP][PASSED] - Statement - out.println("Environment and ReleaseDate is matching with the Expeced Text"): null

2017-08-23 14:29:09 - [TEST_STEP][PASSED] - Statement - If (com.kms.katalon.core.mobile.keyword.MobileBuiltInKeywords.verifyElementVisible(com.kms.katalon.core.testobject.ObjectRepository.findTestObject(SCM Mobile/PreLogin/MoreOptionsMenu Application Version), 3) == true): null

2017-08-23 14:29:09 - [MESSAGE][PASSED] - Element 'Object Repository/SCM Mobile/PreLogin/MoreOptionsMenu Application Version' is visible

2017-08-23 14:29:09 - [TEST_STEP][PASSED] - Statement - out.println("Application Version is Displayed"): null

2017-08-23 14:29:09 - [TEST_STEP][PASSED] - Statement - messageText = com.kms.katalon.core.mobile.keyword.MobileBuiltInKeywords.getAttribute(com.kms.katalon.core.testobject.ObjectRepository.findTestObject(SCM Mobile/PreLogin/MoreOptionsMenu Application Version), "text", 5, CONTINUE_ON_FAILURE): Element 'Object Repository/SCM Mobile/PreLogin/MoreOptionsMenu Application Version' has attribute 'text' is 'Version: 6.7'

2017-08-23 14:29:09 - [MESSAGE][PASSED] - Element 'Object Repository/SCM Mobile/PreLogin/MoreOptionsMenu Application Version' has attribute 'text' is 'Version: 6.7'

2017-08-23 14:29:09 - [TEST_STEP][PASSED] - Statement - If (messageText.equals("Version: 6.7")): null

2017-08-23 14:29:09 - [TEST_STEP][PASSED] - Statement - out.println("Application Version is matching with the Expeced Text"): null

2017-08-23 14:29:09 - [TEST_STEP][PASSED] - Statement - If (com.kms.katalon.core.mobile.keyword.MobileBuiltInKeywords.verifyElementVisible(com.kms.katalon.core.testobject.ObjectRepository.findTestObject(SCM Mobile/PreLogin/MoreOptionsMenu Company Logo), 3) == true): null

2017-08-23 14:29:10 - [MESSAGE][PASSED] - Element 'Object Repository/SCM Mobile/PreLogin/MoreOptionsMenu Company Logo' is visible

2017-08-23 14:29:10 - [TEST_STEP][PASSED] - Statement - out.println("Company Logo is Displayed"): null

2017-08-23 14:29:10 - [TEST_STEP][PASSED] - tap: Tapped on element 'Object Repository/SCM Mobile/PreLoginPayBill/PayBillMenu'

2017-08-23 14:29:10 - [MESSAGE][PASSED] - Tapped on element 'Object Repository/SCM Mobile/PreLoginPayBill/PayBillMenu'

2017-08-23 14:29:10 - [TEST_STEP][PASSED] - tap: Tapped on element 'Object Repository/SCM Mobile/PreLoginPayBill/PayBillMenu'

2017-08-23 14:29:12 - [MESSAGE][PASSED] - Tapped on element 'Object Repository/SCM Mobile/PreLoginPayBill/PayBillMenu'

2017-08-23 14:29:12 - [TEST_STEP][PASSED] - setText: Text '00000291' has been set to element 'Object Repository/SCM Mobile/PreLoginPayBill/Customer Account Number TextBox'

2017-08-23 14:29:23 - [MESSAGE][PASSED] - Text '00000291' has been set to element 'Object Repository/SCM Mobile/PreLoginPayBill/Customer Account Number TextBox'

2017-08-23 14:29:23 - [TEST_STEP][PASSED] - setText: Text '999-999-9999' has been set to element 'Object Repository/SCM Mobile/PreLoginPayBill/Customer Mobile Number TextBox'

2017-08-23 14:29:31 - [MESSAGE][PASSED] - Text '999-999-9999' has been set to element 'Object Repository/SCM Mobile/PreLoginPayBill/Customer Mobile Number TextBox'

2017-08-23 14:29:31 - [TEST_STEP][PASSED] - hideKeyboard: Keyboard is hidden

2017-08-23 14:29:37 - [MESSAGE][PASSED] - Keyboard is hidden

2017-08-23 14:29:37 - [TEST_STEP][PASSED] - checkElement: Element 'Object Repository/SCM Mobile/PreLoginPayBill/Agree CheckBox' is checked

2017-08-23 14:29:37 - [MESSAGE][PASSED] - Element 'Object Repository/SCM Mobile/PreLoginPayBill/Agree CheckBox' is checked

2017-08-23 14:29:37 - [TEST_STEP][PASSED] - tap: Tapped on element 'Object Repository/SCM Mobile/PreLoginPayBill/Next Button'

2017-08-23 14:29:39 - [MESSAGE][PASSED] - Tapped on element 'Object Repository/SCM Mobile/PreLoginPayBill/Next Button'

2017-08-23 14:29:39 - [TEST_STEP][PASSED] - tap: Tapped on element 'Object Repository/SCM Mobile/PreLoginPayBill/Make Payment Button'

2017-08-23 14:29:41 - [MESSAGE][PASSED] - Tapped on element 'Object Repository/SCM Mobile/PreLoginPayBill/Make Payment Button'

2017-08-23 14:29:41 - [TEST_STEP][PASSED] - setText: Text '1' has been set to element 'Object Repository/SCM Mobile/PreLoginPayBill/Enter Amount TextBox'

2017-08-23 14:29:51 - [MESSAGE][PASSED] - Text '1' has been set to element 'Object Repository/SCM Mobile/PreLoginPayBill/Enter Amount TextBox'

2017-08-23 14:29:51 - [TEST_STEP][PASSED] - hideKeyboard: Keyboard is hidden

2017-08-23 14:29:55 - [MESSAGE][PASSED] - Keyboard is hidden

2017-08-23 14:29:55 - [TEST_STEP][PASSED] - setText: Text 'Test Card Holder' has been set to element 'Object Repository/SCM Mobile/PreLoginPayBill/Name On Credit Card TextBox'

2017-08-23 14:30:04 - [MESSAGE][PASSED] - Text 'Test Card Holder' has been set to element 'Object Repository/SCM Mobile/PreLoginPayBill/Name On Credit Card TextBox'

2017-08-23 14:30:04 - [TEST_STEP][PASSED] - hideKeyboard: Keyboard is hidden

2017-08-23 14:30:08 - [MESSAGE][PASSED] - Keyboard is hidden

2017-08-23 14:30:08 - [TEST_STEP][PASSED] - setText: Text '5454545454545454' has been set to element 'Object Repository/SCM Mobile/PreLoginPayBill/Credit Card Number'

2017-08-23 14:30:16 - [MESSAGE][PASSED] - Text '5454545454545454' has been set to element 'Object Repository/SCM Mobile/PreLoginPayBill/Credit Card Number'

2017-08-23 14:30:16 - [TEST_STEP][PASSED] - hideKeyboard: Keyboard is hidden

2017-08-23 14:30:20 - [MESSAGE][PASSED] - Keyboard is hidden

2017-08-23 14:30:20 - [TEST_STEP][PASSED] - tap: Tapped on element 'Object Repository/SCM Mobile/PreLoginPayBill/Credit Card Expiry Calendar'

2017-08-23 14:30:20 - [MESSAGE][PASSED] - Tapped on element 'Object Repository/SCM Mobile/PreLoginPayBill/Credit Card Expiry Calendar'

2017-08-23 14:30:20 - [TEST_STEP][PASSED] - tap: Tapped on element 'Object Repository/SCM Mobile/PreLoginPayBill/Credit Card Calendar Ok Button'

2017-08-23 14:30:22 - [MESSAGE][PASSED] - Tapped on element 'Object Repository/SCM Mobile/PreLoginPayBill/Credit Card Calendar Ok Button'

2017-08-23 14:30:22 - [TEST_STEP][PASSED] - setText: Text '123' has been set to element 'Object Repository/SCM Mobile/PreLoginPayBill/Credit Card Security Code TextBox'

2017-08-23 14:30:33 - [MESSAGE][PASSED] - Text '123' has been set to element 'Object Repository/SCM Mobile/PreLoginPayBill/Credit Card Security Code TextBox'

2017-08-23 14:30:33 - [TEST_STEP][PASSED] - hideKeyboard: Keyboard is hidden

2017-08-23 14:30:38 - [MESSAGE][PASSED] - Keyboard is hidden

2017-08-23 14:30:38 - [TEST_STEP][PASSED] - tap: Tapped on element 'Object Repository/SCM Mobile/PreLoginPayBill/Pay Bill Button'

2017-08-23 14:30:38 - [MESSAGE][PASSED] - Tapped on element 'Object Repository/SCM Mobile/PreLoginPayBill/Pay Bill Button'

2017-08-23 14:30:38 - [TEST_STEP][PASSED] - delay: Delayed 40 second(s)

2017-08-23 14:31:18 - [MESSAGE][PASSED] - Delayed 40 second(s)

2017-08-23 14:31:18 - [TEST_STEP][PASSED] - Statement - messageText = com.kms.katalon.core.mobile.keyword.MobileBuiltInKeywords.getAttribute(com.kms.katalon.core.testobject.ObjectRepository.findTestObject(SCM Mobile/PreLoginPayBill/Payment Successful Text), "text", 5, CONTINUE_ON_FAILURE): Element 'Object Repository/SCM Mobile/PreLoginPayBill/Payment Successful Text' has attribute 'text' is 'Payment Successful!'

2017-08-23 14:31:18 - [MESSAGE][PASSED] - Element 'Object Repository/SCM Mobile/PreLoginPayBill/Payment Successful Text' has attribute 'text' is 'Payment Successful!'

2017-08-23 14:31:18 - [TEST_STEP][PASSED] - Statement - transactionId = com.kms.katalon.core.mobile.keyword.MobileBuiltInKeywords.getAttribute(com.kms.katalon.core.testobject.ObjectRepository.findTestObject(SCM Mobile/PreLoginPayBill/Transaction Id Text), "text", 5, CONTINUE_ON_FAILURE): Element 'Object Repository/SCM Mobile/PreLoginPayBill/Transaction Id Text' has attribute 'text' is 'Transaction ID: 40005974198'

2017-08-23 14:31:19 - [MESSAGE][PASSED] - Element 'Object Repository/SCM Mobile/PreLoginPayBill/Transaction Id Text' has attribute 'text' is 'Transaction ID: 40005974198'

2017-08-23 14:31:19 - [TEST_STEP][PASSED] - Statement - If (messageText.equals(null)): null

2017-08-23 14:31:19 - [TEST_STEP][PASSED] - Statement - Else: null

2017-08-23 14:31:19 - [TEST_STEP][PASSED] - Statement - If (messageText.equals("Payment Successful!")): null

2017-08-23 14:31:19 - [TEST_STEP][PASSED] - Statement - out.println("One Time Payment Successful, Transaction Id is : " + transactionId): null

2017-08-23 14:31:19 - [TEST_STEP][PASSED] - tap: Tapped on element 'Object Repository/SCM Mobile/PreLoginPayBill/Ok Button'

2017-08-23 14:31:19 - [MESSAGE][PASSED] - Tapped on element 'Object Repository/SCM Mobile/PreLoginPayBill/Ok Button']]></system-out>
         <system-err><![CDATA[]]></system-err>
      </testcase>
      <testcase name="Test Cases/LogIn" classname="Test Cases/LogIn" status="PASSED">
         <system-out><![CDATA[2017-08-23 14:31:19 - [TEST_CASE][PASSED] - Test Cases/LogIn: Test Cases/LogIn

2017-08-23 14:31:19 - [TEST_STEP][PASSED] - delay: Delayed 30 second(s)

2017-08-23 14:31:49 - [MESSAGE][PASSED] - Delayed 30 second(s)

2017-08-23 14:31:49 - [TEST_STEP][PASSED] - setText: Text 'demo' has been set to element 'Object Repository/SCM Mobile/LogIn/UserName TextBox'

2017-08-23 14:31:59 - [MESSAGE][PASSED] - Text 'demo' has been set to element 'Object Repository/SCM Mobile/LogIn/UserName TextBox'

2017-08-23 14:31:59 - [TEST_STEP][PASSED] - setText: Text 'Smart@2017Demo' has been set to element 'Object Repository/SCM Mobile/LogIn/Password TextBox'

2017-08-23 14:32:13 - [MESSAGE][PASSED] - Text 'Smart@2017Demo' has been set to element 'Object Repository/SCM Mobile/LogIn/Password TextBox'

2017-08-23 14:32:13 - [TEST_STEP][PASSED] - tap: Tapped on element 'Object Repository/SCM Mobile/LogIn/SignIn Button'

2017-08-23 14:32:14 - [MESSAGE][PASSED] - Tapped on element 'Object Repository/SCM Mobile/LogIn/SignIn Button']]></system-out>
         <system-err><![CDATA[]]></system-err>
      </testcase>
      <testcase name="Test Cases/LandingPage" classname="Test Cases/LandingPage" status="PASSED">
         <system-out><![CDATA[2017-08-23 14:32:14 - [TEST_CASE][PASSED] - Test Cases/LandingPage: Test Cases/LandingPage

2017-08-23 14:32:15 - [TEST_STEP][PASSED] - delay: Delayed 50 second(s)

2017-08-23 14:33:05 - [MESSAGE][PASSED] - Delayed 50 second(s)

2017-08-23 14:33:05 - [TEST_STEP][PASSED] - Statement - driver = com.kms.katalon.core.mobile.keyword.internal.MobileDriverFactory.getDriver(): null

2017-08-23 14:33:05 - [TEST_STEP][PASSED] - Statement - If (driver.findElementById("com.sus.scm_mobile:id/viewSkip").isDisplayed() == true): null

2017-08-23 14:33:05 - [TEST_STEP][PASSED] - Statement - driver.findElementById("com.sus.scm_mobile:id/viewSkip").click(): null

2017-08-23 14:33:07 - [TEST_STEP][PASSED] - delay: Delayed 20 second(s)

2017-08-23 14:33:27 - [MESSAGE][PASSED] - Delayed 20 second(s)

2017-08-23 14:33:27 - [TEST_STEP][PASSED] - Statement - out.println("User First Time Logged in the Application"): null

2017-08-23 14:33:27 - [TEST_STEP][PASSED] - Statement - Try: null

2017-08-23 14:33:27 - [TEST_STEP][PASSED] - Statement - ls = driver.findElementsByClassName("android.widget.TextView"): null

2017-08-23 14:33:27 - [TEST_STEP][PASSED] - Statement - println("Below are the Tabs available on the Dashboard : "): null

2017-08-23 14:33:27 - [TEST_STEP][PASSED] - Statement - For ([index = 0, index < ls.size(), (index++)]): null

2017-08-23 14:33:27 - [TEST_STEP][PASSED] - Statement - println(ls.get(index).getText()): null

2017-08-23 14:33:28 - [TEST_STEP][PASSED] - Statement - println(ls.get(index).getText()): null

2017-08-23 14:33:28 - [TEST_STEP][PASSED] - Statement - println(ls.get(index).getText()): null

2017-08-23 14:33:28 - [TEST_STEP][PASSED] - Statement - println(ls.get(index).getText()): null

2017-08-23 14:33:28 - [TEST_STEP][PASSED] - Statement - println(ls.get(index).getText()): null

2017-08-23 14:33:28 - [TEST_STEP][PASSED] - Statement - println(ls.get(index).getText()): null

2017-08-23 14:33:28 - [TEST_STEP][PASSED] - Statement - println(ls.get(index).getText()): null

2017-08-23 14:33:28 - [TEST_STEP][PASSED] - Statement - println(ls.get(index).getText()): null

2017-08-23 14:33:28 - [TEST_STEP][PASSED] - Statement - println(ls.get(index).getText()): null

2017-08-23 14:33:28 - [TEST_STEP][PASSED] - Statement - println(ls.get(index).getText()): null

2017-08-23 14:33:28 - [TEST_STEP][PASSED] - Statement - println(ls.get(index).getText()): null

2017-08-23 14:33:28 - [TEST_STEP][PASSED] - Statement - println(ls.get(index).getText()): null]]></system-out>
         <system-err><![CDATA[]]></system-err>
      </testcase>
      <testcase name="Test Cases/My Account" classname="Test Cases/My Account" status="PASSED">
         <system-out><![CDATA[2017-08-23 14:33:28 - [TEST_CASE][PASSED] - Test Cases/My Account: Test Cases/My Account

2017-08-23 14:33:29 - [TEST_STEP][PASSED] - Statement - messageText = null: null

2017-08-23 14:33:29 - [TEST_STEP][PASSED] - Statement - If (com.kms.katalon.core.mobile.keyword.MobileBuiltInKeywords.verifyElementVisible(com.kms.katalon.core.testobject.ObjectRepository.findTestObject(SCM Mobile/LandingPage/My Account Menu), 3, CONTINUE_ON_FAILURE) == false): Element 'Object Repository/SCM Mobile/LandingPage/My Account Menu' is visible

2017-08-23 14:33:29 - [MESSAGE][PASSED] - Element 'Object Repository/SCM Mobile/LandingPage/My Account Menu' is visible

2017-08-23 14:33:29 - [TEST_STEP][PASSED] - Statement - Else: Delayed 10 second(s)

2017-08-23 14:33:29 - [TEST_STEP][PASSED] - tap: Tapped on element 'Object Repository/SCM Mobile/LandingPage/My Account Menu'

2017-08-23 14:33:30 - [MESSAGE][PASSED] - Tapped on element 'Object Repository/SCM Mobile/LandingPage/My Account Menu'

2017-08-23 14:33:30 - [TEST_STEP][PASSED] - Statement - driver = com.kms.katalon.core.mobile.keyword.internal.MobileDriverFactory.getDriver(): null

2017-08-23 14:33:30 - [TEST_STEP][PASSED] - Statement - ls = driver.findElementsByClassName("android.widget.TextView"): null

2017-08-23 14:33:33 - [TEST_STEP][PASSED] - Statement - println(ls.size()): null

2017-08-23 14:33:33 - [TEST_STEP][PASSED] - delay: Delayed 20 second(s)

2017-08-23 14:33:53 - [MESSAGE][PASSED] - Delayed 20 second(s)

2017-08-23 14:33:53 - [TEST_STEP][PASSED] - Statement - For ([index = 0, index < ls.size(), (index++)]): null

2017-08-23 14:33:53 - [TEST_STEP][PASSED] - Statement - If (ls.get(index).getText().equals("Profile")): null

2017-08-23 14:33:53 - [TEST_STEP][PASSED] - Statement - If (ls.get(index).getText().equals("Profile")): null

2017-08-23 14:33:53 - [TEST_STEP][PASSED] - Statement - If (ls.get(index).getText().equals("Profile")): Delayed 10 second(s)

2017-08-23 14:33:53 - [TEST_STEP][PASSED] - Comment - "Veryfing My Account - Profile": null

2017-08-23 14:33:53 - [TEST_STEP][PASSED] - tap: Tapped on element 'Object Repository/SCM Mobile/My Account/Profile/My Account - Profile Menu'

2017-08-23 14:33:54 - [MESSAGE][PASSED] - Tapped on element 'Object Repository/SCM Mobile/My Account/Profile/My Account - Profile Menu'

2017-08-23 14:33:54 - [TEST_STEP][PASSED] - delay: Delayed 50 second(s)

2017-08-23 14:34:44 - [MESSAGE][PASSED] - Delayed 50 second(s)

2017-08-23 14:34:44 - [TEST_STEP][PASSED] - clearText: Element 'Object Repository/SCM Mobile/My Account/Profile/My Account - Profile - Alternate Number Text Box' text is cleared

2017-08-23 14:34:47 - [MESSAGE][PASSED] - Element 'Object Repository/SCM Mobile/My Account/Profile/My Account - Profile - Alternate Number Text Box' text is cleared

2017-08-23 14:34:47 - [TEST_STEP][PASSED] - setText: Text '999-999-9999' has been set to element 'Object Repository/SCM Mobile/My Account/Profile/My Account - Profile - Alternate Number Text Box'

2017-08-23 14:34:58 - [MESSAGE][PASSED] - Text '999-999-9999' has been set to element 'Object Repository/SCM Mobile/My Account/Profile/My Account - Profile - Alternate Number Text Box'

2017-08-23 14:34:58 - [TEST_STEP][PASSED] - hideKeyboard: Keyboard is hidden

2017-08-23 14:35:03 - [MESSAGE][PASSED] - Keyboard is hidden

2017-08-23 14:35:03 - [TEST_STEP][PASSED] - tap: Tapped on element 'Object Repository/SCM Mobile/My Account/Profile/My Account - Profile - Save Button'

2017-08-23 14:35:03 - [MESSAGE][PASSED] - Tapped on element 'Object Repository/SCM Mobile/My Account/Profile/My Account - Profile - Save Button'

2017-08-23 14:35:03 - [TEST_STEP][PASSED] - Statement - messageText = com.kms.katalon.core.mobile.keyword.MobileBuiltInKeywords.getAttribute(com.kms.katalon.core.testobject.ObjectRepository.findTestObject(SCM Mobile/My Account/Profile/My Account - Profile - Profile Updation Message Text), "text", 15, CONTINUE_ON_FAILURE): Element 'Object Repository/SCM Mobile/My Account/Profile/My Account - Profile - Profile Updation Message Text' has attribute 'text' is 'Your Profile has been updated successfully.'

2017-08-23 14:35:05 - [MESSAGE][PASSED] - Element 'Object Repository/SCM Mobile/My Account/Profile/My Account - Profile - Profile Updation Message Text' has attribute 'text' is 'Your Profile has been updated successfully.'

2017-08-23 14:35:05 - [TEST_STEP][PASSED] - Statement - If (messageText.equals("Your Profile has been updated successfully.")): null

2017-08-23 14:35:05 - [TEST_STEP][PASSED] - Statement - out.println("Account Update Message Text is matching with the Expeced Text"): null

2017-08-23 14:35:05 - [TEST_STEP][PASSED] - tap: Tapped on element 'Object Repository/SCM Mobile/My Account/Profile/My Account - Profile - Ok Button'

2017-08-23 14:35:06 - [MESSAGE][PASSED] - Tapped on element 'Object Repository/SCM Mobile/My Account/Profile/My Account - Profile - Ok Button'

2017-08-23 14:35:06 - [TEST_STEP][PASSED] - pressBack: Press back button successfully

2017-08-23 14:35:07 - [MESSAGE][PASSED] - Press back button successfully

2017-08-23 14:35:07 - [TEST_STEP][PASSED] - delay: Delayed 10 second(s)

2017-08-23 14:35:17 - [MESSAGE][PASSED] - Delayed 10 second(s)

2017-08-23 14:35:17 - [TEST_STEP][PASSED] - Statement - If (ls.get(index).getText().equals("Profile")): null

2017-08-23 14:35:17 - [TEST_STEP][PASSED] - Statement - If (ls.get(index).getText().equals("Profile")): null

2017-08-23 14:35:17 - [TEST_STEP][PASSED] - Statement - If (ls.get(index).getText().equals("Profile")): null

2017-08-23 14:35:18 - [TEST_STEP][PASSED] - Statement - Else If (ls.get(index).getText().equals("Payment Information")): Delayed 10 second(s)

2017-08-23 14:35:18 - [TEST_STEP][PASSED] - Comment - "Veryfing My Account - Payment Information": null

2017-08-23 14:35:18 - [TEST_STEP][PASSED] - tap: Tapped on element 'Object Repository/SCM Mobile/My Account/Payment Information/My Account - Payment Information Menu'

2017-08-23 14:35:18 - [MESSAGE][PASSED] - Tapped on element 'Object Repository/SCM Mobile/My Account/Payment Information/My Account - Payment Information Menu'

2017-08-23 14:35:18 - [TEST_STEP][PASSED] - delay: Delayed 50 second(s)

2017-08-23 14:36:08 - [MESSAGE][PASSED] - Delayed 50 second(s)

2017-08-23 14:36:08 - [TEST_STEP][PASSED] - tap: Tapped on element 'Object Repository/SCM Mobile/My Account/Payment Information/Add Payment Method Button'

2017-08-23 14:36:08 - [MESSAGE][PASSED] - Tapped on element 'Object Repository/SCM Mobile/My Account/Payment Information/Add Payment Method Button'

2017-08-23 14:36:08 - [TEST_STEP][PASSED] - setText: Text 'John Doe' has been set to element 'Object Repository/SCM Mobile/My Account/Payment Information/Card Holder Name'

2017-08-23 14:36:18 - [MESSAGE][PASSED] - Text 'John Doe' has been set to element 'Object Repository/SCM Mobile/My Account/Payment Information/Card Holder Name'

2017-08-23 14:36:18 - [TEST_STEP][PASSED] - hideKeyboard: Keyboard is hidden

2017-08-23 14:36:23 - [MESSAGE][PASSED] - Keyboard is hidden

2017-08-23 14:36:23 - [TEST_STEP][PASSED] - setText: Text '4111111111111111' has been set to element 'Object Repository/SCM Mobile/My Account/Payment Information/Credit Card Number'

2017-08-23 14:36:31 - [MESSAGE][PASSED] - Text '4111111111111111' has been set to element 'Object Repository/SCM Mobile/My Account/Payment Information/Credit Card Number'

2017-08-23 14:36:31 - [TEST_STEP][PASSED] - tap: Tapped on element 'Object Repository/SCM Mobile/My Account/Payment Information/Calendar Icon'

2017-08-23 14:36:34 - [MESSAGE][PASSED] - Tapped on element 'Object Repository/SCM Mobile/My Account/Payment Information/Calendar Icon'

2017-08-23 14:36:34 - [TEST_STEP][PASSED] - tap: Tapped on element 'Object Repository/SCM Mobile/My Account/Payment Information/Ok Button'

2017-08-23 14:36:36 - [MESSAGE][PASSED] - Tapped on element 'Object Repository/SCM Mobile/My Account/Payment Information/Ok Button'

2017-08-23 14:36:36 - [TEST_STEP][PASSED] - setText: Text '123' has been set to element 'Object Repository/SCM Mobile/My Account/Payment Information/Card Security Code'

2017-08-23 14:36:51 - [MESSAGE][PASSED] - Text '123' has been set to element 'Object Repository/SCM Mobile/My Account/Payment Information/Card Security Code'

2017-08-23 14:36:51 - [TEST_STEP][PASSED] - hideKeyboard: Keyboard is hidden

2017-08-23 14:36:55 - [MESSAGE][PASSED] - Keyboard is hidden

2017-08-23 14:36:55 - [TEST_STEP][PASSED] - tap: Tapped on element 'Object Repository/SCM Mobile/My Account/Payment Information/Add Card Button'

2017-08-23 14:36:57 - [MESSAGE][PASSED] - Tapped on element 'Object Repository/SCM Mobile/My Account/Payment Information/Add Card Button'

2017-08-23 14:36:57 - [TEST_STEP][PASSED] - delay: Delayed 30 second(s)

2017-08-23 14:37:27 - [MESSAGE][PASSED] - Delayed 30 second(s)

2017-08-23 14:37:27 - [TEST_STEP][PASSED] - Statement - messageText = com.kms.katalon.core.mobile.keyword.MobileBuiltInKeywords.getAttribute(com.kms.katalon.core.testobject.ObjectRepository.findTestObject(SCM Mobile/My Account/Payment Information/Payment Method Add Text), "text", 5, CONTINUE_ON_FAILURE): Element 'Object Repository/SCM Mobile/My Account/Payment Information/Payment Method Add Text' has attribute 'text' is 'Your credit card details have been added successfully and will be validated once you choose to make a payment.'

2017-08-23 14:37:27 - [MESSAGE][PASSED] - Element 'Object Repository/SCM Mobile/My Account/Payment Information/Payment Method Add Text' has attribute 'text' is 'Your credit card details have been added successfully and will be validated once you choose to make a payment.'

2017-08-23 14:37:27 - [TEST_STEP][PASSED] - Statement - If (messageText.equals("Your credit card details have been added successfully and will be validated once you choose to make a payment.")): null

2017-08-23 14:37:27 - [TEST_STEP][PASSED] - Statement - out.println("Payment Method Added Successfuly"): null

2017-08-23 14:37:27 - [TEST_STEP][PASSED] - tap: Tapped on element 'Object Repository/SCM Mobile/My Account/Payment Information/Add Payment Method Message Popup Ok Button'

2017-08-23 14:37:27 - [MESSAGE][PASSED] - Tapped on element 'Object Repository/SCM Mobile/My Account/Payment Information/Add Payment Method Message Popup Ok Button'

2017-08-23 14:37:27 - [TEST_STEP][PASSED] - delay: Delayed 40 second(s)

2017-08-23 14:38:08 - [MESSAGE][PASSED] - Delayed 40 second(s)

2017-08-23 14:38:08 - [TEST_STEP][PASSED] - pressBack: Press back button successfully

2017-08-23 14:38:08 - [MESSAGE][PASSED] - Press back button successfully

2017-08-23 14:38:08 - [TEST_STEP][PASSED] - delay: Delayed 10 second(s)

2017-08-23 14:38:18 - [MESSAGE][PASSED] - Delayed 10 second(s)

2017-08-23 14:38:18 - [TEST_STEP][PASSED] - Statement - If (ls.get(index).getText().equals("Profile")): null

2017-08-23 14:38:18 - [TEST_STEP][PASSED] - Statement - If (ls.get(index).getText().equals("Profile")): null

2017-08-23 14:38:18 - [TEST_STEP][PASSED] - Statement - If (ls.get(index).getText().equals("Profile")): null

2017-08-23 14:38:18 - [TEST_STEP][PASSED] - Statement - Else If (ls.get(index).getText().equals("Payment Information")): null

2017-08-23 14:38:18 - [TEST_STEP][PASSED] - Statement - Else If (ls.get(index).getText().equals("Marketing Preferences")): Delayed 10 second(s)

2017-08-23 14:38:18 - [TEST_STEP][PASSED] - Comment - "Veryfing My Account - Marketing Preferences": null

2017-08-23 14:38:18 - [TEST_STEP][PASSED] - tap: Tapped on element 'Object Repository/SCM Mobile/My Account/Marketing Preferences/My Account - Marketing Preferences Menu'

2017-08-23 14:38:19 - [MESSAGE][PASSED] - Tapped on element 'Object Repository/SCM Mobile/My Account/Marketing Preferences/My Account - Marketing Preferences Menu'

2017-08-23 14:38:19 - [TEST_STEP][PASSED] - delay: Delayed 10 second(s)

2017-08-23 14:38:29 - [MESSAGE][PASSED] - Delayed 10 second(s)

2017-08-23 14:38:29 - [TEST_STEP][PASSED] - pressBack: Press back button successfully

2017-08-23 14:38:29 - [MESSAGE][PASSED] - Press back button successfully

2017-08-23 14:38:29 - [TEST_STEP][PASSED] - delay: Delayed 10 second(s)

2017-08-23 14:38:39 - [MESSAGE][PASSED] - Delayed 10 second(s)

2017-08-23 14:38:39 - [TEST_STEP][PASSED] - Statement - If (ls.get(index).getText().equals("Profile")): null

2017-08-23 14:38:40 - [TEST_STEP][PASSED] - Statement - If (ls.get(index).getText().equals("Profile")): null

2017-08-23 14:38:40 - [TEST_STEP][PASSED] - Statement - If (ls.get(index).getText().equals("Profile")): null

2017-08-23 14:38:40 - [TEST_STEP][PASSED] - Statement - Else If (ls.get(index).getText().equals("Payment Information")): null

2017-08-23 14:38:40 - [TEST_STEP][PASSED] - Statement - Else If (ls.get(index).getText().equals("Marketing Preferences")): null

2017-08-23 14:38:40 - [TEST_STEP][PASSED] - Statement - Else If (ls.get(index).getText().equals("About My Home")): Delayed 10 second(s)

2017-08-23 14:38:40 - [TEST_STEP][PASSED] - Comment - "Veryfing My Account - About My Home": null

2017-08-23 14:38:40 - [TEST_STEP][PASSED] - tap: Tapped on element 'Object Repository/SCM Mobile/My Account/About My Home/About My Home Menu'

2017-08-23 14:38:41 - [MESSAGE][PASSED] - Tapped on element 'Object Repository/SCM Mobile/My Account/About My Home/About My Home Menu'

2017-08-23 14:38:41 - [TEST_STEP][PASSED] - delay: Delayed 10 second(s)

2017-08-23 14:38:51 - [MESSAGE][PASSED] - Delayed 10 second(s)

2017-08-23 14:38:51 - [TEST_STEP][PASSED] - pressBack: Press back button successfully

2017-08-23 14:38:52 - [MESSAGE][PASSED] - Press back button successfully

2017-08-23 14:38:52 - [TEST_STEP][PASSED] - delay: Delayed 10 second(s)

2017-08-23 14:39:02 - [MESSAGE][PASSED] - Delayed 10 second(s)

2017-08-23 14:39:02 - [TEST_STEP][PASSED] - Statement - If (ls.get(index).getText().equals("Profile")): null

2017-08-23 14:39:02 - [TEST_STEP][PASSED] - Statement - If (ls.get(index).getText().equals("Profile")): null

2017-08-23 14:39:02 - [TEST_STEP][PASSED] - Statement - If (ls.get(index).getText().equals("Profile")): null

2017-08-23 14:39:02 - [TEST_STEP][PASSED] - Statement - If (ls.get(index).getText().equals("Profile")): null

2017-08-23 14:39:02 - [TEST_STEP][PASSED] - Statement - If (ls.get(index).getText().equals("Profile")): null

2017-08-23 14:39:03 - [TEST_STEP][PASSED] - pressBack: Press back button successfully

2017-08-23 14:39:03 - [MESSAGE][PASSED] - Press back button successfully

2017-08-23 14:39:03 - [TEST_STEP][PASSED] - delay: Delayed 10 second(s)

2017-08-23 14:39:13 - [MESSAGE][PASSED] - Delayed 10 second(s)]]></system-out>
         <system-err><![CDATA[]]></system-err>
      </testcase>
      <testcase name="Test Cases/Billing" classname="Test Cases/Billing" status="PASSED">
         <system-out><![CDATA[2017-08-23 14:39:13 - [TEST_CASE][PASSED] - Test Cases/Billing: Test Cases/Billing

2017-08-23 14:39:13 - [TEST_STEP][PASSED] - Statement - messageText = null: null

2017-08-23 14:39:13 - [TEST_STEP][PASSED] - delay: Delayed 50 second(s)

2017-08-23 14:40:03 - [MESSAGE][PASSED] - Delayed 50 second(s)

2017-08-23 14:40:03 - [TEST_STEP][PASSED] - Statement - If (com.kms.katalon.core.mobile.keyword.MobileBuiltInKeywords.verifyElementVisible(com.kms.katalon.core.testobject.ObjectRepository.findTestObject(SCM Mobile/LandingPage/Billing Menu), 3, CONTINUE_ON_FAILURE) == false): Element 'Object Repository/SCM Mobile/LandingPage/Billing Menu' is visible

2017-08-23 14:40:04 - [MESSAGE][PASSED] - Element 'Object Repository/SCM Mobile/LandingPage/Billing Menu' is visible

2017-08-23 14:40:04 - [TEST_STEP][PASSED] - Statement - Else: Delayed 10 second(s)

2017-08-23 14:40:04 - [TEST_STEP][PASSED] - tap: Tapped on element 'Object Repository/SCM Mobile/LandingPage/Billing Menu'

2017-08-23 14:40:04 - [MESSAGE][PASSED] - Tapped on element 'Object Repository/SCM Mobile/LandingPage/Billing Menu'

2017-08-23 14:40:04 - [TEST_STEP][PASSED] - delay: Delayed 10 second(s)

2017-08-23 14:40:14 - [MESSAGE][PASSED] - Delayed 10 second(s)

2017-08-23 14:40:14 - [TEST_STEP][PASSED] - Statement - driver = com.kms.katalon.core.mobile.keyword.internal.MobileDriverFactory.getDriver(): null

2017-08-23 14:40:14 - [TEST_STEP][PASSED] - Statement - ls = driver.findElementsByClassName("android.widget.TextView"): null

2017-08-23 14:40:15 - [TEST_STEP][PASSED] - Statement - println(ls.size()): null

2017-08-23 14:40:15 - [TEST_STEP][PASSED] - Statement - For ([index = 0, index < ls.size(), (index++)]): null

2017-08-23 14:40:15 - [TEST_STEP][PASSED] - Statement - If (ls.get(index).getText().equals("Utility Bill")): null

2017-08-23 14:40:16 - [TEST_STEP][PASSED] - Statement - If (ls.get(index).getText().equals("Utility Bill")): null

2017-08-23 14:40:16 - [TEST_STEP][PASSED] - Statement - If (ls.get(index).getText().equals("Utility Bill")): Delayed 30 second(s)

2017-08-23 14:40:16 - [TEST_STEP][PASSED] - Comment - "Veryfing Billing - Utility Bill": null

2017-08-23 14:40:16 - [TEST_STEP][PASSED] - delay: Delayed 10 second(s)

2017-08-23 14:40:26 - [MESSAGE][PASSED] - Delayed 10 second(s)

2017-08-23 14:40:26 - [TEST_STEP][PASSED] - tap: Tapped on element 'Object Repository/SCM Mobile/Billing/Utility Bill/Utility Bill Menu'

2017-08-23 14:40:26 - [MESSAGE][PASSED] - Tapped on element 'Object Repository/SCM Mobile/Billing/Utility Bill/Utility Bill Menu'

2017-08-23 14:40:26 - [TEST_STEP][PASSED] - delay: Delayed 50 second(s)

2017-08-23 14:41:16 - [MESSAGE][PASSED] - Delayed 50 second(s)

2017-08-23 14:41:16 - [TEST_STEP][PASSED] - tap: Tapped on element 'Object Repository/SCM Mobile/Billing/Utility Bill/Pay Now Button'

2017-08-23 14:41:17 - [MESSAGE][PASSED] - Tapped on element 'Object Repository/SCM Mobile/Billing/Utility Bill/Pay Now Button'

2017-08-23 14:41:17 - [TEST_STEP][PASSED] - setText: Text '2' has been set to element 'Object Repository/SCM Mobile/Billing/Utility Bill/Bill Amount TextBox'

2017-08-23 14:41:29 - [MESSAGE][PASSED] - Text '2' has been set to element 'Object Repository/SCM Mobile/Billing/Utility Bill/Bill Amount TextBox'

2017-08-23 14:41:29 - [TEST_STEP][PASSED] - hideKeyboard: Keyboard is hidden

2017-08-23 14:41:34 - [MESSAGE][PASSED] - Keyboard is hidden

2017-08-23 14:41:35 - [TEST_STEP][PASSED] - tap: Tapped on element 'Object Repository/SCM Mobile/Billing/Utility Bill/Next Button'

2017-08-23 14:41:35 - [MESSAGE][PASSED] - Tapped on element 'Object Repository/SCM Mobile/Billing/Utility Bill/Next Button'

2017-08-23 14:41:35 - [TEST_STEP][PASSED] - setText: Text '123' has been set to element 'Object Repository/SCM Mobile/Billing/Utility Bill/CVV Code TextBox'

2017-08-23 14:41:48 - [MESSAGE][PASSED] - Text '123' has been set to element 'Object Repository/SCM Mobile/Billing/Utility Bill/CVV Code TextBox'

2017-08-23 14:41:48 - [TEST_STEP][PASSED] - hideKeyboard: Keyboard is hidden

2017-08-23 14:41:53 - [MESSAGE][PASSED] - Keyboard is hidden

2017-08-23 14:41:53 - [TEST_STEP][PASSED] - tap: Tapped on element 'Object Repository/SCM Mobile/Billing/Utility Bill/Submit Button'

2017-08-23 14:41:53 - [MESSAGE][PASSED] - Tapped on element 'Object Repository/SCM Mobile/Billing/Utility Bill/Submit Button'

2017-08-23 14:41:53 - [TEST_STEP][PASSED] - Statement - messageText = com.kms.katalon.core.mobile.keyword.MobileBuiltInKeywords.getAttribute(com.kms.katalon.core.testobject.ObjectRepository.findTestObject(SCM Mobile/Billing/Utility Bill/Payment Successful Text), "text", 5, CONTINUE_ON_FAILURE): Element 'Object Repository/SCM Mobile/Billing/Utility Bill/Payment Successful Text' has attribute 'text' is 'Payment Successful!'

2017-08-23 14:41:56 - [MESSAGE][PASSED] - Element 'Object Repository/SCM Mobile/Billing/Utility Bill/Payment Successful Text' has attribute 'text' is 'Payment Successful!'

2017-08-23 14:41:56 - [TEST_STEP][PASSED] - Statement - transactionId = com.kms.katalon.core.mobile.keyword.MobileBuiltInKeywords.getAttribute(com.kms.katalon.core.testobject.ObjectRepository.findTestObject(SCM Mobile/Billing/Utility Bill/Transaction Id Text), "text", 5, CONTINUE_ON_FAILURE): Element 'Object Repository/SCM Mobile/Billing/Utility Bill/Transaction Id Text' has attribute 'text' is 'Transaction ID: 40005974301'

2017-08-23 14:41:56 - [MESSAGE][PASSED] - Element 'Object Repository/SCM Mobile/Billing/Utility Bill/Transaction Id Text' has attribute 'text' is 'Transaction ID: 40005974301'

2017-08-23 14:41:56 - [TEST_STEP][PASSED] - Statement - If (messageText.equals(null)): null

2017-08-23 14:41:56 - [TEST_STEP][PASSED] - Statement - Else: null

2017-08-23 14:41:56 - [TEST_STEP][PASSED] - Statement - If (messageText.equals("Payment Successful!")): null

2017-08-23 14:41:56 - [TEST_STEP][PASSED] - Statement - out.println("Bill Payment Successful, Transaction Id is : " + transactionId): null

2017-08-23 14:41:56 - [TEST_STEP][PASSED] - tap: Tapped on element 'Object Repository/SCM Mobile/Billing/Utility Bill/Ok Button'

2017-08-23 14:41:56 - [MESSAGE][PASSED] - Tapped on element 'Object Repository/SCM Mobile/Billing/Utility Bill/Ok Button'

2017-08-23 14:41:56 - [TEST_STEP][PASSED] - pressBack: Press back button successfully

2017-08-23 14:41:57 - [MESSAGE][PASSED] - Press back button successfully

2017-08-23 14:41:57 - [TEST_STEP][PASSED] - delay: Delayed 30 second(s)

2017-08-23 14:42:27 - [MESSAGE][PASSED] - Delayed 30 second(s)

2017-08-23 14:42:27 - [TEST_STEP][PASSED] - Statement - If (ls.get(index).getText().equals("Utility Bill")): null

2017-08-23 14:42:28 - [TEST_STEP][PASSED] - Statement - If (ls.get(index).getText().equals("Utility Bill")): null

2017-08-23 14:42:28 - [TEST_STEP][PASSED] - Statement - If (ls.get(index).getText().equals("Utility Bill")): null

2017-08-23 14:42:28 - [TEST_STEP][PASSED] - Statement - If (ls.get(index).getText().equals("Utility Bill")): null

2017-08-23 14:42:29 - [TEST_STEP][PASSED] - Statement - If (ls.get(index).getText().equals("Utility Bill")): null

2017-08-23 14:42:29 - [TEST_STEP][PASSED] - Statement - If (ls.get(index).getText().equals("Utility Bill")): null

2017-08-23 14:42:29 - [TEST_STEP][PASSED] - Statement - If (ls.get(index).getText().equals("Utility Bill")): null

2017-08-23 14:42:29 - [TEST_STEP][PASSED] - Statement - If (ls.get(index).getText().equals("Utility Bill")): null

2017-08-23 14:42:30 - [TEST_STEP][PASSED] - Statement - If (ls.get(index).getText().equals("Utility Bill")): null

2017-08-23 14:42:30 - [TEST_STEP][PASSED] - Statement - If (ls.get(index).getText().equals("Utility Bill")): null

2017-08-23 14:42:30 - [TEST_STEP][PASSED] - Statement - If (ls.get(index).getText().equals("Utility Bill")): null

2017-08-23 14:42:30 - [TEST_STEP][PASSED] - Statement - If (ls.get(index).getText().equals("Utility Bill")): null

2017-08-23 14:42:31 - [TEST_STEP][PASSED] - Statement - If (ls.get(index).getText().equals("Utility Bill")): null

2017-08-23 14:42:31 - [TEST_STEP][PASSED] - Statement - If (ls.get(index).getText().equals("Utility Bill")): null

2017-08-23 14:42:33 - [TEST_STEP][PASSED] - Statement - If (ls.get(index).getText().equals("Utility Bill")): null

2017-08-23 14:42:34 - [TEST_STEP][PASSED] - Statement - If (ls.get(index).getText().equals("Utility Bill")): null

2017-08-23 14:42:34 - [TEST_STEP][PASSED] - Statement - Else If (ls.get(index).getText().equals("History")): null

2017-08-23 14:42:34 - [TEST_STEP][PASSED] - Statement - Else If (ls.get(index).getText().equals("Budget My Bill")): null

2017-08-23 14:42:34 - [TEST_STEP][PASSED] - Statement - Else If (ls.get(index).getText().equals("Auto Pay")): null

2017-08-23 14:42:34 - [TEST_STEP][PASSED] - Statement - Else If (ls.get(index).getText().equals("Rate Analysis")): null

2017-08-23 14:42:34 - [TEST_STEP][PASSED] - Statement - Else If (ls.get(index).getText().equals("Level Pay")): Delayed 10 second(s)

2017-08-23 14:42:34 - [TEST_STEP][PASSED] - Comment - "Veryfing Billing - Level Pay": null

2017-08-23 14:42:34 - [TEST_STEP][PASSED] - tap: Tapped on element 'Object Repository/SCM Mobile/Billing/Level Pay/Level Pay Menu'

2017-08-23 14:42:35 - [MESSAGE][PASSED] - Tapped on element 'Object Repository/SCM Mobile/Billing/Level Pay/Level Pay Menu'

2017-08-23 14:42:35 - [TEST_STEP][PASSED] - delay: Delayed 50 second(s)

2017-08-23 14:43:25 - [MESSAGE][PASSED] - Delayed 50 second(s)

2017-08-23 14:43:25 - [TEST_STEP][PASSED] - pressBack: Press back button successfully

2017-08-23 14:43:25 - [MESSAGE][PASSED] - Press back button successfully

2017-08-23 14:43:25 - [TEST_STEP][PASSED] - delay: Delayed 10 second(s)

2017-08-23 14:43:35 - [MESSAGE][PASSED] - Delayed 10 second(s)

2017-08-23 14:43:35 - [TEST_STEP][PASSED] - Statement - If (ls.get(index).getText().equals("Utility Bill")): null

2017-08-23 14:43:36 - [TEST_STEP][PASSED] - Statement - If (ls.get(index).getText().equals("Utility Bill")): null

2017-08-23 14:43:36 - [TEST_STEP][PASSED] - Statement - If (ls.get(index).getText().equals("Utility Bill")): null

2017-08-23 14:43:36 - [TEST_STEP][PASSED] - Statement - If (ls.get(index).getText().equals("Utility Bill")): null

2017-08-23 14:43:37 - [TEST_STEP][PASSED] - Statement - If (ls.get(index).getText().equals("Utility Bill")): null

2017-08-23 14:43:37 - [TEST_STEP][PASSED] - pressBack: Press back button successfully

2017-08-23 14:43:37 - [MESSAGE][PASSED] - Press back button successfully

2017-08-23 14:43:37 - [TEST_STEP][PASSED] - delay: Delayed 10 second(s)

2017-08-23 14:43:47 - [MESSAGE][PASSED] - Delayed 10 second(s)]]></system-out>
         <system-err><![CDATA[]]></system-err>
      </testcase>
      <testcase name="Test Cases/Usage" classname="Test Cases/Usage" status="FAILED">
         <failure type="FAILED" message="Element 'Object Repository/SCM Mobile/Usage/Solar/Usage HighChart' not found"/>
         <system-out><![CDATA[2017-08-23 14:43:47 - [TEST_CASE][FAILED] - Test Cases/Usage: Test Cases/Usage FAILED because (of) Element 'Object Repository/SCM Mobile/Usage/Solar/Usage HighChart' not found

2017-08-23 14:43:47 - [TEST_STEP][PASSED] - Statement - messageText = null: null

2017-08-23 14:43:47 - [TEST_STEP][PASSED] - delay: Delayed 50 second(s)

2017-08-23 14:44:37 - [MESSAGE][PASSED] - Delayed 50 second(s)

2017-08-23 14:44:37 - [TEST_STEP][PASSED] - Statement - If (com.kms.katalon.core.mobile.keyword.MobileBuiltInKeywords.verifyElementVisible(com.kms.katalon.core.testobject.ObjectRepository.findTestObject(SCM Mobile/LandingPage/Usage Menu), 3, CONTINUE_ON_FAILURE) == false): Element 'Object Repository/SCM Mobile/LandingPage/Usage Menu' is visible

2017-08-23 14:44:38 - [MESSAGE][PASSED] - Element 'Object Repository/SCM Mobile/LandingPage/Usage Menu' is visible

2017-08-23 14:44:38 - [TEST_STEP][FAILED] - Statement - Else: Press back button successfully

2017-08-23 14:44:38 - [TEST_STEP][PASSED] - tap: Tapped on element 'Object Repository/SCM Mobile/LandingPage/Usage Menu'

2017-08-23 14:44:38 - [MESSAGE][PASSED] - Tapped on element 'Object Repository/SCM Mobile/LandingPage/Usage Menu'

2017-08-23 14:44:38 - [TEST_STEP][PASSED] - delay: Delayed 10 second(s)

2017-08-23 14:44:48 - [MESSAGE][PASSED] - Delayed 10 second(s)

2017-08-23 14:44:48 - [TEST_STEP][PASSED] - Statement - driver = com.kms.katalon.core.mobile.keyword.internal.MobileDriverFactory.getDriver(): null

2017-08-23 14:44:48 - [TEST_STEP][PASSED] - Statement - ls = driver.findElementsByClassName("android.widget.TextView"): null

2017-08-23 14:44:49 - [TEST_STEP][PASSED] - Statement - println(ls.size()): null

2017-08-23 14:44:49 - [TEST_STEP][FAILED] - Statement - For ([index = 0, index < ls.size(), (index++)]): null

2017-08-23 14:44:49 - [TEST_STEP][PASSED] - Statement - If (ls.get(index).getText().equals("Power")): null

2017-08-23 14:44:50 - [TEST_STEP][PASSED] - Statement - If (ls.get(index).getText().equals("Power")): null

2017-08-23 14:44:50 - [TEST_STEP][PASSED] - Statement - If (ls.get(index).getText().equals("Power")): null

2017-08-23 14:44:50 - [TEST_STEP][PASSED] - Statement - If (ls.get(index).getText().equals("Power")): Delayed 30 second(s)

2017-08-23 14:44:50 - [TEST_STEP][PASSED] - Comment - "Veryfing Usage - Power": null

2017-08-23 14:44:50 - [TEST_STEP][PASSED] - tap: Tapped on element 'Object Repository/SCM Mobile/Usage/Power/Power Menu'

2017-08-23 14:44:50 - [MESSAGE][PASSED] - Tapped on element 'Object Repository/SCM Mobile/Usage/Power/Power Menu'

2017-08-23 14:44:50 - [TEST_STEP][PASSED] - delay: Delayed 10 second(s)

2017-08-23 14:45:00 - [MESSAGE][PASSED] - Delayed 10 second(s)

2017-08-23 14:45:00 - [TEST_STEP][PASSED] - Statement - If (com.kms.katalon.core.mobile.keyword.MobileBuiltInKeywords.verifyElementVisible(com.kms.katalon.core.testobject.ObjectRepository.findTestObject(SCM Mobile/Usage/Power/kWh Unit), 3, CONTINUE_ON_FAILURE) == true): null

2017-08-23 14:45:01 - [MESSAGE][PASSED] - Element 'Object Repository/SCM Mobile/Usage/Power/kWh Unit' is visible

2017-08-23 14:45:01 - [TEST_STEP][PASSED] - Statement - println("Power kWh unit is displayed"): null

2017-08-23 14:45:01 - [TEST_STEP][PASSED] - tap: Tapped on element 'Object Repository/SCM Mobile/Usage/Power/kWh Unit'

2017-08-23 14:45:01 - [MESSAGE][PASSED] - Tapped on element 'Object Repository/SCM Mobile/Usage/Power/kWh Unit'

2017-08-23 14:45:01 - [TEST_STEP][PASSED] - Statement - If (com.kms.katalon.core.mobile.keyword.MobileBuiltInKeywords.verifyElementVisible(com.kms.katalon.core.testobject.ObjectRepository.findTestObject(SCM Mobile/Usage/Power/Usage HighChart), 3, CONTINUE_ON_FAILURE) == true): null

2017-08-23 14:45:03 - [MESSAGE][PASSED] - Element 'Object Repository/SCM Mobile/Usage/Power/Usage HighChart' is visible

2017-08-23 14:45:03 - [TEST_STEP][PASSED] - Statement - println("Usage - Power - kWh - HighChart is displayed"): null

2017-08-23 14:45:03 - [TEST_STEP][PASSED] - delay: Delayed 10 second(s)

2017-08-23 14:45:13 - [MESSAGE][PASSED] - Delayed 10 second(s)

2017-08-23 14:45:13 - [TEST_STEP][PASSED] - Statement - If (com.kms.katalon.core.mobile.keyword.MobileBuiltInKeywords.verifyElementVisible(com.kms.katalon.core.testobject.ObjectRepository.findTestObject(SCM Mobile/Usage/Power/Dollar Unit), 3, CONTINUE_ON_FAILURE) == true): null

2017-08-23 14:45:13 - [MESSAGE][PASSED] - Element 'Object Repository/SCM Mobile/Usage/Power/Dollar Unit' is visible

2017-08-23 14:45:13 - [TEST_STEP][PASSED] - Statement - println("Power Dollar unit is displayed"): null

2017-08-23 14:45:13 - [TEST_STEP][PASSED] - tap: Tapped on element 'Object Repository/SCM Mobile/Usage/Power/Dollar Unit'

2017-08-23 14:45:14 - [MESSAGE][PASSED] - Tapped on element 'Object Repository/SCM Mobile/Usage/Power/Dollar Unit'

2017-08-23 14:45:14 - [TEST_STEP][PASSED] - Statement - If (com.kms.katalon.core.mobile.keyword.MobileBuiltInKeywords.verifyElementVisible(com.kms.katalon.core.testobject.ObjectRepository.findTestObject(SCM Mobile/Usage/Power/Usage HighChart), 3, CONTINUE_ON_FAILURE) == true): null

2017-08-23 14:45:15 - [MESSAGE][PASSED] - Element 'Object Repository/SCM Mobile/Usage/Power/Usage HighChart' is visible

2017-08-23 14:45:15 - [TEST_STEP][PASSED] - Statement - println("Usage - Power - Dollar - HighChart is displayed"): null

2017-08-23 14:45:15 - [TEST_STEP][PASSED] - delay: Delayed 10 second(s)

2017-08-23 14:45:25 - [MESSAGE][PASSED] - Delayed 10 second(s)

2017-08-23 14:45:25 - [TEST_STEP][PASSED] - pressBack: Press back button successfully

2017-08-23 14:45:26 - [MESSAGE][PASSED] - Press back button successfully

2017-08-23 14:45:26 - [TEST_STEP][PASSED] - delay: Delayed 30 second(s)

2017-08-23 14:45:56 - [MESSAGE][PASSED] - Delayed 30 second(s)

2017-08-23 14:45:56 - [TEST_STEP][PASSED] - Statement - If (ls.get(index).getText().equals("Power")): null

2017-08-23 14:45:56 - [TEST_STEP][PASSED] - Statement - If (ls.get(index).getText().equals("Power")): null

2017-08-23 14:45:56 - [TEST_STEP][PASSED] - Statement - If (ls.get(index).getText().equals("Power")): null

2017-08-23 14:45:57 - [TEST_STEP][PASSED] - Statement - If (ls.get(index).getText().equals("Power")): null

2017-08-23 14:45:57 - [TEST_STEP][PASSED] - Statement - Else If (ls.get(index).getText().equals("Water")): Delayed 30 second(s)

2017-08-23 14:45:57 - [TEST_STEP][PASSED] - Comment - "Veryfing Usage - Water": null

2017-08-23 14:45:57 - [TEST_STEP][PASSED] - tap: Tapped on element 'Object Repository/SCM Mobile/Usage/Water/Water Menu'

2017-08-23 14:45:58 - [MESSAGE][PASSED] - Tapped on element 'Object Repository/SCM Mobile/Usage/Water/Water Menu'

2017-08-23 14:45:58 - [TEST_STEP][PASSED] - delay: Delayed 10 second(s)

2017-08-23 14:46:08 - [MESSAGE][PASSED] - Delayed 10 second(s)

2017-08-23 14:46:08 - [TEST_STEP][PASSED] - Statement - If (com.kms.katalon.core.mobile.keyword.MobileBuiltInKeywords.verifyElementVisible(com.kms.katalon.core.testobject.ObjectRepository.findTestObject(SCM Mobile/Usage/Water/Gal Unit), 3, CONTINUE_ON_FAILURE) == true): null

2017-08-23 14:46:08 - [MESSAGE][PASSED] - Element 'Object Repository/SCM Mobile/Usage/Water/Gal Unit' is visible

2017-08-23 14:46:08 - [TEST_STEP][PASSED] - Statement - println("Water Gal unit is displayed"): null

2017-08-23 14:46:08 - [TEST_STEP][PASSED] - tap: Tapped on element 'Object Repository/SCM Mobile/Usage/Water/Gal Unit'

2017-08-23 14:46:08 - [MESSAGE][PASSED] - Tapped on element 'Object Repository/SCM Mobile/Usage/Water/Gal Unit'

2017-08-23 14:46:08 - [TEST_STEP][PASSED] - Statement - If (com.kms.katalon.core.mobile.keyword.MobileBuiltInKeywords.verifyElementVisible(com.kms.katalon.core.testobject.ObjectRepository.findTestObject(SCM Mobile/Usage/Water/Usage HighChart), 3, CONTINUE_ON_FAILURE) == true): null

2017-08-23 14:46:11 - [MESSAGE][PASSED] - Element 'Object Repository/SCM Mobile/Usage/Water/Usage HighChart' is visible

2017-08-23 14:46:11 - [TEST_STEP][PASSED] - Statement - println("Usage - Water - Gal - HighChart is displayed"): null

2017-08-23 14:46:11 - [TEST_STEP][PASSED] - delay: Delayed 10 second(s)

2017-08-23 14:46:21 - [MESSAGE][PASSED] - Delayed 10 second(s)

2017-08-23 14:46:21 - [TEST_STEP][PASSED] - Statement - If (com.kms.katalon.core.mobile.keyword.MobileBuiltInKeywords.verifyElementVisible(com.kms.katalon.core.testobject.ObjectRepository.findTestObject(SCM Mobile/Usage/Water/Dollar Unit), 3, CONTINUE_ON_FAILURE) == true): null

2017-08-23 14:46:21 - [MESSAGE][PASSED] - Element 'Object Repository/SCM Mobile/Usage/Water/Dollar Unit' is visible

2017-08-23 14:46:21 - [TEST_STEP][PASSED] - Statement - println("Water Dollar unit is displayed"): null

2017-08-23 14:46:21 - [TEST_STEP][PASSED] - tap: Tapped on element 'Object Repository/SCM Mobile/Usage/Water/Dollar Unit'

2017-08-23 14:46:21 - [MESSAGE][PASSED] - Tapped on element 'Object Repository/SCM Mobile/Usage/Water/Dollar Unit'

2017-08-23 14:46:21 - [TEST_STEP][PASSED] - Statement - If (com.kms.katalon.core.mobile.keyword.MobileBuiltInKeywords.verifyElementVisible(com.kms.katalon.core.testobject.ObjectRepository.findTestObject(SCM Mobile/Usage/Water/Usage HighChart), 3, CONTINUE_ON_FAILURE) == true): null

2017-08-23 14:46:24 - [MESSAGE][PASSED] - Element 'Object Repository/SCM Mobile/Usage/Water/Usage HighChart' is visible

2017-08-23 14:46:24 - [TEST_STEP][PASSED] - Statement - println("Usage - Water - Dollar - HighChart is displayed"): null

2017-08-23 14:46:24 - [TEST_STEP][PASSED] - delay: Delayed 10 second(s)

2017-08-23 14:46:34 - [MESSAGE][PASSED] - Delayed 10 second(s)

2017-08-23 14:46:34 - [TEST_STEP][PASSED] - Statement - If (com.kms.katalon.core.mobile.keyword.MobileBuiltInKeywords.verifyElementVisible(com.kms.katalon.core.testobject.ObjectRepository.findTestObject(SCM Mobile/Usage/Water/HCF Unit), 3, CONTINUE_ON_FAILURE) == true): null

2017-08-23 14:46:34 - [MESSAGE][PASSED] - Element 'Object Repository/SCM Mobile/Usage/Water/HCF Unit' is visible

2017-08-23 14:46:34 - [TEST_STEP][PASSED] - Statement - println("Water HCF unit is displayed"): null

2017-08-23 14:46:34 - [TEST_STEP][PASSED] - tap: Tapped on element 'Object Repository/SCM Mobile/Usage/Water/HCF Unit'

2017-08-23 14:46:34 - [MESSAGE][PASSED] - Tapped on element 'Object Repository/SCM Mobile/Usage/Water/HCF Unit'

2017-08-23 14:46:34 - [TEST_STEP][PASSED] - Statement - If (com.kms.katalon.core.mobile.keyword.MobileBuiltInKeywords.verifyElementVisible(com.kms.katalon.core.testobject.ObjectRepository.findTestObject(SCM Mobile/Usage/Water/Usage HighChart), 3, CONTINUE_ON_FAILURE) == true): null

2017-08-23 14:46:37 - [MESSAGE][PASSED] - Element 'Object Repository/SCM Mobile/Usage/Water/Usage HighChart' is visible

2017-08-23 14:46:37 - [TEST_STEP][PASSED] - Statement - println("Usage - Water - HCF - HighChart is displayed"): null

2017-08-23 14:46:37 - [TEST_STEP][PASSED] - delay: Delayed 10 second(s)

2017-08-23 14:46:47 - [MESSAGE][PASSED] - Delayed 10 second(s)

2017-08-23 14:46:47 - [TEST_STEP][PASSED] - pressBack: Press back button successfully

2017-08-23 14:46:47 - [MESSAGE][PASSED] - Press back button successfully

2017-08-23 14:46:47 - [TEST_STEP][PASSED] - delay: Delayed 30 second(s)

2017-08-23 14:47:17 - [MESSAGE][PASSED] - Delayed 30 second(s)

2017-08-23 14:47:17 - [TEST_STEP][PASSED] - Statement - If (ls.get(index).getText().equals("Power")): null

2017-08-23 14:47:17 - [TEST_STEP][PASSED] - Statement - If (ls.get(index).getText().equals("Power")): null

2017-08-23 14:47:17 - [TEST_STEP][PASSED] - Statement - If (ls.get(index).getText().equals("Power")): null

2017-08-23 14:47:17 - [TEST_STEP][PASSED] - Statement - If (ls.get(index).getText().equals("Power")): null

2017-08-23 14:47:17 - [TEST_STEP][PASSED] - Statement - Else If (ls.get(index).getText().equals("Water")): null

2017-08-23 14:47:17 - [TEST_STEP][PASSED] - Statement - Else If (ls.get(index).getText().equals("Solar")): null

2017-08-23 14:47:17 - [TEST_STEP][PASSED] - Statement - Else If (ls.get(index).getText().equals("Gas")): Delayed 30 second(s)

2017-08-23 14:47:17 - [TEST_STEP][PASSED] - Comment - "Veryfing Usage - Gas": null

2017-08-23 14:47:17 - [TEST_STEP][PASSED] - tap: Tapped on element 'Object Repository/SCM Mobile/Usage/Gas/Gas Menu'

2017-08-23 14:47:18 - [MESSAGE][PASSED] - Tapped on element 'Object Repository/SCM Mobile/Usage/Gas/Gas Menu'

2017-08-23 14:47:18 - [TEST_STEP][PASSED] - Statement - If (com.kms.katalon.core.mobile.keyword.MobileBuiltInKeywords.verifyElementVisible(com.kms.katalon.core.testobject.ObjectRepository.findTestObject(SCM Mobile/Usage/Gas/Dollar Unit), 10, CONTINUE_ON_FAILURE) == true): null

2017-08-23 14:47:24 - [MESSAGE][PASSED] - Element 'Object Repository/SCM Mobile/Usage/Gas/Dollar Unit' is visible

2017-08-23 14:47:24 - [TEST_STEP][PASSED] - Statement - println("Gas Dollar unit is displayed"): null

2017-08-23 14:47:24 - [TEST_STEP][PASSED] - tap: Tapped on element 'Object Repository/SCM Mobile/Usage/Gas/Dollar Unit'

2017-08-23 14:47:24 - [MESSAGE][PASSED] - Tapped on element 'Object Repository/SCM Mobile/Usage/Gas/Dollar Unit'

2017-08-23 14:47:24 - [TEST_STEP][PASSED] - Statement - If (com.kms.katalon.core.mobile.keyword.MobileBuiltInKeywords.verifyElementVisible(com.kms.katalon.core.testobject.ObjectRepository.findTestObject(SCM Mobile/Usage/Gas/Usage HighChart), 3, CONTINUE_ON_FAILURE) == true): null

2017-08-23 14:47:25 - [MESSAGE][PASSED] - Element 'Object Repository/SCM Mobile/Usage/Gas/Usage HighChart' is visible

2017-08-23 14:47:25 - [TEST_STEP][PASSED] - Statement - println("Usage - Gas - Dollar - HighChart is displayed"): null

2017-08-23 14:47:25 - [TEST_STEP][PASSED] - delay: Delayed 10 second(s)

2017-08-23 14:47:35 - [MESSAGE][PASSED] - Delayed 10 second(s)

2017-08-23 14:47:35 - [TEST_STEP][PASSED] - Statement - If (com.kms.katalon.core.mobile.keyword.MobileBuiltInKeywords.verifyElementVisible(com.kms.katalon.core.testobject.ObjectRepository.findTestObject(SCM Mobile/Usage/Gas/CCF Unit), 3, CONTINUE_ON_FAILURE) == true): null

2017-08-23 14:47:35 - [MESSAGE][PASSED] - Element 'Object Repository/SCM Mobile/Usage/Gas/CCF Unit' is visible

2017-08-23 14:47:35 - [TEST_STEP][PASSED] - Statement - println("Gas CCF unit is displayed"): null

2017-08-23 14:47:35 - [TEST_STEP][PASSED] - tap: Tapped on element 'Object Repository/SCM Mobile/Usage/Gas/CCF Unit'

2017-08-23 14:47:36 - [MESSAGE][PASSED] - Tapped on element 'Object Repository/SCM Mobile/Usage/Gas/CCF Unit'

2017-08-23 14:47:36 - [TEST_STEP][PASSED] - Statement - If (com.kms.katalon.core.mobile.keyword.MobileBuiltInKeywords.verifyElementVisible(com.kms.katalon.core.testobject.ObjectRepository.findTestObject(SCM Mobile/Usage/Gas/Usage HighChart), 3, CONTINUE_ON_FAILURE) == true): null

2017-08-23 14:47:38 - [MESSAGE][PASSED] - Element 'Object Repository/SCM Mobile/Usage/Gas/Usage HighChart' is visible

2017-08-23 14:47:38 - [TEST_STEP][PASSED] - Statement - println("Usage - Gas - CCF - HighChart is displayed"): null

2017-08-23 14:47:38 - [TEST_STEP][PASSED] - delay: Delayed 10 second(s)

2017-08-23 14:47:48 - [MESSAGE][PASSED] - Delayed 10 second(s)

2017-08-23 14:47:48 - [TEST_STEP][PASSED] - pressBack: Press back button successfully

2017-08-23 14:47:48 - [MESSAGE][PASSED] - Press back button successfully

2017-08-23 14:47:48 - [TEST_STEP][PASSED] - delay: Delayed 30 second(s)

2017-08-23 14:48:18 - [MESSAGE][PASSED] - Delayed 30 second(s)

2017-08-23 14:48:18 - [TEST_STEP][PASSED] - Statement - If (ls.get(index).getText().equals("Power")): null

2017-08-23 14:48:19 - [TEST_STEP][PASSED] - Statement - If (ls.get(index).getText().equals("Power")): null

2017-08-23 14:48:19 - [TEST_STEP][PASSED] - Statement - If (ls.get(index).getText().equals("Power")): null

2017-08-23 14:48:19 - [TEST_STEP][PASSED] - Statement - If (ls.get(index).getText().equals("Power")): null

2017-08-23 14:48:19 - [TEST_STEP][PASSED] - Statement - Else If (ls.get(index).getText().equals("Water")): null

2017-08-23 14:48:19 - [TEST_STEP][FAILED] - Statement - Else If (ls.get(index).getText().equals("Solar")): Delayed 30 second(s)

2017-08-23 14:48:19 - [TEST_STEP][PASSED] - Comment - "Veryfing Usage - Solar": null

2017-08-23 14:48:19 - [TEST_STEP][PASSED] - tap: Tapped on element 'Object Repository/SCM Mobile/Usage/Solar/Solar Menu'

2017-08-23 14:48:20 - [MESSAGE][PASSED] - Tapped on element 'Object Repository/SCM Mobile/Usage/Solar/Solar Menu'

2017-08-23 14:48:20 - [TEST_STEP][FAILED] - Statement - If (com.kms.katalon.core.mobile.keyword.MobileBuiltInKeywords.verifyElementVisible(com.kms.katalon.core.testobject.ObjectRepository.findTestObject(SCM Mobile/Usage/Solar/Dollar Unit), 15, CONTINUE_ON_FAILURE) == true): null

2017-08-23 14:48:28 - [MESSAGE][PASSED] - Element 'Object Repository/SCM Mobile/Usage/Solar/Dollar Unit' is visible

2017-08-23 14:48:28 - [TEST_STEP][PASSED] - Statement - println("Solar Dollar unit is displayed"): null

2017-08-23 14:48:28 - [TEST_STEP][PASSED] - tap: Tapped on element 'Object Repository/SCM Mobile/Usage/Solar/Dollar Unit'

2017-08-23 14:48:29 - [MESSAGE][PASSED] - Tapped on element 'Object Repository/SCM Mobile/Usage/Solar/Dollar Unit'

2017-08-23 14:48:29 - [TEST_STEP][FAILED] - Statement - If (com.kms.katalon.core.mobile.keyword.MobileBuiltInKeywords.verifyElementVisible(com.kms.katalon.core.testobject.ObjectRepository.findTestObject(SCM Mobile/Usage/Solar/Usage HighChart), 3, CONTINUE_ON_FAILURE) == true): Element 'Object Repository/SCM Mobile/Usage/Solar/Usage HighChart' not found

2017-08-23 14:48:32 - [MESSAGE][FAILED] - Element 'Object Repository/SCM Mobile/Usage/Solar/Usage HighChart' not found

2017-08-23 14:48:32 - [TEST_STEP][PASSED] - Statement - Else: null

2017-08-23 14:48:32 - [TEST_STEP][PASSED] - Statement - println("Usage - Solar - Dollar - HighChart is not displayed"): null

2017-08-23 14:48:32 - [TEST_STEP][PASSED] - delay: Delayed 10 second(s)

2017-08-23 14:48:42 - [MESSAGE][PASSED] - Delayed 10 second(s)

2017-08-23 14:48:42 - [TEST_STEP][FAILED] - Statement - If (com.kms.katalon.core.mobile.keyword.MobileBuiltInKeywords.verifyElementVisible(com.kms.katalon.core.testobject.ObjectRepository.findTestObject(SCM Mobile/Usage/Solar/kWh Unit), 3, CONTINUE_ON_FAILURE) == true): null

2017-08-23 14:48:42 - [MESSAGE][PASSED] - Element 'Object Repository/SCM Mobile/Usage/Solar/kWh Unit' is visible

2017-08-23 14:48:42 - [TEST_STEP][PASSED] - Statement - println("Solar kWh unit is displayed"): null

2017-08-23 14:48:42 - [TEST_STEP][PASSED] - tap: Tapped on element 'Object Repository/SCM Mobile/Usage/Solar/kWh Unit'

2017-08-23 14:48:43 - [MESSAGE][PASSED] - Tapped on element 'Object Repository/SCM Mobile/Usage/Solar/kWh Unit'

2017-08-23 14:48:43 - [TEST_STEP][FAILED] - Statement - If (com.kms.katalon.core.mobile.keyword.MobileBuiltInKeywords.verifyElementVisible(com.kms.katalon.core.testobject.ObjectRepository.findTestObject(SCM Mobile/Usage/Solar/Usage HighChart), 3, CONTINUE_ON_FAILURE) == true): Element 'Object Repository/SCM Mobile/Usage/Solar/Usage HighChart' not found

2017-08-23 14:48:46 - [MESSAGE][FAILED] - Element 'Object Repository/SCM Mobile/Usage/Solar/Usage HighChart' not found

2017-08-23 14:48:46 - [TEST_STEP][PASSED] - Statement - Else: null

2017-08-23 14:48:46 - [TEST_STEP][PASSED] - Statement - println("Usage - Solar - kWh - HighChart is not displayed"): null

2017-08-23 14:48:46 - [TEST_STEP][PASSED] - delay: Delayed 10 second(s)

2017-08-23 14:48:56 - [MESSAGE][PASSED] - Delayed 10 second(s)

2017-08-23 14:48:56 - [TEST_STEP][PASSED] - pressBack: Press back button successfully

2017-08-23 14:48:56 - [MESSAGE][PASSED] - Press back button successfully

2017-08-23 14:48:56 - [TEST_STEP][PASSED] - delay: Delayed 30 second(s)

2017-08-23 14:49:26 - [MESSAGE][PASSED] - Delayed 30 second(s)

2017-08-23 14:49:26 - [TEST_STEP][PASSED] - Statement - If (ls.get(index).getText().equals("Power")): null

2017-08-23 14:49:27 - [TEST_STEP][PASSED] - Statement - If (ls.get(index).getText().equals("Power")): null

2017-08-23 14:49:27 - [TEST_STEP][PASSED] - Statement - If (ls.get(index).getText().equals("Power")): null

2017-08-23 14:49:28 - [TEST_STEP][PASSED] - Statement - If (ls.get(index).getText().equals("Power")): null

2017-08-23 14:49:28 - [TEST_STEP][PASSED] - Statement - If (ls.get(index).getText().equals("Power")): null

2017-08-23 14:49:28 - [TEST_STEP][PASSED] - delay: Delayed 10 second(s)

2017-08-23 14:49:38 - [MESSAGE][PASSED] - Delayed 10 second(s)

2017-08-23 14:49:38 - [TEST_STEP][PASSED] - pressBack: Press back button successfully

2017-08-23 14:49:39 - [MESSAGE][PASSED] - Press back button successfully]]></system-out>
         <system-err><![CDATA[2017-08-23 14:43:47 - [TEST_CASE][FAILED] - Test Cases/Usage: Test Cases/Usage FAILED because (of) Element 'Object Repository/SCM Mobile/Usage/Solar/Usage HighChart' not found]]></system-err>
      </testcase>
      <testcase name="Test Cases/Outages" classname="Test Cases/Outages" status="FAILED">
         <failure type="FAILED" message="Element 'Object Repository/SCM Mobile/Outages/Current Outages Tab' not found"/>
         <system-out><![CDATA[2017-08-23 14:49:39 - [TEST_CASE][FAILED] - Test Cases/Outages: Test Cases/Outages FAILED because (of) Element 'Object Repository/SCM Mobile/Outages/Current Outages Tab' not found

2017-08-23 14:49:39 - [TEST_STEP][PASSED] - Statement - sOutageTitleOnListOutagesPage = null: null

2017-08-23 14:49:39 - [TEST_STEP][PASSED] - Statement - sOutageTitleOnOutagesDetailsPage = null: null

2017-08-23 14:49:39 - [TEST_STEP][PASSED] - Statement - bResult = false: null

2017-08-23 14:49:39 - [TEST_STEP][PASSED] - delay: Delayed 50 second(s)

2017-08-23 14:50:29 - [MESSAGE][PASSED] - Delayed 50 second(s)

2017-08-23 14:50:29 - [TEST_STEP][PASSED] - Statement - If (com.kms.katalon.core.mobile.keyword.MobileBuiltInKeywords.verifyElementVisible(com.kms.katalon.core.testobject.ObjectRepository.findTestObject(SCM Mobile/LandingPage/Outages Menu), 3, CONTINUE_ON_FAILURE) == false): Element 'Object Repository/SCM Mobile/LandingPage/Outages Menu' is visible

2017-08-23 14:50:29 - [MESSAGE][PASSED] - Element 'Object Repository/SCM Mobile/LandingPage/Outages Menu' is visible

2017-08-23 14:50:29 - [TEST_STEP][PASSED] - Statement - Else: Tapped on element 'Object Repository/SCM Mobile/Outages/Outages List View'

2017-08-23 14:50:29 - [TEST_STEP][PASSED] - Statement - bResult = true: null

2017-08-23 14:50:29 - [TEST_STEP][PASSED] - tap: Tapped on element 'Object Repository/SCM Mobile/LandingPage/Outages Menu'

2017-08-23 14:50:30 - [MESSAGE][PASSED] - Tapped on element 'Object Repository/SCM Mobile/LandingPage/Outages Menu'

2017-08-23 14:50:30 - [TEST_STEP][PASSED] - delay: Delayed 40 second(s)

2017-08-23 14:51:10 - [MESSAGE][PASSED] - Delayed 40 second(s)

2017-08-23 14:51:10 - [TEST_STEP][PASSED] - tap: Tapped on element 'Object Repository/SCM Mobile/Outages/Outages List View'

2017-08-23 14:51:11 - [MESSAGE][PASSED] - Tapped on element 'Object Repository/SCM Mobile/Outages/Outages List View'

2017-08-23 14:51:11 - [TEST_STEP][FAILED] - Statement - If (bResult == true): Delayed 10 second(s)

2017-08-23 14:51:11 - [TEST_STEP][FAILED] - Statement - If (com.kms.katalon.core.mobile.keyword.MobileBuiltInKeywords.verifyElementVisible(com.kms.katalon.core.testobject.ObjectRepository.findTestObject(SCM Mobile/Outages/Current Outages Tab), 3, CONTINUE_ON_FAILURE) == false): null

2017-08-23 14:51:14 - [MESSAGE][FAILED] - Element 'Object Repository/SCM Mobile/Outages/Current Outages Tab' not found

2017-08-23 14:51:14 - [TEST_STEP][PASSED] - Statement - out.println("Current Outages Tab is not displayed in the Outages"): null

2017-08-23 14:51:14 - [TEST_STEP][PASSED] - Statement - If (com.kms.katalon.core.mobile.keyword.MobileBuiltInKeywords.verifyElementVisible(com.kms.katalon.core.testobject.ObjectRepository.findTestObject(SCM Mobile/Outages/Planned Outages Tab), 3, CONTINUE_ON_FAILURE) == false): Element 'Object Repository/SCM Mobile/Outages/Planned Outages Tab' is visible

2017-08-23 14:51:14 - [MESSAGE][PASSED] - Element 'Object Repository/SCM Mobile/Outages/Planned Outages Tab' is visible

2017-08-23 14:51:14 - [TEST_STEP][PASSED] - Statement - Else: Delayed 10 second(s)

2017-08-23 14:51:14 - [TEST_STEP][PASSED] - Statement - out.println("Planned Outages Tab is displayed in the Outages Menu"): null

2017-08-23 14:51:14 - [TEST_STEP][PASSED] - tap: Tapped on element 'Object Repository/SCM Mobile/Outages/Planned Outages Tab'

2017-08-23 14:51:15 - [MESSAGE][PASSED] - Tapped on element 'Object Repository/SCM Mobile/Outages/Planned Outages Tab'

2017-08-23 14:51:15 - [TEST_STEP][PASSED] - Statement - driver = com.kms.katalon.core.mobile.keyword.internal.MobileDriverFactory.getDriver(): null

2017-08-23 14:51:15 - [TEST_STEP][PASSED] - Statement - ls = driver.findElementsById("com.sus.scm_mobile:id/tv_outagetitle"): null

2017-08-23 14:51:16 - [TEST_STEP][PASSED] - Statement - println("Planned Outages Count " + ls.size()): null

2017-08-23 14:51:16 - [TEST_STEP][PASSED] - Statement - For ([index = 0, index < ls.size(), (index++)]): Delayed 10 second(s)

2017-08-23 14:51:16 - [TEST_STEP][PASSED] - Statement - sOutageTitleOnListOutagesPage = null: null

2017-08-23 14:51:16 - [TEST_STEP][PASSED] - Statement - sOutageTitleOnOutagesDetailsPage = null: null

2017-08-23 14:51:16 - [TEST_STEP][PASSED] - Statement - sOutageTitleOnListOutagesPage = ls.get(index).getText(): null

2017-08-23 14:51:16 - [TEST_STEP][PASSED] - Statement - ls.get(index).click(): null

2017-08-23 14:51:18 - [TEST_STEP][PASSED] - delay: Delayed 10 second(s)

2017-08-23 14:51:28 - [MESSAGE][PASSED] - Delayed 10 second(s)

2017-08-23 14:51:28 - [TEST_STEP][PASSED] - Statement - sOutageTitleOnOutagesDetailsPage = com.kms.katalon.core.mobile.keyword.MobileBuiltInKeywords.getAttribute(com.kms.katalon.core.testobject.ObjectRepository.findTestObject(SCM Mobile/Outages/Outage Title on Outage Details Page_Map), "text", 5, CONTINUE_ON_FAILURE): Element 'Object Repository/SCM Mobile/Outages/Outage Title on Outage Details Page_Map' has attribute 'text' is 'Test Planned Outage Title 14933'

2017-08-23 14:51:28 - [MESSAGE][PASSED] - Element 'Object Repository/SCM Mobile/Outages/Outage Title on Outage Details Page_Map' has attribute 'text' is 'Test Planned Outage Title 14933'

2017-08-23 14:51:28 - [TEST_STEP][PASSED] - Statement - If (sOutageTitleOnListOutagesPage.equals(sOutageTitleOnOutagesDetailsPage)): null

2017-08-23 14:51:28 - [TEST_STEP][PASSED] - Statement - out.println("Outage " + index + " : Outage Title mentioned in List View is matching with the Outage Details Title"): null

2017-08-23 14:51:28 - [TEST_STEP][PASSED] - pressBack: Press back button successfully

2017-08-23 14:51:29 - [MESSAGE][PASSED] - Press back button successfully

2017-08-23 14:51:29 - [TEST_STEP][PASSED] - delay: Delayed 10 second(s)

2017-08-23 14:51:39 - [MESSAGE][PASSED] - Delayed 10 second(s)

2017-08-23 14:51:39 - [TEST_STEP][PASSED] - Statement - sOutageTitleOnListOutagesPage = null: null

2017-08-23 14:51:39 - [TEST_STEP][PASSED] - Statement - sOutageTitleOnOutagesDetailsPage = null: null

2017-08-23 14:51:39 - [TEST_STEP][PASSED] - Statement - sOutageTitleOnListOutagesPage = ls.get(index).getText(): null

2017-08-23 14:51:39 - [TEST_STEP][PASSED] - Statement - ls.get(index).click(): null

2017-08-23 14:51:41 - [TEST_STEP][PASSED] - delay: Delayed 10 second(s)

2017-08-23 14:51:51 - [MESSAGE][PASSED] - Delayed 10 second(s)

2017-08-23 14:51:51 - [TEST_STEP][PASSED] - Statement - sOutageTitleOnOutagesDetailsPage = com.kms.katalon.core.mobile.keyword.MobileBuiltInKeywords.getAttribute(com.kms.katalon.core.testobject.ObjectRepository.findTestObject(SCM Mobile/Outages/Outage Title on Outage Details Page_Map), "text", 5, CONTINUE_ON_FAILURE): Element 'Object Repository/SCM Mobile/Outages/Outage Title on Outage Details Page_Map' has attribute 'text' is 'Test Planned Outage Title 2448'

2017-08-23 14:51:52 - [MESSAGE][PASSED] - Element 'Object Repository/SCM Mobile/Outages/Outage Title on Outage Details Page_Map' has attribute 'text' is 'Test Planned Outage Title 2448'

2017-08-23 14:51:52 - [TEST_STEP][PASSED] - Statement - If (sOutageTitleOnListOutagesPage.equals(sOutageTitleOnOutagesDetailsPage)): null

2017-08-23 14:51:52 - [TEST_STEP][PASSED] - Statement - out.println("Outage " + index + " : Outage Title mentioned in List View is matching with the Outage Details Title"): null

2017-08-23 14:51:52 - [TEST_STEP][PASSED] - pressBack: Press back button successfully

2017-08-23 14:51:52 - [MESSAGE][PASSED] - Press back button successfully

2017-08-23 14:51:52 - [TEST_STEP][PASSED] - delay: Delayed 10 second(s)

2017-08-23 14:52:02 - [MESSAGE][PASSED] - Delayed 10 second(s)

2017-08-23 14:52:02 - [TEST_STEP][PASSED] - Statement - sOutageTitleOnListOutagesPage = null: null

2017-08-23 14:52:02 - [TEST_STEP][PASSED] - Statement - sOutageTitleOnOutagesDetailsPage = null: null

2017-08-23 14:52:02 - [TEST_STEP][PASSED] - Statement - sOutageTitleOnListOutagesPage = ls.get(index).getText(): null

2017-08-23 14:52:02 - [TEST_STEP][PASSED] - Statement - ls.get(index).click(): null

2017-08-23 14:52:04 - [TEST_STEP][PASSED] - delay: Delayed 10 second(s)

2017-08-23 14:52:14 - [MESSAGE][PASSED] - Delayed 10 second(s)

2017-08-23 14:52:14 - [TEST_STEP][PASSED] - Statement - sOutageTitleOnOutagesDetailsPage = com.kms.katalon.core.mobile.keyword.MobileBuiltInKeywords.getAttribute(com.kms.katalon.core.testobject.ObjectRepository.findTestObject(SCM Mobile/Outages/Outage Title on Outage Details Page_Map), "text", 5, CONTINUE_ON_FAILURE): Element 'Object Repository/SCM Mobile/Outages/Outage Title on Outage Details Page_Map' has attribute 'text' is 'ddddddddddddddd'

2017-08-23 14:52:14 - [MESSAGE][PASSED] - Element 'Object Repository/SCM Mobile/Outages/Outage Title on Outage Details Page_Map' has attribute 'text' is 'ddddddddddddddd'

2017-08-23 14:52:14 - [TEST_STEP][PASSED] - Statement - If (sOutageTitleOnListOutagesPage.equals(sOutageTitleOnOutagesDetailsPage)): null

2017-08-23 14:52:14 - [TEST_STEP][PASSED] - Statement - out.println("Outage " + index + " : Outage Title mentioned in List View is matching with the Outage Details Title"): null

2017-08-23 14:52:14 - [TEST_STEP][PASSED] - pressBack: Press back button successfully

2017-08-23 14:52:15 - [MESSAGE][PASSED] - Press back button successfully

2017-08-23 14:52:15 - [TEST_STEP][PASSED] - delay: Delayed 10 second(s)

2017-08-23 14:52:25 - [MESSAGE][PASSED] - Delayed 10 second(s)

2017-08-23 14:52:25 - [TEST_STEP][PASSED] - Statement - sOutageTitleOnListOutagesPage = null: null

2017-08-23 14:52:25 - [TEST_STEP][PASSED] - Statement - sOutageTitleOnOutagesDetailsPage = null: null

2017-08-23 14:52:25 - [TEST_STEP][PASSED] - Statement - sOutageTitleOnListOutagesPage = ls.get(index).getText(): null

2017-08-23 14:52:25 - [TEST_STEP][PASSED] - Statement - ls.get(index).click(): null

2017-08-23 14:52:27 - [TEST_STEP][PASSED] - delay: Delayed 10 second(s)

2017-08-23 14:52:37 - [MESSAGE][PASSED] - Delayed 10 second(s)

2017-08-23 14:52:37 - [TEST_STEP][PASSED] - Statement - sOutageTitleOnOutagesDetailsPage = com.kms.katalon.core.mobile.keyword.MobileBuiltInKeywords.getAttribute(com.kms.katalon.core.testobject.ObjectRepository.findTestObject(SCM Mobile/Outages/Outage Title on Outage Details Page_Map), "text", 5, CONTINUE_ON_FAILURE): Element 'Object Repository/SCM Mobile/Outages/Outage Title on Outage Details Page_Map' has attribute 'text' is 'Test Planned Outage Title 47319'

2017-08-23 14:52:37 - [MESSAGE][PASSED] - Element 'Object Repository/SCM Mobile/Outages/Outage Title on Outage Details Page_Map' has attribute 'text' is 'Test Planned Outage Title 47319'

2017-08-23 14:52:37 - [TEST_STEP][PASSED] - Statement - If (sOutageTitleOnListOutagesPage.equals(sOutageTitleOnOutagesDetailsPage)): null

2017-08-23 14:52:37 - [TEST_STEP][PASSED] - Statement - out.println("Outage " + index + " : Outage Title mentioned in List View is matching with the Outage Details Title"): null

2017-08-23 14:52:37 - [TEST_STEP][PASSED] - pressBack: Press back button successfully

2017-08-23 14:52:37 - [MESSAGE][PASSED] - Press back button successfully

2017-08-23 14:52:37 - [TEST_STEP][PASSED] - delay: Delayed 10 second(s)

2017-08-23 14:52:47 - [MESSAGE][PASSED] - Delayed 10 second(s)

2017-08-23 14:52:47 - [TEST_STEP][PASSED] - Statement - sOutageTitleOnListOutagesPage = null: null

2017-08-23 14:52:47 - [TEST_STEP][PASSED] - Statement - sOutageTitleOnOutagesDetailsPage = null: null

2017-08-23 14:52:47 - [TEST_STEP][PASSED] - Statement - sOutageTitleOnListOutagesPage = ls.get(index).getText(): null

2017-08-23 14:52:47 - [TEST_STEP][PASSED] - Statement - ls.get(index).click(): null

2017-08-23 14:52:50 - [TEST_STEP][PASSED] - delay: Delayed 10 second(s)

2017-08-23 14:53:00 - [MESSAGE][PASSED] - Delayed 10 second(s)

2017-08-23 14:53:00 - [TEST_STEP][PASSED] - Statement - sOutageTitleOnOutagesDetailsPage = com.kms.katalon.core.mobile.keyword.MobileBuiltInKeywords.getAttribute(com.kms.katalon.core.testobject.ObjectRepository.findTestObject(SCM Mobile/Outages/Outage Title on Outage Details Page_Map), "text", 5, CONTINUE_ON_FAILURE): Element 'Object Repository/SCM Mobile/Outages/Outage Title on Outage Details Page_Map' has attribute 'text' is 'TESTTESTTESTTEST'

2017-08-23 14:53:00 - [MESSAGE][PASSED] - Element 'Object Repository/SCM Mobile/Outages/Outage Title on Outage Details Page_Map' has attribute 'text' is 'TESTTESTTESTTEST'

2017-08-23 14:53:00 - [TEST_STEP][PASSED] - Statement - If (sOutageTitleOnListOutagesPage.equals(sOutageTitleOnOutagesDetailsPage)): null

2017-08-23 14:53:00 - [TEST_STEP][PASSED] - Statement - out.println("Outage " + index + " : Outage Title mentioned in List View is matching with the Outage Details Title"): null

2017-08-23 14:53:00 - [TEST_STEP][PASSED] - pressBack: Press back button successfully

2017-08-23 14:53:00 - [MESSAGE][PASSED] - Press back button successfully

2017-08-23 14:53:00 - [TEST_STEP][PASSED] - delay: Delayed 10 second(s)

2017-08-23 14:53:10 - [MESSAGE][PASSED] - Delayed 10 second(s)

2017-08-23 14:53:10 - [TEST_STEP][PASSED] - Statement - sOutageTitleOnListOutagesPage = null: null

2017-08-23 14:53:10 - [TEST_STEP][PASSED] - Statement - sOutageTitleOnOutagesDetailsPage = null: null

2017-08-23 14:53:10 - [TEST_STEP][PASSED] - Statement - sOutageTitleOnListOutagesPage = ls.get(index).getText(): null

2017-08-23 14:53:10 - [TEST_STEP][PASSED] - Statement - ls.get(index).click(): null

2017-08-23 14:53:12 - [TEST_STEP][PASSED] - delay: Delayed 10 second(s)

2017-08-23 14:53:22 - [MESSAGE][PASSED] - Delayed 10 second(s)

2017-08-23 14:53:22 - [TEST_STEP][PASSED] - Statement - sOutageTitleOnOutagesDetailsPage = com.kms.katalon.core.mobile.keyword.MobileBuiltInKeywords.getAttribute(com.kms.katalon.core.testobject.ObjectRepository.findTestObject(SCM Mobile/Outages/Outage Title on Outage Details Page_Map), "text", 5, CONTINUE_ON_FAILURE): Element 'Object Repository/SCM Mobile/Outages/Outage Title on Outage Details Page_Map' has attribute 'text' is 'Test Planned Outage Title 12775'

2017-08-23 14:53:23 - [MESSAGE][PASSED] - Element 'Object Repository/SCM Mobile/Outages/Outage Title on Outage Details Page_Map' has attribute 'text' is 'Test Planned Outage Title 12775'

2017-08-23 14:53:23 - [TEST_STEP][PASSED] - Statement - If (sOutageTitleOnListOutagesPage.equals(sOutageTitleOnOutagesDetailsPage)): null

2017-08-23 14:53:23 - [TEST_STEP][PASSED] - Statement - out.println("Outage " + index + " : Outage Title mentioned in List View is matching with the Outage Details Title"): null

2017-08-23 14:53:23 - [TEST_STEP][PASSED] - pressBack: Press back button successfully

2017-08-23 14:53:23 - [MESSAGE][PASSED] - Press back button successfully

2017-08-23 14:53:23 - [TEST_STEP][PASSED] - delay: Delayed 10 second(s)

2017-08-23 14:53:33 - [MESSAGE][PASSED] - Delayed 10 second(s)

2017-08-23 14:53:33 - [TEST_STEP][PASSED] - Statement - sOutageTitleOnListOutagesPage = null: null

2017-08-23 14:53:33 - [TEST_STEP][PASSED] - Statement - sOutageTitleOnOutagesDetailsPage = null: null

2017-08-23 14:53:33 - [TEST_STEP][PASSED] - Statement - sOutageTitleOnListOutagesPage = ls.get(index).getText(): null

2017-08-23 14:53:33 - [TEST_STEP][PASSED] - Statement - ls.get(index).click(): null

2017-08-23 14:53:35 - [TEST_STEP][PASSED] - delay: Delayed 10 second(s)

2017-08-23 14:53:45 - [MESSAGE][PASSED] - Delayed 10 second(s)

2017-08-23 14:53:45 - [TEST_STEP][PASSED] - Statement - sOutageTitleOnOutagesDetailsPage = com.kms.katalon.core.mobile.keyword.MobileBuiltInKeywords.getAttribute(com.kms.katalon.core.testobject.ObjectRepository.findTestObject(SCM Mobile/Outages/Outage Title on Outage Details Page_Map), "text", 5, CONTINUE_ON_FAILURE): Element 'Object Repository/SCM Mobile/Outages/Outage Title on Outage Details Page_Map' has attribute 'text' is 'Test Outage'

2017-08-23 14:53:46 - [MESSAGE][PASSED] - Element 'Object Repository/SCM Mobile/Outages/Outage Title on Outage Details Page_Map' has attribute 'text' is 'Test Outage'

2017-08-23 14:53:46 - [TEST_STEP][PASSED] - Statement - If (sOutageTitleOnListOutagesPage.equals(sOutageTitleOnOutagesDetailsPage)): null

2017-08-23 14:53:46 - [TEST_STEP][PASSED] - Statement - out.println("Outage " + index + " : Outage Title mentioned in List View is matching with the Outage Details Title"): null

2017-08-23 14:53:46 - [TEST_STEP][PASSED] - pressBack: Press back button successfully

2017-08-23 14:53:46 - [MESSAGE][PASSED] - Press back button successfully

2017-08-23 14:53:46 - [TEST_STEP][PASSED] - delay: Delayed 10 second(s)

2017-08-23 14:53:56 - [MESSAGE][PASSED] - Delayed 10 second(s)

2017-08-23 14:53:56 - [TEST_STEP][PASSED] - Statement - If (com.kms.katalon.core.mobile.keyword.MobileBuiltInKeywords.verifyElementVisible(com.kms.katalon.core.testobject.ObjectRepository.findTestObject(SCM Mobile/Outages/Report Outages Link), 3, CONTINUE_ON_FAILURE) == false): Element 'Object Repository/SCM Mobile/Outages/Report Outages Link' is visible

2017-08-23 14:53:56 - [MESSAGE][PASSED] - Element 'Object Repository/SCM Mobile/Outages/Report Outages Link' is visible

2017-08-23 14:53:56 - [TEST_STEP][FAILED] - Statement - Else: null

2017-08-23 14:53:56 - [TEST_STEP][PASSED] - Statement - out.println("Report Outage Link is displayed in the Outages Menu"): null

2017-08-23 14:53:56 - [TEST_STEP][PASSED] - tap: Tapped on element 'Object Repository/SCM Mobile/Outages/Report Outages Link'

2017-08-23 14:53:57 - [MESSAGE][PASSED] - Tapped on element 'Object Repository/SCM Mobile/Outages/Report Outages Link'

2017-08-23 14:53:57 - [TEST_STEP][FAILED] - Statement - messageText = com.kms.katalon.core.mobile.keyword.MobileBuiltInKeywords.getAttribute(com.kms.katalon.core.testobject.ObjectRepository.findTestObject(SCM Mobile/Outages/Report Outage Module Heading), "text", 5, CONTINUE_ON_FAILURE): Object Object Repository/SCM Mobile/Outages/Report Outage Module Heading not found

2017-08-23 14:54:02 - [MESSAGE][FAILED] - Object Object Repository/SCM Mobile/Outages/Report Outage Module Heading not found

2017-08-23 14:54:02 - [TEST_STEP][PASSED] - Statement - If (messageText.equals(null)): null

2017-08-23 14:54:02 - [TEST_STEP][PASSED] - Statement - out.println("Something went wrong with Report Outage Link"): null

2017-08-23 14:54:02 - [TEST_STEP][PASSED] - pressBack: Press back button successfully

2017-08-23 14:54:02 - [MESSAGE][PASSED] - Press back button successfully

2017-08-23 14:54:02 - [TEST_STEP][PASSED] - delay: Delayed 10 second(s)

2017-08-23 14:54:12 - [MESSAGE][PASSED] - Delayed 10 second(s)

2017-08-23 14:54:12 - [TEST_STEP][PASSED] - pressBack: Press back button successfully

2017-08-23 14:54:13 - [MESSAGE][PASSED] - Press back button successfully

2017-08-23 14:54:13 - [TEST_STEP][PASSED] - delay: Delayed 10 second(s)

2017-08-23 14:54:23 - [MESSAGE][PASSED] - Delayed 10 second(s)

2017-08-23 14:54:23 - [TEST_STEP][PASSED] - pressBack: Press back button successfully

2017-08-23 14:54:23 - [MESSAGE][PASSED] - Press back button successfully

2017-08-23 14:54:23 - [TEST_STEP][PASSED] - delay: Delayed 10 second(s)

2017-08-23 14:54:33 - [MESSAGE][PASSED] - Delayed 10 second(s)]]></system-out>
         <system-err><![CDATA[2017-08-23 14:49:39 - [TEST_CASE][FAILED] - Test Cases/Outages: Test Cases/Outages FAILED because (of) Element 'Object Repository/SCM Mobile/Outages/Current Outages Tab' not found]]></system-err>
      </testcase>
      <testcase name="Test Cases/Notifications" classname="Test Cases/Notifications" status="PASSED">
         <system-out><![CDATA[2017-08-23 14:54:33 - [TEST_CASE][PASSED] - Test Cases/Notifications: Test Cases/Notifications

2017-08-23 14:54:33 - [TEST_STEP][PASSED] - Statement - messageText = null: null

2017-08-23 14:54:33 - [TEST_STEP][PASSED] - delay: Delayed 50 second(s)

2017-08-23 14:55:23 - [MESSAGE][PASSED] - Delayed 50 second(s)

2017-08-23 14:55:23 - [TEST_STEP][PASSED] - Statement - If (com.kms.katalon.core.mobile.keyword.MobileBuiltInKeywords.verifyElementVisible(com.kms.katalon.core.testobject.ObjectRepository.findTestObject(SCM Mobile/LandingPage/Notifications Menu), 3, CONTINUE_ON_FAILURE) == false): Element 'Object Repository/SCM Mobile/LandingPage/Notifications Menu' is visible

2017-08-23 14:55:24 - [MESSAGE][PASSED] - Element 'Object Repository/SCM Mobile/LandingPage/Notifications Menu' is visible

2017-08-23 14:55:24 - [TEST_STEP][PASSED] - Statement - Else: Press back button successfully

2017-08-23 14:55:24 - [TEST_STEP][PASSED] - tap: Tapped on element 'Object Repository/SCM Mobile/LandingPage/Notifications Menu'

2017-08-23 14:55:24 - [MESSAGE][PASSED] - Tapped on element 'Object Repository/SCM Mobile/LandingPage/Notifications Menu'

2017-08-23 14:55:24 - [TEST_STEP][PASSED] - delay: Delayed 10 second(s)

2017-08-23 14:55:34 - [MESSAGE][PASSED] - Delayed 10 second(s)

2017-08-23 14:55:34 - [TEST_STEP][PASSED] - tap: Tapped on element 'Object Repository/SCM Mobile/Notifications/Notifications Hamburger Menu'

2017-08-23 14:55:35 - [MESSAGE][PASSED] - Tapped on element 'Object Repository/SCM Mobile/Notifications/Notifications Hamburger Menu'

2017-08-23 14:55:35 - [TEST_STEP][PASSED] - tap: Tapped on element 'Object Repository/SCM Mobile/Notifications/All Mail Tab'

2017-08-23 14:55:37 - [MESSAGE][PASSED] - Tapped on element 'Object Repository/SCM Mobile/Notifications/All Mail Tab'

2017-08-23 14:55:37 - [TEST_STEP][PASSED] - delay: Delayed 10 second(s)

2017-08-23 14:55:47 - [MESSAGE][PASSED] - Delayed 10 second(s)

2017-08-23 14:55:47 - [TEST_STEP][PASSED] - Comment - "Deleting a Notification": null

2017-08-23 14:55:47 - [TEST_STEP][PASSED] - Comment - "***********************************************************************************": null

2017-08-23 14:55:47 - [TEST_STEP][PASSED] - Statement - driver = com.kms.katalon.core.mobile.keyword.internal.MobileDriverFactory.getDriver(): null

2017-08-23 14:55:47 - [TEST_STEP][PASSED] - Statement - lAllMailMessages = driver.findElementsById("com.sus.scm_mobile:id/txtSymbole"): null

2017-08-23 14:55:47 - [TEST_STEP][PASSED] - delay: Delayed 10 second(s)

2017-08-23 14:55:57 - [MESSAGE][PASSED] - Delayed 10 second(s)

2017-08-23 14:55:57 - [TEST_STEP][PASSED] - Statement - println(lAllMailMessages.size()): null

2017-08-23 14:55:57 - [TEST_STEP][PASSED] - Statement - If (lAllMailMessages.size() > 0): null

2017-08-23 14:55:57 - [TEST_STEP][PASSED] - Statement - For ([index = 0, index < 1, (index++)]): Delayed 10 second(s)

2017-08-23 14:55:57 - [TEST_STEP][PASSED] - Statement - lAllMailMessages.get(index).click(): null

2017-08-23 14:55:58 - [TEST_STEP][PASSED] - delay: Delayed 10 second(s)

2017-08-23 14:56:08 - [MESSAGE][PASSED] - Delayed 10 second(s)

2017-08-23 14:56:08 - [TEST_STEP][PASSED] - Statement - sFirstMessageText = com.kms.katalon.core.mobile.keyword.MobileBuiltInKeywords.getAttribute(com.kms.katalon.core.testobject.ObjectRepository.findTestObject(SCM Mobile/Notifications/First Message Text in All Tabs), "text", 15, CONTINUE_ON_FAILURE): Element 'Object Repository/SCM Mobile/Notifications/First Message Text in All Tabs' has attribute 'text' is 'This is for Internal Testing'

2017-08-23 14:56:08 - [MESSAGE][PASSED] - Element 'Object Repository/SCM Mobile/Notifications/First Message Text in All Tabs' has attribute 'text' is 'This is for Internal Testing'

2017-08-23 14:56:08 - [TEST_STEP][PASSED] - tap: Tapped on element 'Object Repository/SCM Mobile/Notifications/Trash Icon'

2017-08-23 14:56:09 - [MESSAGE][PASSED] - Tapped on element 'Object Repository/SCM Mobile/Notifications/Trash Icon'

2017-08-23 14:56:09 - [TEST_STEP][PASSED] - tap: Tapped on element 'Object Repository/SCM Mobile/Notifications/Delete Confirmation Ok Button'

2017-08-23 14:56:11 - [MESSAGE][PASSED] - Tapped on element 'Object Repository/SCM Mobile/Notifications/Delete Confirmation Ok Button'

2017-08-23 14:56:11 - [TEST_STEP][PASSED] - delay: Delayed 25 second(s)

2017-08-23 14:56:36 - [MESSAGE][PASSED] - Delayed 25 second(s)

2017-08-23 14:56:36 - [TEST_STEP][PASSED] - Statement - sMessageDeletionText = com.kms.katalon.core.mobile.keyword.MobileBuiltInKeywords.getAttribute(com.kms.katalon.core.testobject.ObjectRepository.findTestObject(SCM Mobile/Notifications/Message Deletion Text), "text", 15, CONTINUE_ON_FAILURE): Element 'Object Repository/SCM Mobile/Notifications/Message Deletion Text' has attribute 'text' is 'Your message(s) has been deleted successfully.'

2017-08-23 14:56:36 - [MESSAGE][PASSED] - Element 'Object Repository/SCM Mobile/Notifications/Message Deletion Text' has attribute 'text' is 'Your message(s) has been deleted successfully.'

2017-08-23 14:56:36 - [TEST_STEP][PASSED] - Statement - If (sMessageDeletionText.equals("Your message(s) has been deleted successfully.")): null

2017-08-23 14:56:36 - [TEST_STEP][PASSED] - Statement - out.println("Your message(s) has been deleted successfully."): null

2017-08-23 14:56:36 - [TEST_STEP][PASSED] - tap: Tapped on element 'Object Repository/SCM Mobile/Notifications/Ok Button'

2017-08-23 14:56:36 - [MESSAGE][PASSED] - Tapped on element 'Object Repository/SCM Mobile/Notifications/Ok Button'

2017-08-23 14:56:36 - [TEST_STEP][PASSED] - delay: Delayed 25 second(s)

2017-08-23 14:57:01 - [MESSAGE][PASSED] - Delayed 25 second(s)

2017-08-23 14:57:01 - [TEST_STEP][PASSED] - tap: Tapped on element 'Object Repository/SCM Mobile/Notifications/Notifications Hamburger Menu'

2017-08-23 14:57:02 - [MESSAGE][PASSED] - Tapped on element 'Object Repository/SCM Mobile/Notifications/Notifications Hamburger Menu'

2017-08-23 14:57:02 - [TEST_STEP][PASSED] - Statement - driver.findElementById("com.sus.scm_mobile:id/tv_trash").click(): null

2017-08-23 14:57:03 - [TEST_STEP][PASSED] - delay: Delayed 40 second(s)

2017-08-23 14:57:43 - [MESSAGE][PASSED] - Delayed 40 second(s)

2017-08-23 14:57:43 - [TEST_STEP][PASSED] - Statement - lDeleteItems = driver.findElementsById("com.sus.scm_mobile:id/txtSymbole"): null

2017-08-23 14:57:44 - [TEST_STEP][PASSED] - delay: Delayed 10 second(s)

2017-08-23 14:57:54 - [MESSAGE][PASSED] - Delayed 10 second(s)

2017-08-23 14:57:54 - [TEST_STEP][PASSED] - Statement - println(lDeleteItems.size()): null

2017-08-23 14:57:54 - [TEST_STEP][PASSED] - Statement - For ([index = 0, index < 1, (index++)]): Delayed 20 second(s)

2017-08-23 14:57:54 - [TEST_STEP][PASSED] - Statement - lDeleteItems.get(index).click(): null

2017-08-23 14:57:54 - [TEST_STEP][PASSED] - delay: Delayed 20 second(s)

2017-08-23 14:58:14 - [MESSAGE][PASSED] - Delayed 20 second(s)

2017-08-23 14:58:14 - [TEST_STEP][PASSED] - Statement - messageText = com.kms.katalon.core.mobile.keyword.MobileBuiltInKeywords.getAttribute(com.kms.katalon.core.testobject.ObjectRepository.findTestObject(SCM Mobile/Notifications/First Message Text in All Tabs), "text", 15, CONTINUE_ON_FAILURE): Element 'Object Repository/SCM Mobile/Notifications/First Message Text in All Tabs' has attribute 'text' is 'We have issues with Service, Sorry for inconvenience Caused'

2017-08-23 14:58:14 - [MESSAGE][PASSED] - Element 'Object Repository/SCM Mobile/Notifications/First Message Text in All Tabs' has attribute 'text' is 'We have issues with Service, Sorry for inconvenience Caused'

2017-08-23 14:58:14 - [TEST_STEP][PASSED] - Statement - If (sMessageDeletionText.equals("This is for Internal Testing")): null

2017-08-23 14:58:14 - [TEST_STEP][PASSED] - Statement - Else: null

2017-08-23 14:58:14 - [TEST_STEP][PASSED] - Statement - println("Message Deleted from the All Email not found in the Trash Tab"): null

2017-08-23 14:58:14 - [TEST_STEP][PASSED] - pressBack: Press back button successfully

2017-08-23 14:58:15 - [MESSAGE][PASSED] - Press back button successfully

2017-08-23 14:58:15 - [TEST_STEP][PASSED] - delay: Delayed 20 second(s)

2017-08-23 14:58:35 - [MESSAGE][PASSED] - Delayed 20 second(s)

2017-08-23 14:58:35 - [TEST_STEP][PASSED] - Comment - "Replying a Notification": null

2017-08-23 14:58:35 - [TEST_STEP][PASSED] - Comment - "***********************************************************************************": null

2017-08-23 14:58:35 - [TEST_STEP][PASSED] - tap: Tapped on element 'Object Repository/SCM Mobile/Notifications/Notifications Hamburger Menu'

2017-08-23 14:58:35 - [MESSAGE][PASSED] - Tapped on element 'Object Repository/SCM Mobile/Notifications/Notifications Hamburger Menu'

2017-08-23 14:58:35 - [TEST_STEP][PASSED] - tap: Tapped on element 'Object Repository/SCM Mobile/Notifications/All Mail Tab'

2017-08-23 14:58:37 - [MESSAGE][PASSED] - Tapped on element 'Object Repository/SCM Mobile/Notifications/All Mail Tab'

2017-08-23 14:58:37 - [TEST_STEP][PASSED] - delay: Delayed 10 second(s)

2017-08-23 14:58:47 - [MESSAGE][PASSED] - Delayed 10 second(s)

2017-08-23 14:58:47 - [TEST_STEP][PASSED] - Statement - For ([index = 0, index < 1, (index++)]): Delayed 10 second(s)

2017-08-23 14:58:47 - [TEST_STEP][PASSED] - Statement - lAllMailMessages.get(index).click(): null

2017-08-23 14:58:48 - [TEST_STEP][PASSED] - delay: Delayed 10 second(s)

2017-08-23 14:58:58 - [MESSAGE][PASSED] - Delayed 10 second(s)

2017-08-23 14:58:58 - [TEST_STEP][PASSED] - tap: Tapped on element 'Object Repository/SCM Mobile/Notifications/Reply Icon'

2017-08-23 14:58:59 - [MESSAGE][PASSED] - Tapped on element 'Object Repository/SCM Mobile/Notifications/Reply Icon'

2017-08-23 14:58:59 - [TEST_STEP][PASSED] - setText: Text 'This is for Internal Testing' has been set to element 'Object Repository/SCM Mobile/Notifications/Email Message Text'

2017-08-23 14:59:09 - [MESSAGE][PASSED] - Text 'This is for Internal Testing' has been set to element 'Object Repository/SCM Mobile/Notifications/Email Message Text'

2017-08-23 14:59:09 - [TEST_STEP][PASSED] - hideKeyboard: Keyboard is hidden

2017-08-23 14:59:13 - [MESSAGE][PASSED] - Keyboard is hidden

2017-08-23 14:59:14 - [TEST_STEP][PASSED] - tap: Tapped on element 'Object Repository/SCM Mobile/Notifications/Send Button'

2017-08-23 14:59:14 - [MESSAGE][PASSED] - Tapped on element 'Object Repository/SCM Mobile/Notifications/Send Button'

2017-08-23 14:59:14 - [TEST_STEP][PASSED] - Statement - messageText = com.kms.katalon.core.mobile.keyword.MobileBuiltInKeywords.getAttribute(com.kms.katalon.core.testobject.ObjectRepository.findTestObject(SCM Mobile/Notifications/Message Sent Text), "text", 15, CONTINUE_ON_FAILURE): Element 'Object Repository/SCM Mobile/Notifications/Message Sent Text' has attribute 'text' is 'Message sent successfully.'

2017-08-23 14:59:16 - [MESSAGE][PASSED] - Element 'Object Repository/SCM Mobile/Notifications/Message Sent Text' has attribute 'text' is 'Message sent successfully.'

2017-08-23 14:59:16 - [TEST_STEP][PASSED] - Statement - If (messageText.equals("Message sent successfully.")): null

2017-08-23 14:59:16 - [TEST_STEP][PASSED] - Statement - out.println("Message Sent Text is matching with the Expeced Text"): null

2017-08-23 14:59:16 - [TEST_STEP][PASSED] - tap: Tapped on element 'Object Repository/SCM Mobile/Notifications/Ok Button'

2017-08-23 14:59:16 - [MESSAGE][PASSED] - Tapped on element 'Object Repository/SCM Mobile/Notifications/Ok Button'

2017-08-23 14:59:16 - [TEST_STEP][PASSED] - delay: Delayed 25 second(s)

2017-08-23 14:59:41 - [MESSAGE][PASSED] - Delayed 25 second(s)

2017-08-23 14:59:41 - [TEST_STEP][PASSED] - pressBack: Press back button successfully

2017-08-23 14:59:42 - [MESSAGE][PASSED] - Press back button successfully

2017-08-23 14:59:42 - [TEST_STEP][PASSED] - delay: Delayed 25 second(s)

2017-08-23 15:00:07 - [MESSAGE][PASSED] - Delayed 25 second(s)

2017-08-23 15:00:07 - [TEST_STEP][PASSED] - tap: Tapped on element 'Object Repository/SCM Mobile/Notifications/Notifications Hamburger Menu'

2017-08-23 15:00:08 - [MESSAGE][PASSED] - Tapped on element 'Object Repository/SCM Mobile/Notifications/Notifications Hamburger Menu'

2017-08-23 15:00:08 - [TEST_STEP][PASSED] - Statement - driver.findElementById("com.sus.scm_mobile:id/tv_sent").click(): null

2017-08-23 15:00:09 - [TEST_STEP][PASSED] - delay: Delayed 40 second(s)

2017-08-23 15:00:49 - [MESSAGE][PASSED] - Delayed 40 second(s)

2017-08-23 15:00:49 - [TEST_STEP][PASSED] - Statement - lSentItems = driver.findElementsById("com.sus.scm_mobile:id/txtSymbole"): null

2017-08-23 15:00:50 - [TEST_STEP][PASSED] - delay: Delayed 10 second(s)

2017-08-23 15:01:00 - [MESSAGE][PASSED] - Delayed 10 second(s)

2017-08-23 15:01:00 - [TEST_STEP][PASSED] - Statement - println(lSentItems.size()): null

2017-08-23 15:01:00 - [TEST_STEP][PASSED] - Statement - For ([index = 0, index < 1, (index++)]): Delayed 20 second(s)

2017-08-23 15:01:00 - [TEST_STEP][PASSED] - Statement - lSentItems.get(index).click(): null

2017-08-23 15:01:00 - [TEST_STEP][PASSED] - delay: Delayed 20 second(s)

2017-08-23 15:01:20 - [MESSAGE][PASSED] - Delayed 20 second(s)

2017-08-23 15:01:20 - [TEST_STEP][PASSED] - Statement - sMessageText = com.kms.katalon.core.mobile.keyword.MobileBuiltInKeywords.getAttribute(com.kms.katalon.core.testobject.ObjectRepository.findTestObject(SCM Mobile/Notifications/Message Text in Sent Message Tab), "text", 15, CONTINUE_ON_FAILURE): Element 'Object Repository/SCM Mobile/Notifications/Message Text in Sent Message Tab' has attribute 'text' is 'This is for Internal Testing'

2017-08-23 15:01:21 - [MESSAGE][PASSED] - Element 'Object Repository/SCM Mobile/Notifications/Message Text in Sent Message Tab' has attribute 'text' is 'This is for Internal Testing'

2017-08-23 15:01:21 - [TEST_STEP][PASSED] - Statement - If (sMessageText.equals("This is for Internal Testing")): null

2017-08-23 15:01:21 - [TEST_STEP][PASSED] - Statement - println("Message sent from the All Email found in the Sent Items"): null

2017-08-23 15:01:21 - [TEST_STEP][PASSED] - pressBack: Press back button successfully

2017-08-23 15:01:21 - [MESSAGE][PASSED] - Press back button successfully

2017-08-23 15:01:21 - [TEST_STEP][PASSED] - pressBack: Press back button successfully

2017-08-23 15:01:22 - [MESSAGE][PASSED] - Press back button successfully]]></system-out>
         <system-err><![CDATA[]]></system-err>
      </testcase>
      <testcase name="Test Cases/Compare" classname="Test Cases/Compare" status="PASSED">
         <system-out><![CDATA[2017-08-23 15:01:22 - [TEST_CASE][PASSED] - Test Cases/Compare: Test Cases/Compare

2017-08-23 15:01:23 - [TEST_STEP][PASSED] - delay: Delayed 50 second(s)

2017-08-23 15:02:13 - [MESSAGE][PASSED] - Delayed 50 second(s)

2017-08-23 15:02:13 - [TEST_STEP][PASSED] - swipe: Swiped from 800,1,615 to 400,1,615

2017-08-23 15:02:13 - [MESSAGE][PASSED] - Swiped from 800,1,615 to 400,1,615

2017-08-23 15:02:13 - [TEST_STEP][PASSED] - Statement - If (com.kms.katalon.core.mobile.keyword.MobileBuiltInKeywords.verifyElementVisible(com.kms.katalon.core.testobject.ObjectRepository.findTestObject(SCM Mobile/LandingPage/Compare Menu), 3, CONTINUE_ON_FAILURE) == false): Element 'Object Repository/SCM Mobile/LandingPage/Compare Menu' is visible

2017-08-23 15:02:15 - [MESSAGE][PASSED] - Element 'Object Repository/SCM Mobile/LandingPage/Compare Menu' is visible

2017-08-23 15:02:15 - [TEST_STEP][PASSED] - Statement - Else: Press back button successfully

2017-08-23 15:02:15 - [TEST_STEP][PASSED] - tap: Tapped on element 'Object Repository/SCM Mobile/LandingPage/Compare Menu'

2017-08-23 15:02:15 - [MESSAGE][PASSED] - Tapped on element 'Object Repository/SCM Mobile/LandingPage/Compare Menu'

2017-08-23 15:02:15 - [TEST_STEP][PASSED] - delay: Delayed 10 second(s)

2017-08-23 15:02:25 - [MESSAGE][PASSED] - Delayed 10 second(s)

2017-08-23 15:02:25 - [TEST_STEP][PASSED] - Statement - driver = com.kms.katalon.core.mobile.keyword.internal.MobileDriverFactory.getDriver(): null

2017-08-23 15:02:25 - [TEST_STEP][PASSED] - Statement - ls = driver.findElementsByClassName("android.widget.TextView"): null

2017-08-23 15:02:26 - [TEST_STEP][PASSED] - Statement - println(ls.size()): null

2017-08-23 15:02:26 - [TEST_STEP][PASSED] - Statement - For ([index = 0, index < ls.size(), (index++)]): null

2017-08-23 15:02:26 - [TEST_STEP][PASSED] - Statement - If (ls.get(index).getText().equals("Power")): null

2017-08-23 15:02:26 - [TEST_STEP][PASSED] - Statement - If (ls.get(index).getText().equals("Power")): null

2017-08-23 15:02:26 - [TEST_STEP][PASSED] - Statement - If (ls.get(index).getText().equals("Power")): null

2017-08-23 15:02:26 - [TEST_STEP][PASSED] - Statement - If (ls.get(index).getText().equals("Power")): Delayed 30 second(s)

2017-08-23 15:02:27 - [TEST_STEP][PASSED] - Comment - "Veryfing Compare - Power": null

2017-08-23 15:02:27 - [TEST_STEP][PASSED] - tap: Tapped on element 'Object Repository/SCM Mobile/Compare/Power/Power Menu'

2017-08-23 15:02:27 - [MESSAGE][PASSED] - Tapped on element 'Object Repository/SCM Mobile/Compare/Power/Power Menu'

2017-08-23 15:02:27 - [TEST_STEP][PASSED] - delay: Delayed 10 second(s)

2017-08-23 15:02:37 - [MESSAGE][PASSED] - Delayed 10 second(s)

2017-08-23 15:02:37 - [TEST_STEP][PASSED] - Statement - If (com.kms.katalon.core.mobile.keyword.MobileBuiltInKeywords.verifyElementVisible(com.kms.katalon.core.testobject.ObjectRepository.findTestObject(SCM Mobile/Compare/Power/kWh Unit), 3, CONTINUE_ON_FAILURE) == true): null

2017-08-23 15:02:37 - [MESSAGE][PASSED] - Element 'Object Repository/SCM Mobile/Compare/Power/kWh Unit' is visible

2017-08-23 15:02:37 - [TEST_STEP][PASSED] - Statement - println("Power kWh unit is displayed"): null

2017-08-23 15:02:37 - [TEST_STEP][PASSED] - tap: Tapped on element 'Object Repository/SCM Mobile/Compare/Power/kWh Unit'

2017-08-23 15:02:38 - [MESSAGE][PASSED] - Tapped on element 'Object Repository/SCM Mobile/Compare/Power/kWh Unit'

2017-08-23 15:02:38 - [TEST_STEP][PASSED] - Statement - If (com.kms.katalon.core.mobile.keyword.MobileBuiltInKeywords.verifyElementVisible(com.kms.katalon.core.testobject.ObjectRepository.findTestObject(SCM Mobile/Compare/Power/Compare HighChart), 3, CONTINUE_ON_FAILURE) == true): null

2017-08-23 15:02:39 - [MESSAGE][PASSED] - Element 'Object Repository/SCM Mobile/Compare/Power/Compare HighChart' is visible

2017-08-23 15:02:39 - [TEST_STEP][PASSED] - Statement - println("Compare - Power - kWh - HighChart is displayed"): null

2017-08-23 15:02:39 - [TEST_STEP][PASSED] - delay: Delayed 10 second(s)

2017-08-23 15:02:49 - [MESSAGE][PASSED] - Delayed 10 second(s)

2017-08-23 15:02:49 - [TEST_STEP][PASSED] - Statement - If (com.kms.katalon.core.mobile.keyword.MobileBuiltInKeywords.verifyElementVisible(com.kms.katalon.core.testobject.ObjectRepository.findTestObject(SCM Mobile/Compare/Power/Dollar Unit), 3, CONTINUE_ON_FAILURE) == true): null

2017-08-23 15:02:50 - [MESSAGE][PASSED] - Element 'Object Repository/SCM Mobile/Compare/Power/Dollar Unit' is visible

2017-08-23 15:02:50 - [TEST_STEP][PASSED] - Statement - println("Power Dollar unit is displayed"): null

2017-08-23 15:02:50 - [TEST_STEP][PASSED] - tap: Tapped on element 'Object Repository/SCM Mobile/Compare/Power/Dollar Unit'

2017-08-23 15:02:50 - [MESSAGE][PASSED] - Tapped on element 'Object Repository/SCM Mobile/Compare/Power/Dollar Unit'

2017-08-23 15:02:50 - [TEST_STEP][PASSED] - Statement - If (com.kms.katalon.core.mobile.keyword.MobileBuiltInKeywords.verifyElementVisible(com.kms.katalon.core.testobject.ObjectRepository.findTestObject(SCM Mobile/Compare/Power/Compare HighChart), 3, CONTINUE_ON_FAILURE) == true): null

2017-08-23 15:02:52 - [MESSAGE][PASSED] - Element 'Object Repository/SCM Mobile/Compare/Power/Compare HighChart' is visible

2017-08-23 15:02:52 - [TEST_STEP][PASSED] - Statement - println("Compare - Power - Dollar - HighChart is displayed"): null

2017-08-23 15:02:52 - [TEST_STEP][PASSED] - delay: Delayed 10 second(s)

2017-08-23 15:03:02 - [MESSAGE][PASSED] - Delayed 10 second(s)

2017-08-23 15:03:02 - [TEST_STEP][PASSED] - pressBack: Press back button successfully

2017-08-23 15:03:02 - [MESSAGE][PASSED] - Press back button successfully

2017-08-23 15:03:02 - [TEST_STEP][PASSED] - delay: Delayed 30 second(s)

2017-08-23 15:03:32 - [MESSAGE][PASSED] - Delayed 30 second(s)

2017-08-23 15:03:32 - [TEST_STEP][PASSED] - Statement - If (ls.get(index).getText().equals("Power")): null

2017-08-23 15:03:33 - [TEST_STEP][PASSED] - Statement - If (ls.get(index).getText().equals("Power")): null

2017-08-23 15:03:33 - [TEST_STEP][PASSED] - Statement - If (ls.get(index).getText().equals("Power")): null

2017-08-23 15:03:33 - [TEST_STEP][PASSED] - Statement - If (ls.get(index).getText().equals("Power")): null

2017-08-23 15:03:33 - [TEST_STEP][PASSED] - Statement - Else If (ls.get(index).getText().equals("Water")): Delayed 30 second(s)

2017-08-23 15:03:33 - [TEST_STEP][PASSED] - Comment - "Veryfing Compare - Water": null

2017-08-23 15:03:33 - [TEST_STEP][PASSED] - tap: Tapped on element 'Object Repository/SCM Mobile/Compare/Water/Water Menu'

2017-08-23 15:03:34 - [MESSAGE][PASSED] - Tapped on element 'Object Repository/SCM Mobile/Compare/Water/Water Menu'

2017-08-23 15:03:34 - [TEST_STEP][PASSED] - delay: Delayed 10 second(s)

2017-08-23 15:03:44 - [MESSAGE][PASSED] - Delayed 10 second(s)

2017-08-23 15:03:44 - [TEST_STEP][PASSED] - Statement - If (com.kms.katalon.core.mobile.keyword.MobileBuiltInKeywords.verifyElementVisible(com.kms.katalon.core.testobject.ObjectRepository.findTestObject(SCM Mobile/Compare/Water/Gal Unit), 3, CONTINUE_ON_FAILURE) == true): null

2017-08-23 15:03:44 - [MESSAGE][PASSED] - Element 'Object Repository/SCM Mobile/Compare/Water/Gal Unit' is visible

2017-08-23 15:03:44 - [TEST_STEP][PASSED] - Statement - println("Water Gal unit is displayed"): null

2017-08-23 15:03:44 - [TEST_STEP][PASSED] - tap: Tapped on element 'Object Repository/SCM Mobile/Compare/Water/Gal Unit'

2017-08-23 15:03:45 - [MESSAGE][PASSED] - Tapped on element 'Object Repository/SCM Mobile/Compare/Water/Gal Unit'

2017-08-23 15:03:45 - [TEST_STEP][PASSED] - Statement - If (com.kms.katalon.core.mobile.keyword.MobileBuiltInKeywords.verifyElementVisible(com.kms.katalon.core.testobject.ObjectRepository.findTestObject(SCM Mobile/Compare/Water/Compare HighChart), 3, CONTINUE_ON_FAILURE) == true): null

2017-08-23 15:03:48 - [MESSAGE][PASSED] - Element 'Object Repository/SCM Mobile/Compare/Water/Compare HighChart' is visible

2017-08-23 15:03:48 - [TEST_STEP][PASSED] - Statement - println("Compare - Water - Gal - HighChart is displayed"): null

2017-08-23 15:03:48 - [TEST_STEP][PASSED] - delay: Delayed 10 second(s)

2017-08-23 15:03:58 - [MESSAGE][PASSED] - Delayed 10 second(s)

2017-08-23 15:03:58 - [TEST_STEP][PASSED] - Statement - If (com.kms.katalon.core.mobile.keyword.MobileBuiltInKeywords.verifyElementVisible(com.kms.katalon.core.testobject.ObjectRepository.findTestObject(SCM Mobile/Compare/Water/Dollar Unit), 3, CONTINUE_ON_FAILURE) == true): null

2017-08-23 15:03:58 - [MESSAGE][PASSED] - Element 'Object Repository/SCM Mobile/Compare/Water/Dollar Unit' is visible

2017-08-23 15:03:58 - [TEST_STEP][PASSED] - Statement - println("Water Dollar unit is displayed"): null

2017-08-23 15:03:58 - [TEST_STEP][PASSED] - tap: Tapped on element 'Object Repository/SCM Mobile/Compare/Water/Dollar Unit'

2017-08-23 15:03:59 - [MESSAGE][PASSED] - Tapped on element 'Object Repository/SCM Mobile/Compare/Water/Dollar Unit'

2017-08-23 15:03:59 - [TEST_STEP][PASSED] - Statement - If (com.kms.katalon.core.mobile.keyword.MobileBuiltInKeywords.verifyElementVisible(com.kms.katalon.core.testobject.ObjectRepository.findTestObject(SCM Mobile/Compare/Water/Compare HighChart), 3, CONTINUE_ON_FAILURE) == true): null

2017-08-23 15:04:02 - [MESSAGE][PASSED] - Element 'Object Repository/SCM Mobile/Compare/Water/Compare HighChart' is visible

2017-08-23 15:04:02 - [TEST_STEP][PASSED] - Statement - println("Compare - Water - Dollar - HighChart is displayed"): null

2017-08-23 15:04:02 - [TEST_STEP][PASSED] - delay: Delayed 10 second(s)

2017-08-23 15:04:12 - [MESSAGE][PASSED] - Delayed 10 second(s)

2017-08-23 15:04:12 - [TEST_STEP][PASSED] - Statement - If (com.kms.katalon.core.mobile.keyword.MobileBuiltInKeywords.verifyElementVisible(com.kms.katalon.core.testobject.ObjectRepository.findTestObject(SCM Mobile/Compare/Water/HCF Unit), 3, CONTINUE_ON_FAILURE) == true): null

2017-08-23 15:04:12 - [MESSAGE][PASSED] - Element 'Object Repository/SCM Mobile/Compare/Water/HCF Unit' is visible

2017-08-23 15:04:12 - [TEST_STEP][PASSED] - Statement - println("Water HCF unit is displayed"): null

2017-08-23 15:04:12 - [TEST_STEP][PASSED] - tap: Tapped on element 'Object Repository/SCM Mobile/Compare/Water/HCF Unit'

2017-08-23 15:04:12 - [MESSAGE][PASSED] - Tapped on element 'Object Repository/SCM Mobile/Compare/Water/HCF Unit'

2017-08-23 15:04:12 - [TEST_STEP][PASSED] - Statement - If (com.kms.katalon.core.mobile.keyword.MobileBuiltInKeywords.verifyElementVisible(com.kms.katalon.core.testobject.ObjectRepository.findTestObject(SCM Mobile/Compare/Water/Compare HighChart), 3, CONTINUE_ON_FAILURE) == true): null

2017-08-23 15:04:16 - [MESSAGE][PASSED] - Element 'Object Repository/SCM Mobile/Compare/Water/Compare HighChart' is visible

2017-08-23 15:04:16 - [TEST_STEP][PASSED] - Statement - println("Compare - Water - HCF - HighChart is displayed"): null

2017-08-23 15:04:16 - [TEST_STEP][PASSED] - delay: Delayed 10 second(s)

2017-08-23 15:04:26 - [MESSAGE][PASSED] - Delayed 10 second(s)

2017-08-23 15:04:26 - [TEST_STEP][PASSED] - pressBack: Press back button successfully

2017-08-23 15:04:26 - [MESSAGE][PASSED] - Press back button successfully

2017-08-23 15:04:26 - [TEST_STEP][PASSED] - delay: Delayed 30 second(s)

2017-08-23 15:04:56 - [MESSAGE][PASSED] - Delayed 30 second(s)

2017-08-23 15:04:56 - [TEST_STEP][PASSED] - Statement - If (ls.get(index).getText().equals("Power")): null

2017-08-23 15:04:57 - [TEST_STEP][PASSED] - Statement - If (ls.get(index).getText().equals("Power")): null

2017-08-23 15:04:57 - [TEST_STEP][PASSED] - Statement - If (ls.get(index).getText().equals("Power")): null

2017-08-23 15:04:57 - [TEST_STEP][PASSED] - Statement - If (ls.get(index).getText().equals("Power")): null

2017-08-23 15:04:57 - [TEST_STEP][PASSED] - Statement - Else If (ls.get(index).getText().equals("Water")): null

2017-08-23 15:04:57 - [TEST_STEP][PASSED] - Statement - Else If (ls.get(index).getText().equals("Gas")): Delayed 30 second(s)

2017-08-23 15:04:57 - [TEST_STEP][PASSED] - Comment - "Veryfing Compare - Gas": null

2017-08-23 15:04:57 - [TEST_STEP][PASSED] - tap: Tapped on element 'Object Repository/SCM Mobile/Compare/Gas/Gas Menu'

2017-08-23 15:04:58 - [MESSAGE][PASSED] - Tapped on element 'Object Repository/SCM Mobile/Compare/Gas/Gas Menu'

2017-08-23 15:04:58 - [TEST_STEP][PASSED] - Statement - If (com.kms.katalon.core.mobile.keyword.MobileBuiltInKeywords.verifyElementVisible(com.kms.katalon.core.testobject.ObjectRepository.findTestObject(SCM Mobile/Compare/Gas/Dollar Unit), 10, CONTINUE_ON_FAILURE) == true): null

2017-08-23 15:05:03 - [MESSAGE][PASSED] - Element 'Object Repository/SCM Mobile/Compare/Gas/Dollar Unit' is visible

2017-08-23 15:05:03 - [TEST_STEP][PASSED] - Statement - println("Gas Dollar unit is displayed"): null

2017-08-23 15:05:03 - [TEST_STEP][PASSED] - tap: Tapped on element 'Object Repository/SCM Mobile/Compare/Gas/Dollar Unit'

2017-08-23 15:05:03 - [MESSAGE][PASSED] - Tapped on element 'Object Repository/SCM Mobile/Compare/Gas/Dollar Unit'

2017-08-23 15:05:03 - [TEST_STEP][PASSED] - Statement - If (com.kms.katalon.core.mobile.keyword.MobileBuiltInKeywords.verifyElementVisible(com.kms.katalon.core.testobject.ObjectRepository.findTestObject(SCM Mobile/Compare/Gas/Compare HighChart), 3, CONTINUE_ON_FAILURE) == true): null

2017-08-23 15:05:04 - [MESSAGE][PASSED] - Element 'Object Repository/SCM Mobile/Compare/Gas/Compare HighChart' is visible

2017-08-23 15:05:04 - [TEST_STEP][PASSED] - Statement - println("Compare - Gas - Dollar - HighChart is displayed"): null

2017-08-23 15:05:04 - [TEST_STEP][PASSED] - delay: Delayed 10 second(s)

2017-08-23 15:05:14 - [MESSAGE][PASSED] - Delayed 10 second(s)

2017-08-23 15:05:14 - [TEST_STEP][PASSED] - Statement - If (com.kms.katalon.core.mobile.keyword.MobileBuiltInKeywords.verifyElementVisible(com.kms.katalon.core.testobject.ObjectRepository.findTestObject(SCM Mobile/Compare/Gas/CCF Unit), 3, CONTINUE_ON_FAILURE) == true): null

2017-08-23 15:05:15 - [MESSAGE][PASSED] - Element 'Object Repository/SCM Mobile/Compare/Gas/CCF Unit' is visible

2017-08-23 15:05:15 - [TEST_STEP][PASSED] - Statement - println("Gas CCF unit is displayed"): null

2017-08-23 15:05:15 - [TEST_STEP][PASSED] - tap: Tapped on element 'Object Repository/SCM Mobile/Compare/Gas/CCF Unit'

2017-08-23 15:05:15 - [MESSAGE][PASSED] - Tapped on element 'Object Repository/SCM Mobile/Compare/Gas/CCF Unit'

2017-08-23 15:05:15 - [TEST_STEP][PASSED] - Statement - If (com.kms.katalon.core.mobile.keyword.MobileBuiltInKeywords.verifyElementVisible(com.kms.katalon.core.testobject.ObjectRepository.findTestObject(SCM Mobile/Compare/Gas/Compare HighChart), 3, CONTINUE_ON_FAILURE) == true): null

2017-08-23 15:05:17 - [MESSAGE][PASSED] - Element 'Object Repository/SCM Mobile/Compare/Gas/Compare HighChart' is visible

2017-08-23 15:05:17 - [TEST_STEP][PASSED] - Statement - println("Compare - Gas - CCF - HighChart is displayed"): null

2017-08-23 15:05:17 - [TEST_STEP][PASSED] - delay: Delayed 10 second(s)

2017-08-23 15:05:27 - [MESSAGE][PASSED] - Delayed 10 second(s)

2017-08-23 15:05:27 - [TEST_STEP][PASSED] - pressBack: Press back button successfully

2017-08-23 15:05:27 - [MESSAGE][PASSED] - Press back button successfully

2017-08-23 15:05:27 - [TEST_STEP][PASSED] - delay: Delayed 30 second(s)

2017-08-23 15:05:57 - [MESSAGE][PASSED] - Delayed 30 second(s)

2017-08-23 15:05:57 - [TEST_STEP][PASSED] - Statement - If (ls.get(index).getText().equals("Power")): null

2017-08-23 15:05:58 - [TEST_STEP][PASSED] - Statement - If (ls.get(index).getText().equals("Power")): null

2017-08-23 15:05:58 - [TEST_STEP][PASSED] - Statement - If (ls.get(index).getText().equals("Power")): null

2017-08-23 15:05:58 - [TEST_STEP][PASSED] - Statement - If (ls.get(index).getText().equals("Power")): null

2017-08-23 15:05:58 - [TEST_STEP][PASSED] - Statement - If (ls.get(index).getText().equals("Power")): null

2017-08-23 15:05:58 - [TEST_STEP][PASSED] - delay: Delayed 10 second(s)

2017-08-23 15:06:08 - [MESSAGE][PASSED] - Delayed 10 second(s)

2017-08-23 15:06:08 - [TEST_STEP][PASSED] - pressBack: Press back button successfully

2017-08-23 15:06:09 - [MESSAGE][PASSED] - Press back button successfully]]></system-out>
         <system-err><![CDATA[]]></system-err>
      </testcase>
      <testcase name="Test Cases/Electric Vehicle" classname="Test Cases/Electric Vehicle" status="PASSED">
         <system-out><![CDATA[2017-08-23 15:06:09 - [TEST_CASE][PASSED] - Test Cases/Electric Vehicle: Test Cases/Electric Vehicle

2017-08-23 15:06:09 - [TEST_STEP][PASSED] - Statement - messageText = null: null

2017-08-23 15:06:09 - [TEST_STEP][PASSED] - Statement - bResult = false: null

2017-08-23 15:06:09 - [TEST_STEP][PASSED] - Statement - bResult1 = true: null

2017-08-23 15:06:09 - [TEST_STEP][PASSED] - Statement - sCar = null: null

2017-08-23 15:06:09 - [TEST_STEP][PASSED] - Statement - If (com.kms.katalon.core.mobile.keyword.MobileBuiltInKeywords.verifyElementVisible(com.kms.katalon.core.testobject.ObjectRepository.findTestObject(SCM Mobile/LandingPage/EV Menu), 3, CONTINUE_ON_FAILURE) == false): Element 'Object Repository/SCM Mobile/LandingPage/EV Menu' is visible

2017-08-23 15:06:12 - [MESSAGE][PASSED] - Element 'Object Repository/SCM Mobile/LandingPage/EV Menu' is visible

2017-08-23 15:06:12 - [TEST_STEP][PASSED] - Statement - Else: Press back button successfully

2017-08-23 15:06:12 - [TEST_STEP][PASSED] - tap: Tapped on element 'Object Repository/SCM Mobile/LandingPage/EV Menu'

2017-08-23 15:06:13 - [MESSAGE][PASSED] - Tapped on element 'Object Repository/SCM Mobile/LandingPage/EV Menu'

2017-08-23 15:06:13 - [TEST_STEP][PASSED] - delay: Delayed 10 second(s)

2017-08-23 15:06:23 - [MESSAGE][PASSED] - Delayed 10 second(s)

2017-08-23 15:06:23 - [TEST_STEP][PASSED] - Statement - driver = com.kms.katalon.core.mobile.keyword.internal.MobileDriverFactory.getDriver(): null

2017-08-23 15:06:23 - [TEST_STEP][PASSED] - Statement - ls = driver.findElementsByClassName("android.widget.TextView"): null

2017-08-23 15:06:23 - [TEST_STEP][PASSED] - Statement - println(ls.size()): null

2017-08-23 15:06:23 - [TEST_STEP][PASSED] - Statement - For ([index = 0, index < ls.size(), (index++)]): null

2017-08-23 15:06:23 - [TEST_STEP][PASSED] - Statement - If (ls.get(index).getText().equals("Electric Vehicle")): null

2017-08-23 15:06:23 - [TEST_STEP][PASSED] - Statement - If (ls.get(index).getText().equals("Electric Vehicle")): Delayed 10 second(s)

2017-08-23 15:06:24 - [TEST_STEP][PASSED] - delay: Delayed 10 second(s)

2017-08-23 15:06:34 - [MESSAGE][PASSED] - Delayed 10 second(s)

2017-08-23 15:06:34 - [TEST_STEP][PASSED] - tap: Tapped on element 'Object Repository/SCM Mobile/Electric Vehicle/EV/Electric Vehicle Menu'

2017-08-23 15:06:34 - [MESSAGE][PASSED] - Tapped on element 'Object Repository/SCM Mobile/Electric Vehicle/EV/Electric Vehicle Menu'

2017-08-23 15:06:34 - [TEST_STEP][PASSED] - tap: Tapped on element 'Object Repository/SCM Mobile/Electric Vehicle/EV/Add Button'

2017-08-23 15:06:37 - [MESSAGE][PASSED] - Tapped on element 'Object Repository/SCM Mobile/Electric Vehicle/EV/Add Button'

2017-08-23 15:06:37 - [TEST_STEP][PASSED] - Statement - lCarList = driver.findElementsByClassName("android.widget.CheckedTextView"): null

2017-08-23 15:06:39 - [TEST_STEP][PASSED] - Statement - println(lCarList.size()): null

2017-08-23 15:06:39 - [TEST_STEP][PASSED] - Statement - For ([index1 = 0, index1 < 1, (index1++)]): null

2017-08-23 15:06:39 - [TEST_STEP][PASSED] - Statement - If (lCarList.get(index1).isSelected() == true): null

2017-08-23 15:06:39 - [TEST_STEP][PASSED] - Statement - Else: null

2017-08-23 15:06:39 - [TEST_STEP][PASSED] - Statement - bResult = false: null

2017-08-23 15:06:39 - [TEST_STEP][PASSED] - Statement - sCar = lCarList.get(index1).getText(): null

2017-08-23 15:06:39 - [TEST_STEP][PASSED] - Statement - lCarList.get(index1).click(): null

2017-08-23 15:06:39 - [TEST_STEP][PASSED] - Statement - println(lCarList.get(index1).getText() + " is selected"): null

2017-08-23 15:06:40 - [TEST_STEP][PASSED] - tap: Tapped on element 'Object Repository/SCM Mobile/Electric Vehicle/EV/Save Button'

2017-08-23 15:06:40 - [MESSAGE][PASSED] - Tapped on element 'Object Repository/SCM Mobile/Electric Vehicle/EV/Save Button'

2017-08-23 15:06:40 - [TEST_STEP][PASSED] - Statement - messageText = com.kms.katalon.core.mobile.keyword.MobileBuiltInKeywords.getAttribute(com.kms.katalon.core.testobject.ObjectRepository.findTestObject(SCM Mobile/Electric Vehicle/EV/EV Setting Save Text), "text", 5, CONTINUE_ON_FAILURE): Element 'Object Repository/SCM Mobile/Electric Vehicle/EV/EV Setting Save Text' has attribute 'text' is 'Your settings have been saved successfully.'

2017-08-23 15:06:42 - [MESSAGE][PASSED] - Element 'Object Repository/SCM Mobile/Electric Vehicle/EV/EV Setting Save Text' has attribute 'text' is 'Your settings have been saved successfully.'

2017-08-23 15:06:42 - [TEST_STEP][PASSED] - Statement - If (messageText.equals(null)): null

2017-08-23 15:06:42 - [TEST_STEP][PASSED] - Statement - Else: null

2017-08-23 15:06:42 - [TEST_STEP][PASSED] - Statement - If (messageText.equals("Your settings have been saved successfully.")): null

2017-08-23 15:06:42 - [TEST_STEP][PASSED] - Statement - out.println("Your EV settings have been saved successfully."): null

2017-08-23 15:06:42 - [TEST_STEP][PASSED] - tap: Tapped on element 'Object Repository/SCM Mobile/Electric Vehicle/EV/EV Setting Save Popup Ok Button'

2017-08-23 15:06:42 - [MESSAGE][PASSED] - Tapped on element 'Object Repository/SCM Mobile/Electric Vehicle/EV/EV Setting Save Popup Ok Button'

2017-08-23 15:06:42 - [TEST_STEP][PASSED] - Comment - "Checking Selected/UnSelected Car in the Car List DropDown": null

2017-08-23 15:06:42 - [TEST_STEP][PASSED] - tap: Tapped on element 'Object Repository/SCM Mobile/Electric Vehicle/EV/Select Car Button'

2017-08-23 15:06:44 - [MESSAGE][PASSED] - Tapped on element 'Object Repository/SCM Mobile/Electric Vehicle/EV/Select Car Button'

2017-08-23 15:06:44 - [TEST_STEP][PASSED] - Statement - lCarList1 = driver.findElementsByClassName("android.widget.CheckedTextView"): null

2017-08-23 15:06:46 - [TEST_STEP][PASSED] - Statement - println(lCarList1.size()): null

2017-08-23 15:06:46 - [TEST_STEP][PASSED] - Statement - If (bResult == false): null

2017-08-23 15:06:46 - [TEST_STEP][PASSED] - Statement - For ([index1 = 0, index1 < lCarList1.size(), (index1++)]): null

2017-08-23 15:06:46 - [TEST_STEP][PASSED] - Statement - If (lCarList1.get(index1).getText().equals(sCar)): null

2017-08-23 15:06:46 - [TEST_STEP][PASSED] - Statement - If (lCarList1.get(index1).getText().equals(sCar)): null

2017-08-23 15:06:46 - [TEST_STEP][PASSED] - Statement - If (lCarList1.get(index1).getText().equals(sCar)): null

2017-08-23 15:06:46 - [TEST_STEP][PASSED] - Statement - bResult1 = false: null

2017-08-23 15:06:46 - [TEST_STEP][PASSED] - Statement - If (bResult1 == true): null

2017-08-23 15:06:46 - [TEST_STEP][PASSED] - Statement - Else: null

2017-08-23 15:06:46 - [TEST_STEP][PASSED] - Statement - println("SomeThing is wrong, Please check EV car Add functionality manually"): null

2017-08-23 15:06:46 - [TEST_STEP][PASSED] - pressBack: Press back button successfully

2017-08-23 15:06:46 - [MESSAGE][PASSED] - Press back button successfully

2017-08-23 15:06:46 - [TEST_STEP][PASSED] - delay: Delayed 10 second(s)

2017-08-23 15:06:56 - [MESSAGE][PASSED] - Delayed 10 second(s)

2017-08-23 15:06:56 - [TEST_STEP][PASSED] - pressBack: Press back button successfully

2017-08-23 15:06:57 - [MESSAGE][PASSED] - Press back button successfully

2017-08-23 15:06:57 - [TEST_STEP][PASSED] - delay: Delayed 10 second(s)

2017-08-23 15:07:07 - [MESSAGE][PASSED] - Delayed 10 second(s)

2017-08-23 15:07:07 - [TEST_STEP][PASSED] - Statement - If (ls.get(index).getText().equals("Electric Vehicle")): Delayed 10 second(s)

2017-08-23 15:07:07 - [TEST_STEP][PASSED] - delay: Delayed 10 second(s)

2017-08-23 15:07:17 - [MESSAGE][PASSED] - Delayed 10 second(s)

2017-08-23 15:07:17 - [TEST_STEP][PASSED] - tap: Tapped on element 'Object Repository/SCM Mobile/Electric Vehicle/EV/Electric Vehicle Menu'

2017-08-23 15:07:17 - [MESSAGE][PASSED] - Tapped on element 'Object Repository/SCM Mobile/Electric Vehicle/EV/Electric Vehicle Menu'

2017-08-23 15:07:17 - [TEST_STEP][PASSED] - tap: Tapped on element 'Object Repository/SCM Mobile/Electric Vehicle/EV/Add Button'

2017-08-23 15:07:19 - [MESSAGE][PASSED] - Tapped on element 'Object Repository/SCM Mobile/Electric Vehicle/EV/Add Button'

2017-08-23 15:07:19 - [TEST_STEP][PASSED] - Statement - lCarList = driver.findElementsByClassName("android.widget.CheckedTextView"): null

2017-08-23 15:07:22 - [TEST_STEP][PASSED] - Statement - println(lCarList.size()): null

2017-08-23 15:07:22 - [TEST_STEP][PASSED] - Statement - For ([index1 = 0, index1 < 1, (index1++)]): null

2017-08-23 15:07:22 - [TEST_STEP][PASSED] - Statement - If (lCarList.get(index1).isSelected() == true): null

2017-08-23 15:07:22 - [TEST_STEP][PASSED] - Statement - Else: null

2017-08-23 15:07:22 - [TEST_STEP][PASSED] - Statement - bResult = false: null

2017-08-23 15:07:22 - [TEST_STEP][PASSED] - Statement - sCar = lCarList.get(index1).getText(): null

2017-08-23 15:07:22 - [TEST_STEP][PASSED] - Statement - lCarList.get(index1).click(): null

2017-08-23 15:07:22 - [TEST_STEP][PASSED] - Statement - println(lCarList.get(index1).getText() + " is selected"): null

2017-08-23 15:07:22 - [TEST_STEP][PASSED] - tap: Tapped on element 'Object Repository/SCM Mobile/Electric Vehicle/EV/Save Button'

2017-08-23 15:07:23 - [MESSAGE][PASSED] - Tapped on element 'Object Repository/SCM Mobile/Electric Vehicle/EV/Save Button'

2017-08-23 15:07:23 - [TEST_STEP][PASSED] - Statement - messageText = com.kms.katalon.core.mobile.keyword.MobileBuiltInKeywords.getAttribute(com.kms.katalon.core.testobject.ObjectRepository.findTestObject(SCM Mobile/Electric Vehicle/EV/EV Setting Save Text), "text", 5, CONTINUE_ON_FAILURE): Element 'Object Repository/SCM Mobile/Electric Vehicle/EV/EV Setting Save Text' has attribute 'text' is 'Your settings have been saved successfully.'

2017-08-23 15:07:25 - [MESSAGE][PASSED] - Element 'Object Repository/SCM Mobile/Electric Vehicle/EV/EV Setting Save Text' has attribute 'text' is 'Your settings have been saved successfully.'

2017-08-23 15:07:25 - [TEST_STEP][PASSED] - Statement - If (messageText.equals(null)): null

2017-08-23 15:07:25 - [TEST_STEP][PASSED] - Statement - Else: null

2017-08-23 15:07:25 - [TEST_STEP][PASSED] - Statement - If (messageText.equals("Your settings have been saved successfully.")): null

2017-08-23 15:07:25 - [TEST_STEP][PASSED] - Statement - out.println("Your EV settings have been saved successfully."): null

2017-08-23 15:07:25 - [TEST_STEP][PASSED] - tap: Tapped on element 'Object Repository/SCM Mobile/Electric Vehicle/EV/EV Setting Save Popup Ok Button'

2017-08-23 15:07:25 - [MESSAGE][PASSED] - Tapped on element 'Object Repository/SCM Mobile/Electric Vehicle/EV/EV Setting Save Popup Ok Button'

2017-08-23 15:07:25 - [TEST_STEP][PASSED] - Comment - "Checking Selected/UnSelected Car in the Car List DropDown": null

2017-08-23 15:07:25 - [TEST_STEP][PASSED] - tap: Tapped on element 'Object Repository/SCM Mobile/Electric Vehicle/EV/Select Car Button'

2017-08-23 15:07:27 - [MESSAGE][PASSED] - Tapped on element 'Object Repository/SCM Mobile/Electric Vehicle/EV/Select Car Button'

2017-08-23 15:07:27 - [TEST_STEP][PASSED] - Statement - lCarList1 = driver.findElementsByClassName("android.widget.CheckedTextView"): null

2017-08-23 15:07:28 - [TEST_STEP][PASSED] - Statement - println(lCarList1.size()): null

2017-08-23 15:07:28 - [TEST_STEP][PASSED] - Statement - If (bResult == false): null

2017-08-23 15:07:28 - [TEST_STEP][PASSED] - Statement - For ([index1 = 0, index1 < lCarList1.size(), (index1++)]): null

2017-08-23 15:07:28 - [TEST_STEP][PASSED] - Statement - If (lCarList1.get(index1).getText().equals(sCar)): null

2017-08-23 15:07:28 - [TEST_STEP][PASSED] - Statement - If (lCarList1.get(index1).getText().equals(sCar)): null

2017-08-23 15:07:28 - [TEST_STEP][PASSED] - Statement - If (bResult1 == true): null

2017-08-23 15:07:28 - [TEST_STEP][PASSED] - Statement - Else: null

2017-08-23 15:07:28 - [TEST_STEP][PASSED] - Statement - println("SomeThing is wrong, Please check EV car Add functionality manually"): null

2017-08-23 15:07:28 - [TEST_STEP][PASSED] - pressBack: Press back button successfully

2017-08-23 15:07:29 - [MESSAGE][PASSED] - Press back button successfully

2017-08-23 15:07:29 - [TEST_STEP][PASSED] - delay: Delayed 10 second(s)

2017-08-23 15:07:39 - [MESSAGE][PASSED] - Delayed 10 second(s)

2017-08-23 15:07:39 - [TEST_STEP][PASSED] - pressBack: Press back button successfully

2017-08-23 15:07:39 - [MESSAGE][PASSED] - Press back button successfully

2017-08-23 15:07:39 - [TEST_STEP][PASSED] - delay: Delayed 10 second(s)

2017-08-23 15:07:49 - [MESSAGE][PASSED] - Delayed 10 second(s)

2017-08-23 15:07:49 - [TEST_STEP][PASSED] - Statement - If (ls.get(index).getText().equals("Electric Vehicle")): null

2017-08-23 15:07:49 - [TEST_STEP][PASSED] - Statement - If (ls.get(index).getText().equals("Electric Vehicle")): null

2017-08-23 15:07:49 - [TEST_STEP][PASSED] - Statement - If (ls.get(index).getText().equals("Electric Vehicle")): null

2017-08-23 15:07:49 - [TEST_STEP][PASSED] - Statement - If (ls.get(index).getText().equals("Electric Vehicle")): null

2017-08-23 15:07:49 - [TEST_STEP][PASSED] - Statement - If (ls.get(index).getText().equals("Electric Vehicle")): null

2017-08-23 15:07:49 - [TEST_STEP][PASSED] - Statement - If (ls.get(index).getText().equals("Electric Vehicle")): null

2017-08-23 15:07:50 - [TEST_STEP][PASSED] - delay: Delayed 10 second(s)

2017-08-23 15:08:00 - [MESSAGE][PASSED] - Delayed 10 second(s)

2017-08-23 15:08:00 - [TEST_STEP][PASSED] - pressBack: Press back button successfully

2017-08-23 15:08:00 - [MESSAGE][PASSED] - Press back button successfully]]></system-out>
         <system-err><![CDATA[]]></system-err>
      </testcase>
      <system-out><![CDATA[2017-08-23 14:25:12 - [TEST_SUITE][FAILED] - Mobile Automation Test Suite: Test Cases/Usage FAILED because (of) Element 'Object Repository/SCM Mobile/Usage/Solar/Usage HighChart' not found]]></system-out>
      <system-err><![CDATA[2017-08-23 14:25:12 - [TEST_SUITE][FAILED] - Mobile Automation Test Suite: Test Cases/Usage FAILED because (of) Element 'Object Repository/SCM Mobile/Usage/Solar/Usage HighChart' not found]]></system-err>
   </testsuite>
</testsuites>
