<?xml version="1.0" encoding="UTF-8"?>
<testsuites name="Mobile Automation Test Suite" time="898" tests="4" failures="6" errors="0">
   <testsuite name="Mobile Automation Test Suite" tests="4" failures="6" errors="0" time="898" timestamp="2017-08-24 11:10:50" hostname="Sahil.Dheer - suslap-2015-112.sus.local" id="Test Suites/Mobile Automation Test Suite">
      <properties>
         <property name="deviceName" value=""/>
         <property name="devicePlatform" value=""/>
         <property name="logFolder" value="E:\\Katalon_Studio_Windows_64-4.7.1\\Mobile Automation\\Reports\\Mobile Automation Test Suite\\20170824_111048"/>
         <property name="logFiles" value="E:\\Katalon_Studio_Windows_64-4.7.1\\Mobile Automation\\Reports\\Mobile Automation Test Suite\\20170824_111048\\appium.log, E:\\Katalon_Studio_Windows_64-4.7.1\\Mobile Automation\\Reports\\Mobile Automation Test Suite\\20170824_111048\\execution0.log"/>
         <property name="attachments" value=""/>
         <property name="hostName" value="Sahil.Dheer - suslap-2015-112.sus.local"/>
         <property name="hostAddress" value="192.168.56.1"/>
         <property name="os" value="Windows 7 64bit"/>
         <property name="katalonVersion" value="4.7.1.1"/>
         <property name="appiumVersion" value="1.6.5"/>
      </properties>
      <testcase name="Test Cases/PreLogIn" classname="Test Cases/PreLogIn" status="PASSED">
         <system-out><![CDATA[2017-08-24 11:10:50 - [TEST_CASE][PASSED] - Test Cases/PreLogIn: Test Cases/PreLogIn

2017-08-24 11:10:51 - [TEST_STEP][PASSED] - Statement - messageText = null: null

2017-08-24 11:10:51 - [TEST_STEP][PASSED] - Statement - transactionId = null: null

2017-08-24 11:10:51 - [TEST_STEP][PASSED] - startApplication: Started app at: 'E:\app-debug.apk'

2017-08-24 11:11:42 - [MESSAGE][PASSED] - Started app at: 'E:\app-debug.apk'

2017-08-24 11:11:42 - [TEST_STEP][PASSED] - delay: Delayed 30 second(s)

2017-08-24 11:12:12 - [MESSAGE][PASSED] - Delayed 30 second(s)

2017-08-24 11:12:12 - [TEST_STEP][PASSED] - getCurrentOrientation: Current screen orientation of the device is 'portrait'

2017-08-24 11:12:13 - [MESSAGE][PASSED] - Current screen orientation of the device is 'portrait'

2017-08-24 11:12:13 - [TEST_STEP][PASSED] - getDeviceHeight: Current device physical height is 1920

2017-08-24 11:12:13 - [MESSAGE][PASSED] - Current device physical height is 1920

2017-08-24 11:12:13 - [TEST_STEP][PASSED] - getDeviceOS: Device OS name is: 'Android'

2017-08-24 11:12:13 - [MESSAGE][PASSED] - Device OS name is: 'Android'

2017-08-24 11:12:13 - [TEST_STEP][PASSED] - getDeviceOSVersion: Device OS version is: '5.0.1'

2017-08-24 11:12:13 - [MESSAGE][PASSED] - Device OS version is: '5.0.1'

2017-08-24 11:12:13 - [TEST_STEP][PASSED] - delay: Delayed 30 second(s)

2017-08-24 11:12:43 - [MESSAGE][PASSED] - Delayed 30 second(s)

2017-08-24 11:12:43 - [TEST_STEP][PASSED] - Statement - sDeviceVersion = com.kms.katalon.core.mobile.keyword.MobileBuiltInKeywords.getDeviceOSVersion(): Device OS version is: '5.0.1'

2017-08-24 11:12:43 - [MESSAGE][PASSED] - Device OS version is: '5.0.1'

2017-08-24 11:12:43 - [TEST_STEP][PASSED] - Statement - s2 = sDeviceVersion.split("\."): null

2017-08-24 11:12:43 - [TEST_STEP][PASSED] - Statement - s3 = s2[0]: null

2017-08-24 11:12:43 - [TEST_STEP][PASSED] - Statement - iAndroidVersion = java.lang.Integer.parseInt(s3): null

2017-08-24 11:12:43 - [TEST_STEP][PASSED] - getDeviceWidth: Current device physical width is 1080

2017-08-24 11:12:44 - [MESSAGE][PASSED] - Current device physical width is 1080

2017-08-24 11:12:44 - [TEST_STEP][PASSED] - Statement - If (iAndroidVersion > 5): null

2017-08-24 11:12:44 - [TEST_STEP][PASSED] - Statement - Else: null

2017-08-24 11:12:44 - [TEST_STEP][PASSED] - Statement - out.println("Device Version less than 5.0, so no permissions displayed"): null

2017-08-24 11:12:44 - [TEST_STEP][PASSED] - delay: Delayed 120 second(s)

2017-08-24 11:14:44 - [MESSAGE][PASSED] - Delayed 120 second(s)

2017-08-24 11:14:44 - [TEST_STEP][PASSED] - Statement - If (com.kms.katalon.core.mobile.keyword.MobileBuiltInKeywords.verifyElementVisible(com.kms.katalon.core.testobject.ObjectRepository.findTestObject(SCM Mobile/PreLogin/PreLogin Client Logo), 3) == true): null

2017-08-24 11:14:44 - [MESSAGE][PASSED] - Element 'Object Repository/SCM Mobile/PreLogin/PreLogin Client Logo' is visible

2017-08-24 11:14:44 - [TEST_STEP][PASSED] - Statement - out.println("Client Logo is Displayed"): null

2017-08-24 11:14:44 - [TEST_STEP][PASSED] - Statement - If (com.kms.katalon.core.mobile.keyword.MobileBuiltInKeywords.verifyElementVisible(com.kms.katalon.core.testobject.ObjectRepository.findTestObject(SCM Mobile/PreLogin/MoreOptionsMenu), 3) == true): null

2017-08-24 11:14:45 - [MESSAGE][PASSED] - Element 'Object Repository/SCM Mobile/PreLogin/MoreOptionsMenu' is visible

2017-08-24 11:14:45 - [TEST_STEP][PASSED] - Statement - out.println("More Option Icon is Displayed"): null

2017-08-24 11:14:45 - [TEST_STEP][PASSED] - tap: Tapped on element 'Object Repository/SCM Mobile/PreLogin/MoreOptionsMenu'

2017-08-24 11:14:45 - [MESSAGE][PASSED] - Tapped on element 'Object Repository/SCM Mobile/PreLogin/MoreOptionsMenu'

2017-08-24 11:14:45 - [TEST_STEP][PASSED] - Statement - If (com.kms.katalon.core.mobile.keyword.MobileBuiltInKeywords.verifyElementVisible(com.kms.katalon.core.testobject.ObjectRepository.findTestObject(SCM Mobile/PreLogin/MoreOptionsMenu Application CopyRight Text), 3) == true): null

2017-08-24 11:14:47 - [MESSAGE][PASSED] - Element 'Object Repository/SCM Mobile/PreLogin/MoreOptionsMenu Application CopyRight Text' is visible

2017-08-24 11:14:47 - [TEST_STEP][PASSED] - Statement - out.println("Application CopyRight is Displayed"): null

2017-08-24 11:14:47 - [TEST_STEP][PASSED] - Statement - messageText = com.kms.katalon.core.mobile.keyword.MobileBuiltInKeywords.getAttribute(com.kms.katalon.core.testobject.ObjectRepository.findTestObject(SCM Mobile/PreLogin/MoreOptionsMenu Application CopyRight Text), "text", 5, CONTINUE_ON_FAILURE): Element 'Object Repository/SCM Mobile/PreLogin/MoreOptionsMenu Application CopyRight Text' has attribute 'text' is 'Copyright © 2017 Smart Energy Systems | All rights reserved.'

2017-08-24 11:14:47 - [MESSAGE][PASSED] - Element 'Object Repository/SCM Mobile/PreLogin/MoreOptionsMenu Application CopyRight Text' has attribute 'text' is 'Copyright © 2017 Smart Energy Systems | All rights reserved.'

2017-08-24 11:14:47 - [TEST_STEP][PASSED] - Statement - If (messageText.equals("Copyright © 2017 Smart Energy Systems | All rights reserved.")): null

2017-08-24 11:14:47 - [TEST_STEP][PASSED] - Statement - out.println("Copyright © Text is matching with the Expected Text"): null

2017-08-24 11:14:47 - [TEST_STEP][PASSED] - Statement - If (com.kms.katalon.core.mobile.keyword.MobileBuiltInKeywords.verifyElementVisible(com.kms.katalon.core.testobject.ObjectRepository.findTestObject(SCM Mobile/PreLogin/MoreOptionsMenu Application Environment and ReleaseDate), 3) == true): null

2017-08-24 11:14:47 - [MESSAGE][PASSED] - Element 'Object Repository/SCM Mobile/PreLogin/MoreOptionsMenu Application Environment and ReleaseDate' is visible

2017-08-24 11:14:47 - [TEST_STEP][PASSED] - Statement - out.println("Environment and Release Date is Displayed"): null

2017-08-24 11:14:47 - [TEST_STEP][PASSED] - Statement - messageText = com.kms.katalon.core.mobile.keyword.MobileBuiltInKeywords.getAttribute(com.kms.katalon.core.testobject.ObjectRepository.findTestObject(SCM Mobile/PreLogin/MoreOptionsMenu Application Environment and ReleaseDate), "text", 5, CONTINUE_ON_FAILURE): Element 'Object Repository/SCM Mobile/PreLogin/MoreOptionsMenu Application Environment and ReleaseDate' has attribute 'text' is 'QA | 15/June'

2017-08-24 11:14:48 - [MESSAGE][PASSED] - Element 'Object Repository/SCM Mobile/PreLogin/MoreOptionsMenu Application Environment and ReleaseDate' has attribute 'text' is 'QA | 15/June'

2017-08-24 11:14:48 - [TEST_STEP][PASSED] - Statement - If (messageText.equals("QA | 15/June")): null

2017-08-24 11:14:48 - [TEST_STEP][PASSED] - Statement - out.println("Environment and ReleaseDate is matching with the Expeced Text"): null

2017-08-24 11:14:48 - [TEST_STEP][PASSED] - Statement - If (com.kms.katalon.core.mobile.keyword.MobileBuiltInKeywords.verifyElementVisible(com.kms.katalon.core.testobject.ObjectRepository.findTestObject(SCM Mobile/PreLogin/MoreOptionsMenu Application Version), 3) == true): null

2017-08-24 11:14:48 - [MESSAGE][PASSED] - Element 'Object Repository/SCM Mobile/PreLogin/MoreOptionsMenu Application Version' is visible

2017-08-24 11:14:48 - [TEST_STEP][PASSED] - Statement - out.println("Application Version is Displayed"): null

2017-08-24 11:14:48 - [TEST_STEP][PASSED] - Statement - messageText = com.kms.katalon.core.mobile.keyword.MobileBuiltInKeywords.getAttribute(com.kms.katalon.core.testobject.ObjectRepository.findTestObject(SCM Mobile/PreLogin/MoreOptionsMenu Application Version), "text", 5, CONTINUE_ON_FAILURE): Element 'Object Repository/SCM Mobile/PreLogin/MoreOptionsMenu Application Version' has attribute 'text' is 'Version: 6.7'

2017-08-24 11:14:48 - [MESSAGE][PASSED] - Element 'Object Repository/SCM Mobile/PreLogin/MoreOptionsMenu Application Version' has attribute 'text' is 'Version: 6.7'

2017-08-24 11:14:48 - [TEST_STEP][PASSED] - Statement - If (messageText.equals("Version: 6.7")): null

2017-08-24 11:14:48 - [TEST_STEP][PASSED] - Statement - out.println("Application Version is matching with the Expeced Text"): null

2017-08-24 11:14:48 - [TEST_STEP][PASSED] - Statement - If (com.kms.katalon.core.mobile.keyword.MobileBuiltInKeywords.verifyElementVisible(com.kms.katalon.core.testobject.ObjectRepository.findTestObject(SCM Mobile/PreLogin/MoreOptionsMenu Company Logo), 3) == true): null

2017-08-24 11:14:49 - [MESSAGE][PASSED] - Element 'Object Repository/SCM Mobile/PreLogin/MoreOptionsMenu Company Logo' is visible

2017-08-24 11:14:49 - [TEST_STEP][PASSED] - Statement - out.println("Company Logo is Displayed"): null

2017-08-24 11:14:49 - [TEST_STEP][PASSED] - tap: Tapped on element 'Object Repository/SCM Mobile/PreLoginPayBill/PayBillMenu'

2017-08-24 11:14:49 - [MESSAGE][PASSED] - Tapped on element 'Object Repository/SCM Mobile/PreLoginPayBill/PayBillMenu'

2017-08-24 11:14:49 - [TEST_STEP][PASSED] - tap: Tapped on element 'Object Repository/SCM Mobile/PreLoginPayBill/PayBillMenu'

2017-08-24 11:14:51 - [MESSAGE][PASSED] - Tapped on element 'Object Repository/SCM Mobile/PreLoginPayBill/PayBillMenu'

2017-08-24 11:14:51 - [TEST_STEP][PASSED] - setText: Text '00000291' has been set to element 'Object Repository/SCM Mobile/PreLoginPayBill/Customer Account Number TextBox'

2017-08-24 11:15:01 - [MESSAGE][PASSED] - Text '00000291' has been set to element 'Object Repository/SCM Mobile/PreLoginPayBill/Customer Account Number TextBox'

2017-08-24 11:15:01 - [TEST_STEP][PASSED] - setText: Text '999-999-9999' has been set to element 'Object Repository/SCM Mobile/PreLoginPayBill/Customer Mobile Number TextBox'

2017-08-24 11:15:10 - [MESSAGE][PASSED] - Text '999-999-9999' has been set to element 'Object Repository/SCM Mobile/PreLoginPayBill/Customer Mobile Number TextBox'

2017-08-24 11:15:10 - [TEST_STEP][PASSED] - hideKeyboard: Keyboard is hidden

2017-08-24 11:15:15 - [MESSAGE][PASSED] - Keyboard is hidden

2017-08-24 11:15:16 - [TEST_STEP][PASSED] - checkElement: Element 'Object Repository/SCM Mobile/PreLoginPayBill/Agree CheckBox' is checked

2017-08-24 11:15:16 - [MESSAGE][PASSED] - Element 'Object Repository/SCM Mobile/PreLoginPayBill/Agree CheckBox' is checked

2017-08-24 11:15:16 - [TEST_STEP][PASSED] - tap: Tapped on element 'Object Repository/SCM Mobile/PreLoginPayBill/Next Button'

2017-08-24 11:15:17 - [MESSAGE][PASSED] - Tapped on element 'Object Repository/SCM Mobile/PreLoginPayBill/Next Button'

2017-08-24 11:15:17 - [TEST_STEP][PASSED] - tap: Tapped on element 'Object Repository/SCM Mobile/PreLoginPayBill/Make Payment Button'

2017-08-24 11:15:19 - [MESSAGE][PASSED] - Tapped on element 'Object Repository/SCM Mobile/PreLoginPayBill/Make Payment Button'

2017-08-24 11:15:19 - [TEST_STEP][PASSED] - setText: Text '1' has been set to element 'Object Repository/SCM Mobile/PreLoginPayBill/Enter Amount TextBox'

2017-08-24 11:15:29 - [MESSAGE][PASSED] - Text '1' has been set to element 'Object Repository/SCM Mobile/PreLoginPayBill/Enter Amount TextBox'

2017-08-24 11:15:29 - [TEST_STEP][PASSED] - hideKeyboard: Keyboard is hidden

2017-08-24 11:15:34 - [MESSAGE][PASSED] - Keyboard is hidden

2017-08-24 11:15:34 - [TEST_STEP][PASSED] - setText: Text 'Test Card Holder' has been set to element 'Object Repository/SCM Mobile/PreLoginPayBill/Name On Credit Card TextBox'

2017-08-24 11:15:42 - [MESSAGE][PASSED] - Text 'Test Card Holder' has been set to element 'Object Repository/SCM Mobile/PreLoginPayBill/Name On Credit Card TextBox'

2017-08-24 11:15:42 - [TEST_STEP][PASSED] - hideKeyboard: Keyboard is hidden

2017-08-24 11:15:47 - [MESSAGE][PASSED] - Keyboard is hidden

2017-08-24 11:15:47 - [TEST_STEP][PASSED] - setText: Text '5454545454545454' has been set to element 'Object Repository/SCM Mobile/PreLoginPayBill/Credit Card Number'

2017-08-24 11:15:55 - [MESSAGE][PASSED] - Text '5454545454545454' has been set to element 'Object Repository/SCM Mobile/PreLoginPayBill/Credit Card Number'

2017-08-24 11:15:55 - [TEST_STEP][PASSED] - hideKeyboard: Keyboard is hidden

2017-08-24 11:16:00 - [MESSAGE][PASSED] - Keyboard is hidden

2017-08-24 11:16:00 - [TEST_STEP][PASSED] - tap: Tapped on element 'Object Repository/SCM Mobile/PreLoginPayBill/Credit Card Expiry Calendar'

2017-08-24 11:16:01 - [MESSAGE][PASSED] - Tapped on element 'Object Repository/SCM Mobile/PreLoginPayBill/Credit Card Expiry Calendar'

2017-08-24 11:16:01 - [TEST_STEP][PASSED] - tap: Tapped on element 'Object Repository/SCM Mobile/PreLoginPayBill/Credit Card Calendar Ok Button'

2017-08-24 11:16:03 - [MESSAGE][PASSED] - Tapped on element 'Object Repository/SCM Mobile/PreLoginPayBill/Credit Card Calendar Ok Button'

2017-08-24 11:16:03 - [TEST_STEP][PASSED] - setText: Text '123' has been set to element 'Object Repository/SCM Mobile/PreLoginPayBill/Credit Card Security Code TextBox'

2017-08-24 11:16:15 - [MESSAGE][PASSED] - Text '123' has been set to element 'Object Repository/SCM Mobile/PreLoginPayBill/Credit Card Security Code TextBox'

2017-08-24 11:16:15 - [TEST_STEP][PASSED] - hideKeyboard: Keyboard is hidden

2017-08-24 11:16:19 - [MESSAGE][PASSED] - Keyboard is hidden

2017-08-24 11:16:19 - [TEST_STEP][PASSED] - tap: Tapped on element 'Object Repository/SCM Mobile/PreLoginPayBill/Pay Bill Button'

2017-08-24 11:16:20 - [MESSAGE][PASSED] - Tapped on element 'Object Repository/SCM Mobile/PreLoginPayBill/Pay Bill Button'

2017-08-24 11:16:20 - [TEST_STEP][PASSED] - delay: Delayed 40 second(s)

2017-08-24 11:17:00 - [MESSAGE][PASSED] - Delayed 40 second(s)

2017-08-24 11:17:00 - [TEST_STEP][PASSED] - Statement - messageText = com.kms.katalon.core.mobile.keyword.MobileBuiltInKeywords.getAttribute(com.kms.katalon.core.testobject.ObjectRepository.findTestObject(SCM Mobile/PreLoginPayBill/Payment Successful Text), "text", 5, CONTINUE_ON_FAILURE): Element 'Object Repository/SCM Mobile/PreLoginPayBill/Payment Successful Text' has attribute 'text' is 'Payment Successful!'

2017-08-24 11:17:00 - [MESSAGE][PASSED] - Element 'Object Repository/SCM Mobile/PreLoginPayBill/Payment Successful Text' has attribute 'text' is 'Payment Successful!'

2017-08-24 11:17:00 - [TEST_STEP][PASSED] - Statement - transactionId = com.kms.katalon.core.mobile.keyword.MobileBuiltInKeywords.getAttribute(com.kms.katalon.core.testobject.ObjectRepository.findTestObject(SCM Mobile/PreLoginPayBill/Transaction Id Text), "text", 5, CONTINUE_ON_FAILURE): Element 'Object Repository/SCM Mobile/PreLoginPayBill/Transaction Id Text' has attribute 'text' is 'Transaction ID: 40006008049'

2017-08-24 11:17:00 - [MESSAGE][PASSED] - Element 'Object Repository/SCM Mobile/PreLoginPayBill/Transaction Id Text' has attribute 'text' is 'Transaction ID: 40006008049'

2017-08-24 11:17:00 - [TEST_STEP][PASSED] - Statement - If (messageText.equals(null)): null

2017-08-24 11:17:00 - [TEST_STEP][PASSED] - Statement - Else: null

2017-08-24 11:17:00 - [TEST_STEP][PASSED] - Statement - If (messageText.equals("Payment Successful!")): null

2017-08-24 11:17:00 - [TEST_STEP][PASSED] - Statement - out.println("One Time Payment Successful, Transaction Id is : " + transactionId): null

2017-08-24 11:17:00 - [TEST_STEP][PASSED] - tap: Tapped on element 'Object Repository/SCM Mobile/PreLoginPayBill/Ok Button'

2017-08-24 11:17:00 - [MESSAGE][PASSED] - Tapped on element 'Object Repository/SCM Mobile/PreLoginPayBill/Ok Button']]></system-out>
         <system-err><![CDATA[]]></system-err>
      </testcase>
      <testcase name="Test Cases/LogIn" classname="Test Cases/LogIn" status="PASSED">
         <system-out><![CDATA[2017-08-24 11:17:00 - [TEST_CASE][PASSED] - Test Cases/LogIn: Test Cases/LogIn

2017-08-24 11:17:01 - [TEST_STEP][PASSED] - delay: Delayed 30 second(s)

2017-08-24 11:17:31 - [MESSAGE][PASSED] - Delayed 30 second(s)

2017-08-24 11:17:31 - [TEST_STEP][PASSED] - setText: Text 'demo' has been set to element 'Object Repository/SCM Mobile/LogIn/UserName TextBox'

2017-08-24 11:17:40 - [MESSAGE][PASSED] - Text 'demo' has been set to element 'Object Repository/SCM Mobile/LogIn/UserName TextBox'

2017-08-24 11:17:40 - [TEST_STEP][PASSED] - setText: Text 'Smart@2017Demo' has been set to element 'Object Repository/SCM Mobile/LogIn/Password TextBox'

2017-08-24 11:17:54 - [MESSAGE][PASSED] - Text 'Smart@2017Demo' has been set to element 'Object Repository/SCM Mobile/LogIn/Password TextBox'

2017-08-24 11:17:54 - [TEST_STEP][PASSED] - tap: Tapped on element 'Object Repository/SCM Mobile/LogIn/SignIn Button'

2017-08-24 11:17:55 - [MESSAGE][PASSED] - Tapped on element 'Object Repository/SCM Mobile/LogIn/SignIn Button']]></system-out>
         <system-err><![CDATA[]]></system-err>
      </testcase>
      <testcase name="Test Cases/LandingPage" classname="Test Cases/LandingPage" status="PASSED">
         <system-out><![CDATA[2017-08-24 11:17:55 - [TEST_CASE][PASSED] - Test Cases/LandingPage: Test Cases/LandingPage

2017-08-24 11:17:56 - [TEST_STEP][PASSED] - delay: Delayed 50 second(s)

2017-08-24 11:18:46 - [MESSAGE][PASSED] - Delayed 50 second(s)

2017-08-24 11:18:46 - [TEST_STEP][PASSED] - Statement - driver = com.kms.katalon.core.mobile.keyword.internal.MobileDriverFactory.getDriver(): null

2017-08-24 11:18:46 - [TEST_STEP][PASSED] - Statement - If (driver.findElementById("com.sus.scm_mobile:id/viewSkip").isDisplayed() == true): null

2017-08-24 11:18:46 - [TEST_STEP][PASSED] - Statement - driver.findElementById("com.sus.scm_mobile:id/viewSkip").click(): null

2017-08-24 11:18:47 - [TEST_STEP][PASSED] - delay: Delayed 20 second(s)

2017-08-24 11:19:07 - [MESSAGE][PASSED] - Delayed 20 second(s)

2017-08-24 11:19:07 - [TEST_STEP][PASSED] - Statement - out.println("User First Time Logged in the Application"): null

2017-08-24 11:19:07 - [TEST_STEP][PASSED] - Statement - Try: null

2017-08-24 11:19:07 - [TEST_STEP][PASSED] - Statement - ls = driver.findElementsByClassName("android.widget.TextView"): null

2017-08-24 11:19:08 - [TEST_STEP][PASSED] - Statement - println("Below are the Tabs available on the Dashboard : "): null

2017-08-24 11:19:08 - [TEST_STEP][PASSED] - Statement - For ([index = 0, index < ls.size(), (index++)]): null

2017-08-24 11:19:08 - [TEST_STEP][PASSED] - Statement - println(ls.get(index).getText()): null

2017-08-24 11:19:08 - [TEST_STEP][PASSED] - Statement - println(ls.get(index).getText()): null

2017-08-24 11:19:08 - [TEST_STEP][PASSED] - Statement - println(ls.get(index).getText()): null

2017-08-24 11:19:08 - [TEST_STEP][PASSED] - Statement - println(ls.get(index).getText()): null

2017-08-24 11:19:08 - [TEST_STEP][PASSED] - Statement - println(ls.get(index).getText()): null

2017-08-24 11:19:08 - [TEST_STEP][PASSED] - Statement - println(ls.get(index).getText()): null

2017-08-24 11:19:08 - [TEST_STEP][PASSED] - Statement - println(ls.get(index).getText()): null

2017-08-24 11:19:08 - [TEST_STEP][PASSED] - Statement - println(ls.get(index).getText()): null

2017-08-24 11:19:08 - [TEST_STEP][PASSED] - Statement - println(ls.get(index).getText()): null

2017-08-24 11:19:09 - [TEST_STEP][PASSED] - Statement - println(ls.get(index).getText()): null

2017-08-24 11:19:09 - [TEST_STEP][PASSED] - Statement - println(ls.get(index).getText()): null

2017-08-24 11:19:09 - [TEST_STEP][PASSED] - Statement - println(ls.get(index).getText()): null]]></system-out>
         <system-err><![CDATA[]]></system-err>
      </testcase>
      <testcase name="Test Cases/My Account" classname="Test Cases/My Account" status="PASSED">
         <system-out><![CDATA[2017-08-24 11:19:09 - [TEST_CASE][PASSED] - Test Cases/My Account: Test Cases/My Account

2017-08-24 11:19:09 - [TEST_STEP][PASSED] - Statement - messageText = null: null

2017-08-24 11:19:09 - [TEST_STEP][PASSED] - Statement - If (com.kms.katalon.core.mobile.keyword.MobileBuiltInKeywords.verifyElementVisible(com.kms.katalon.core.testobject.ObjectRepository.findTestObject(SCM Mobile/LandingPage/My Account Menu), 3, CONTINUE_ON_FAILURE) == false): Element 'Object Repository/SCM Mobile/LandingPage/My Account Menu' is visible

2017-08-24 11:19:10 - [MESSAGE][PASSED] - Element 'Object Repository/SCM Mobile/LandingPage/My Account Menu' is visible

2017-08-24 11:19:10 - [TEST_STEP][PASSED] - Statement - Else: Delayed 10 second(s)

2017-08-24 11:19:10 - [TEST_STEP][PASSED] - tap: Tapped on element 'Object Repository/SCM Mobile/LandingPage/My Account Menu'

2017-08-24 11:19:11 - [MESSAGE][PASSED] - Tapped on element 'Object Repository/SCM Mobile/LandingPage/My Account Menu'

2017-08-24 11:19:11 - [TEST_STEP][PASSED] - Statement - driver = com.kms.katalon.core.mobile.keyword.internal.MobileDriverFactory.getDriver(): null

2017-08-24 11:19:11 - [TEST_STEP][PASSED] - Statement - ls = driver.findElementsByClassName("android.widget.TextView"): null

2017-08-24 11:19:14 - [TEST_STEP][PASSED] - Statement - println(ls.size()): null

2017-08-24 11:19:14 - [TEST_STEP][PASSED] - delay: Delayed 20 second(s)

2017-08-24 11:19:34 - [MESSAGE][PASSED] - Delayed 20 second(s)

2017-08-24 11:19:34 - [TEST_STEP][PASSED] - Statement - For ([index = 0, index < ls.size(), (index++)]): null

2017-08-24 11:19:34 - [TEST_STEP][PASSED] - Statement - If (ls.get(index).getText().equals("Profile")): null

2017-08-24 11:19:34 - [TEST_STEP][PASSED] - Statement - If (ls.get(index).getText().equals("Profile")): null

2017-08-24 11:19:34 - [TEST_STEP][PASSED] - Statement - If (ls.get(index).getText().equals("Profile")): Delayed 10 second(s)

2017-08-24 11:19:34 - [TEST_STEP][PASSED] - Comment - "Veryfing My Account - Profile": null

2017-08-24 11:19:34 - [TEST_STEP][PASSED] - tap: Tapped on element 'Object Repository/SCM Mobile/My Account/Profile/My Account - Profile Menu'

2017-08-24 11:19:35 - [MESSAGE][PASSED] - Tapped on element 'Object Repository/SCM Mobile/My Account/Profile/My Account - Profile Menu'

2017-08-24 11:19:35 - [TEST_STEP][PASSED] - delay: Delayed 50 second(s)

2017-08-24 11:20:25 - [MESSAGE][PASSED] - Delayed 50 second(s)

2017-08-24 11:20:25 - [TEST_STEP][PASSED] - clearText: Element 'Object Repository/SCM Mobile/My Account/Profile/My Account - Profile - Alternate Number Text Box' text is cleared

2017-08-24 11:20:28 - [MESSAGE][PASSED] - Element 'Object Repository/SCM Mobile/My Account/Profile/My Account - Profile - Alternate Number Text Box' text is cleared

2017-08-24 11:20:28 - [TEST_STEP][PASSED] - setText: Text '999-999-9999' has been set to element 'Object Repository/SCM Mobile/My Account/Profile/My Account - Profile - Alternate Number Text Box'

2017-08-24 11:20:39 - [MESSAGE][PASSED] - Text '999-999-9999' has been set to element 'Object Repository/SCM Mobile/My Account/Profile/My Account - Profile - Alternate Number Text Box'

2017-08-24 11:20:39 - [TEST_STEP][PASSED] - hideKeyboard: Keyboard is hidden

2017-08-24 11:20:43 - [MESSAGE][PASSED] - Keyboard is hidden

2017-08-24 11:20:43 - [TEST_STEP][PASSED] - tap: Tapped on element 'Object Repository/SCM Mobile/My Account/Profile/My Account - Profile - Save Button'

2017-08-24 11:20:44 - [MESSAGE][PASSED] - Tapped on element 'Object Repository/SCM Mobile/My Account/Profile/My Account - Profile - Save Button'

2017-08-24 11:20:44 - [TEST_STEP][PASSED] - Statement - messageText = com.kms.katalon.core.mobile.keyword.MobileBuiltInKeywords.getAttribute(com.kms.katalon.core.testobject.ObjectRepository.findTestObject(SCM Mobile/My Account/Profile/My Account - Profile - Profile Updation Message Text), "text", 15, CONTINUE_ON_FAILURE): Element 'Object Repository/SCM Mobile/My Account/Profile/My Account - Profile - Profile Updation Message Text' has attribute 'text' is 'Your Profile has been updated successfully.'

2017-08-24 11:20:46 - [MESSAGE][PASSED] - Element 'Object Repository/SCM Mobile/My Account/Profile/My Account - Profile - Profile Updation Message Text' has attribute 'text' is 'Your Profile has been updated successfully.'

2017-08-24 11:20:46 - [TEST_STEP][PASSED] - Statement - If (messageText.equals("Your Profile has been updated successfully.")): null

2017-08-24 11:20:46 - [TEST_STEP][PASSED] - Statement - out.println("Account Update Message Text is matching with the Expeced Text"): null

2017-08-24 11:20:46 - [TEST_STEP][PASSED] - tap: Tapped on element 'Object Repository/SCM Mobile/My Account/Profile/My Account - Profile - Ok Button'

2017-08-24 11:20:46 - [MESSAGE][PASSED] - Tapped on element 'Object Repository/SCM Mobile/My Account/Profile/My Account - Profile - Ok Button'

2017-08-24 11:20:46 - [TEST_STEP][PASSED] - pressBack: Press back button successfully

2017-08-24 11:20:47 - [MESSAGE][PASSED] - Press back button successfully

2017-08-24 11:20:47 - [TEST_STEP][PASSED] - delay: Delayed 10 second(s)

2017-08-24 11:20:57 - [MESSAGE][PASSED] - Delayed 10 second(s)

2017-08-24 11:20:57 - [TEST_STEP][PASSED] - Statement - If (ls.get(index).getText().equals("Profile")): null

2017-08-24 11:20:58 - [TEST_STEP][PASSED] - Statement - If (ls.get(index).getText().equals("Profile")): null

2017-08-24 11:20:58 - [TEST_STEP][PASSED] - Statement - If (ls.get(index).getText().equals("Profile")): null

2017-08-24 11:20:58 - [TEST_STEP][PASSED] - Statement - If (ls.get(index).getText().equals("Profile")): null

2017-08-24 11:20:58 - [TEST_STEP][PASSED] - Statement - If (ls.get(index).getText().equals("Profile")): null

2017-08-24 11:20:58 - [TEST_STEP][PASSED] - Statement - If (ls.get(index).getText().equals("Profile")): null

2017-08-24 11:20:59 - [TEST_STEP][PASSED] - Statement - If (ls.get(index).getText().equals("Profile")): null

2017-08-24 11:20:59 - [TEST_STEP][PASSED] - Statement - If (ls.get(index).getText().equals("Profile")): null

2017-08-24 11:20:59 - [TEST_STEP][PASSED] - Statement - If (ls.get(index).getText().equals("Profile")): null

2017-08-24 11:21:00 - [TEST_STEP][PASSED] - Statement - If (ls.get(index).getText().equals("Profile")): null

2017-08-24 11:21:00 - [TEST_STEP][PASSED] - Statement - If (ls.get(index).getText().equals("Profile")): null

2017-08-24 11:21:00 - [TEST_STEP][PASSED] - Statement - If (ls.get(index).getText().equals("Profile")): null

2017-08-24 11:21:00 - [TEST_STEP][PASSED] - Statement - If (ls.get(index).getText().equals("Profile")): null

2017-08-24 11:21:01 - [TEST_STEP][PASSED] - Statement - If (ls.get(index).getText().equals("Profile")): null

2017-08-24 11:21:01 - [TEST_STEP][PASSED] - pressBack: Press back button successfully

2017-08-24 11:21:01 - [MESSAGE][PASSED] - Press back button successfully

2017-08-24 11:21:01 - [TEST_STEP][PASSED] - delay: Delayed 10 second(s)

2017-08-24 11:21:11 - [MESSAGE][PASSED] - Delayed 10 second(s)]]></system-out>
         <system-err><![CDATA[]]></system-err>
      </testcase>
      <testcase name="Test Cases/Billing" classname="Test Cases/Billing" status="FAILED">
         <failure type="FAILED" message="Element 'Object Repository/SCM Mobile/LandingPage/Billing Menu' not found"/>
         <system-out><![CDATA[2017-08-24 11:21:11 - [TEST_CASE][FAILED] - Test Cases/Billing: Test Cases/Billing FAILED because (of) Element 'Object Repository/SCM Mobile/LandingPage/Billing Menu' not found

2017-08-24 11:21:12 - [TEST_STEP][PASSED] - Statement - messageText = null: null

2017-08-24 11:21:12 - [TEST_STEP][PASSED] - delay: Delayed 50 second(s)

2017-08-24 11:22:02 - [MESSAGE][PASSED] - Delayed 50 second(s)

2017-08-24 11:22:02 - [TEST_STEP][FAILED] - Statement - If (com.kms.katalon.core.mobile.keyword.MobileBuiltInKeywords.verifyElementVisible(com.kms.katalon.core.testobject.ObjectRepository.findTestObject(SCM Mobile/LandingPage/Billing Menu), 3, CONTINUE_ON_FAILURE) == false): null

2017-08-24 11:22:05 - [MESSAGE][FAILED] - Element 'Object Repository/SCM Mobile/LandingPage/Billing Menu' not found

2017-08-24 11:22:05 - [TEST_STEP][PASSED] - Statement - out.println("Billing is not displayed in the Dashboard/Landing Page"): null]]></system-out>
         <system-err><![CDATA[2017-08-24 11:21:11 - [TEST_CASE][FAILED] - Test Cases/Billing: Test Cases/Billing FAILED because (of) Element 'Object Repository/SCM Mobile/LandingPage/Billing Menu' not found]]></system-err>
      </testcase>
      <testcase name="Test Cases/Usage" classname="Test Cases/Usage" status="FAILED">
         <failure type="FAILED" message="Element 'Object Repository/SCM Mobile/LandingPage/Usage Menu' not found"/>
         <system-out><![CDATA[2017-08-24 11:22:05 - [TEST_CASE][FAILED] - Test Cases/Usage: Test Cases/Usage FAILED because (of) Element 'Object Repository/SCM Mobile/LandingPage/Usage Menu' not found

2017-08-24 11:22:05 - [TEST_STEP][PASSED] - Statement - messageText = null: null

2017-08-24 11:22:05 - [TEST_STEP][PASSED] - delay: Delayed 50 second(s)

2017-08-24 11:22:55 - [MESSAGE][PASSED] - Delayed 50 second(s)

2017-08-24 11:22:55 - [TEST_STEP][FAILED] - Statement - If (com.kms.katalon.core.mobile.keyword.MobileBuiltInKeywords.verifyElementVisible(com.kms.katalon.core.testobject.ObjectRepository.findTestObject(SCM Mobile/LandingPage/Usage Menu), 3, CONTINUE_ON_FAILURE) == false): null

2017-08-24 11:22:58 - [MESSAGE][FAILED] - Element 'Object Repository/SCM Mobile/LandingPage/Usage Menu' not found

2017-08-24 11:22:58 - [TEST_STEP][PASSED] - Statement - out.println("Usage is not displayed in the Dashboard/Landing Page"): null]]></system-out>
         <system-err><![CDATA[2017-08-24 11:22:05 - [TEST_CASE][FAILED] - Test Cases/Usage: Test Cases/Usage FAILED because (of) Element 'Object Repository/SCM Mobile/LandingPage/Usage Menu' not found]]></system-err>
      </testcase>
      <testcase name="Test Cases/Outages" classname="Test Cases/Outages" status="FAILED">
         <failure type="FAILED" message="Element 'Object Repository/SCM Mobile/LandingPage/Outages Menu' not found"/>
         <system-out><![CDATA[2017-08-24 11:22:58 - [TEST_CASE][FAILED] - Test Cases/Outages: Test Cases/Outages FAILED because (of) Element 'Object Repository/SCM Mobile/LandingPage/Outages Menu' not found

2017-08-24 11:22:59 - [TEST_STEP][PASSED] - Statement - sOutageTitleOnListOutagesPage = null: null

2017-08-24 11:22:59 - [TEST_STEP][PASSED] - Statement - sOutageTitleOnOutagesDetailsPage = null: null

2017-08-24 11:22:59 - [TEST_STEP][PASSED] - Statement - bResult = false: null

2017-08-24 11:22:59 - [TEST_STEP][PASSED] - delay: Delayed 50 second(s)

2017-08-24 11:23:49 - [MESSAGE][PASSED] - Delayed 50 second(s)

2017-08-24 11:23:49 - [TEST_STEP][FAILED] - Statement - If (com.kms.katalon.core.mobile.keyword.MobileBuiltInKeywords.verifyElementVisible(com.kms.katalon.core.testobject.ObjectRepository.findTestObject(SCM Mobile/LandingPage/Outages Menu), 3, CONTINUE_ON_FAILURE) == false): null

2017-08-24 11:23:52 - [MESSAGE][FAILED] - Element 'Object Repository/SCM Mobile/LandingPage/Outages Menu' not found

2017-08-24 11:23:52 - [TEST_STEP][PASSED] - Statement - out.println("Outages is not displayed in the Dashboard/Landing Page"): null

2017-08-24 11:23:52 - [TEST_STEP][PASSED] - Statement - If (bResult == true): null]]></system-out>
         <system-err><![CDATA[2017-08-24 11:22:58 - [TEST_CASE][FAILED] - Test Cases/Outages: Test Cases/Outages FAILED because (of) Element 'Object Repository/SCM Mobile/LandingPage/Outages Menu' not found]]></system-err>
      </testcase>
      <testcase name="Test Cases/Notifications" classname="Test Cases/Notifications" status="FAILED">
         <failure type="FAILED" message="Element 'Object Repository/SCM Mobile/LandingPage/Notifications Menu' not found"/>
         <system-out><![CDATA[2017-08-24 11:23:52 - [TEST_CASE][FAILED] - Test Cases/Notifications: Test Cases/Notifications FAILED because (of) Element 'Object Repository/SCM Mobile/LandingPage/Notifications Menu' not found

2017-08-24 11:23:52 - [TEST_STEP][PASSED] - Statement - messageText = null: null

2017-08-24 11:23:52 - [TEST_STEP][PASSED] - delay: Delayed 50 second(s)

2017-08-24 11:24:42 - [MESSAGE][PASSED] - Delayed 50 second(s)

2017-08-24 11:24:42 - [TEST_STEP][FAILED] - Statement - If (com.kms.katalon.core.mobile.keyword.MobileBuiltInKeywords.verifyElementVisible(com.kms.katalon.core.testobject.ObjectRepository.findTestObject(SCM Mobile/LandingPage/Notifications Menu), 3, CONTINUE_ON_FAILURE) == false): null

2017-08-24 11:24:45 - [MESSAGE][FAILED] - Element 'Object Repository/SCM Mobile/LandingPage/Notifications Menu' not found

2017-08-24 11:24:45 - [TEST_STEP][PASSED] - Statement - out.println("Notifications is not displayed in the Dashboard/Landing Page"): null]]></system-out>
         <system-err><![CDATA[2017-08-24 11:23:52 - [TEST_CASE][FAILED] - Test Cases/Notifications: Test Cases/Notifications FAILED because (of) Element 'Object Repository/SCM Mobile/LandingPage/Notifications Menu' not found]]></system-err>
      </testcase>
      <testcase name="Test Cases/Compare" classname="Test Cases/Compare" status="FAILED">
         <failure type="FAILED" message="Element 'Object Repository/SCM Mobile/LandingPage/Compare Menu' not found"/>
         <system-out><![CDATA[2017-08-24 11:24:45 - [TEST_CASE][FAILED] - Test Cases/Compare: Test Cases/Compare FAILED because (of) Element 'Object Repository/SCM Mobile/LandingPage/Compare Menu' not found

2017-08-24 11:24:46 - [TEST_STEP][PASSED] - delay: Delayed 50 second(s)

2017-08-24 11:25:36 - [MESSAGE][PASSED] - Delayed 50 second(s)

2017-08-24 11:25:36 - [TEST_STEP][PASSED] - swipe: Swiped from 800,1,615 to 400,1,615

2017-08-24 11:25:36 - [MESSAGE][PASSED] - Swiped from 800,1,615 to 400,1,615

2017-08-24 11:25:36 - [TEST_STEP][FAILED] - Statement - If (com.kms.katalon.core.mobile.keyword.MobileBuiltInKeywords.verifyElementVisible(com.kms.katalon.core.testobject.ObjectRepository.findTestObject(SCM Mobile/LandingPage/Compare Menu), 3, CONTINUE_ON_FAILURE) == false): null

2017-08-24 11:25:39 - [MESSAGE][FAILED] - Element 'Object Repository/SCM Mobile/LandingPage/Compare Menu' not found

2017-08-24 11:25:39 - [TEST_STEP][PASSED] - Statement - out.println("Compare is not displayed in the Dashboard/Landing Page"): null]]></system-out>
         <system-err><![CDATA[2017-08-24 11:24:45 - [TEST_CASE][FAILED] - Test Cases/Compare: Test Cases/Compare FAILED because (of) Element 'Object Repository/SCM Mobile/LandingPage/Compare Menu' not found]]></system-err>
      </testcase>
      <testcase name="Test Cases/Electric Vehicle" classname="Test Cases/Electric Vehicle" status="FAILED">
         <failure type="FAILED" message="Element 'Object Repository/SCM Mobile/LandingPage/EV Menu' not found"/>
         <system-out><![CDATA[2017-08-24 11:25:40 - [TEST_CASE][FAILED] - Test Cases/Electric Vehicle: Test Cases/Electric Vehicle FAILED because (of) Element 'Object Repository/SCM Mobile/LandingPage/EV Menu' not found

2017-08-24 11:25:40 - [TEST_STEP][PASSED] - Statement - messageText = null: null

2017-08-24 11:25:40 - [TEST_STEP][PASSED] - Statement - bResult = false: null

2017-08-24 11:25:40 - [TEST_STEP][PASSED] - Statement - bResult1 = true: null

2017-08-24 11:25:40 - [TEST_STEP][PASSED] - Statement - sCar = null: null

2017-08-24 11:25:40 - [TEST_STEP][FAILED] - Statement - If (com.kms.katalon.core.mobile.keyword.MobileBuiltInKeywords.verifyElementVisible(com.kms.katalon.core.testobject.ObjectRepository.findTestObject(SCM Mobile/LandingPage/EV Menu), 3, CONTINUE_ON_FAILURE) == false): null

2017-08-24 11:25:43 - [MESSAGE][FAILED] - Element 'Object Repository/SCM Mobile/LandingPage/EV Menu' not found

2017-08-24 11:25:43 - [TEST_STEP][PASSED] - Statement - out.println("EV is not displayed in the Dashboard/Landing Page"): null]]></system-out>
         <system-err><![CDATA[2017-08-24 11:25:40 - [TEST_CASE][FAILED] - Test Cases/Electric Vehicle: Test Cases/Electric Vehicle FAILED because (of) Element 'Object Repository/SCM Mobile/LandingPage/EV Menu' not found]]></system-err>
      </testcase>
      <system-out><![CDATA[2017-08-24 11:10:50 - [TEST_SUITE][FAILED] - Mobile Automation Test Suite: Test Cases/Billing FAILED because (of) Element 'Object Repository/SCM Mobile/LandingPage/Billing Menu' not found]]></system-out>
      <system-err><![CDATA[2017-08-24 11:10:50 - [TEST_SUITE][FAILED] - Mobile Automation Test Suite: Test Cases/Billing FAILED because (of) Element 'Object Repository/SCM Mobile/LandingPage/Billing Menu' not found]]></system-err>
   </testsuite>
</testsuites>
